2026-04-01 01:50:13,073 | INFO | testing.compare_dl_vs_csd | ================================================================================
2026-04-01 01:50:13,075 | INFO | testing.compare_dl_vs_csd | Starting DL vs CSD comparison
2026-04-01 01:50:13,078 | INFO | testing.compare_dl_vs_csd | ================================================================================
2026-04-01 01:50:13,080 | INFO | testing.compare_dl_vs_csd | DL run dir           : results/testing/cnn_lstm_ts_500_acc_to_pangaea_923197
2026-04-01 01:50:13,082 | INFO | testing.compare_dl_vs_csd | CSD run dir          : results/testing_csd/csd_pangaea_923197
2026-04-01 01:50:13,083 | INFO | testing.compare_dl_vs_csd | Positive class index : 1
2026-04-01 01:50:13,087 | INFO | testing.compare_dl_vs_csd | Positive class name  : None
2026-04-01 01:50:13,089 | INFO | testing.compare_dl_vs_csd | Neutral label        : 0
2026-04-01 01:50:13,093 | INFO | testing.compare_dl_vs_csd | Run directory        : results/comparison/compare_cnn_lstm_ts_500_acc_to_pangaea_923197_vs_csd_pangaea_923197
2026-04-01 01:50:13,095 | INFO | testing.compare_dl_vs_csd | --------------------------------------------------------------------------------
2026-04-01 01:50:13,097 | INFO | testing.compare_dl_vs_csd | [1/3] Preparing merged comparison dataframe
2026-04-01 01:50:13,099 | INFO | testing.compare_dl_vs_csd | --------------------------------------------------------------------------------
2026-04-01 01:50:13,112 | INFO | testing.compare_dl_vs_csd | Merged rows         : 15
2026-04-01 01:50:13,114 | INFO | testing.compare_dl_vs_csd | Merged series count : 15
2026-04-01 01:50:13,116 | INFO | testing.compare_dl_vs_csd | Positive prob col   : prob_class_1
2026-04-01 01:50:13,117 | INFO | testing.compare_dl_vs_csd | --------------------------------------------------------------------------------
2026-04-01 01:50:13,118 | INFO | testing.compare_dl_vs_csd | [2/3] ROC / AUC computation
2026-04-01 01:50:13,120 | INFO | testing.compare_dl_vs_csd | --------------------------------------------------------------------------------
2026-04-01 01:50:13,122 | WARNING | testing.compare_dl_vs_csd | Skipping ROC for DL because no valid rows were found.
2026-04-01 01:50:13,124 | WARNING | testing.compare_dl_vs_csd | Skipping ROC for Variance Kendall tau because no valid rows were found.
2026-04-01 01:50:13,126 | WARNING | testing.compare_dl_vs_csd | Skipping ROC for Lag-1 AC Kendall tau because no valid rows were found.
2026-04-01 01:50:13,128 | INFO | testing.compare_dl_vs_csd | ROC/AUC skipped because valid binary labels were not available.
2026-04-01 01:50:13,129 | INFO | testing.compare_dl_vs_csd | --------------------------------------------------------------------------------
2026-04-01 01:50:13,131 | INFO | testing.compare_dl_vs_csd | [3/3] Optional per-series combined plots
2026-04-01 01:50:13,132 | INFO | testing.compare_dl_vs_csd | --------------------------------------------------------------------------------
2026-04-01 01:50:13,146 | DEBUG | matplotlib.pyplot | Loaded backend agg version v2.2.
2026-04-01 01:50:13,150 | DEBUG | matplotlib.font_manager | findfont: Matching sans\-serif:style=normal:variant=normal:weight=normal:stretch=normal:size=10.0.
2026-04-01 01:50:13,153 | DEBUG | matplotlib.font_manager | findfont: score(FontEntry(fname='/home/s466553/Master_thesis/myenv/lib/python3.13/site-packages/matplotlib/mpl-data/fonts/ttf/DejaVuSerif.ttf', name='DejaVu Serif', style='normal', variant='normal', weight=400, stretch='normal', size='scalable')) = 10.05
2026-04-01 01:50:13,157 | DEBUG | matplotlib.font_manager | findfont: score(FontEntry(fname='/home/s466553/Master_thesis/myenv/lib/python3.13/site-packages/matplotlib/mpl-data/fonts/ttf/DejaVuSerifDisplay.ttf', name='DejaVu Serif Display', style='normal', variant='normal', weight=400, stretch='normal', size='scalable')) = 10.05
2026-04-01 01:50:13,159 | DEBUG | matplotlib.font_manager | findfont: score(FontEntry(fname='/home/s466553/Master_thesis/myenv/lib/python3.13/site-packages/matplotlib/mpl-data/fonts/ttf/DejaVuSansMono-Bold.ttf', name='DejaVu Sans Mono', style='normal', variant='normal', weight=700, stretch='normal', size='scalable')) = 10.335
2026-04-01 01:50:13,160 | DEBUG | matplotlib.font_manager | findfont: score(FontEntry(fname='/home/s466553/Master_thesis/myenv/lib/python3.13/site-packages/matplotlib/mpl-data/fonts/ttf/STIXNonUniBolIta.ttf', name='STIXNonUnicode', style='italic', variant='normal', weight=700, stretch='normal', size='scalable')) = 11.335
2026-04-01 01:50:13,162 | DEBUG | matplotlib.font_manager | findfont: score(FontEntry(fname='/home/s466553/Master_thesis/myenv/lib/python3.13/site-packages/matplotlib/mpl-data/fonts/ttf/DejaVuSansDisplay.ttf', name='DejaVu Sans Display', style='normal', variant='normal', weight=400, stretch='normal', size='scalable')) = 10.05
2026-04-01 01:50:13,165 | DEBUG | matplotlib.font_manager | findfont: score(FontEntry(fname='/home/s466553/Master_thesis/myenv/lib/python3.13/site-packages/matplotlib/mpl-data/fonts/ttf/STIXSizFourSymBol.ttf', name='STIXSizeFourSym', style='normal', variant='normal', weight=700, stretch='normal', size='scalable')) = 10.335
2026-04-01 01:50:13,166 | DEBUG | matplotlib.font_manager | findfont: score(FontEntry(fname='/home/s466553/Master_thesis/myenv/lib/python3.13/site-packages/matplotlib/mpl-data/fonts/ttf/DejaVuSerif-Italic.ttf', name='DejaVu Serif', style='italic', variant='normal', weight=400, stretch='normal', size='scalable')) = 11.05
2026-04-01 01:50:13,168 | DEBUG | matplotlib.font_manager | findfont: score(FontEntry(fname='/home/s466553/Master_thesis/myenv/lib/python3.13/site-packages/matplotlib/mpl-data/fonts/ttf/STIXSizFourSymReg.ttf', name='STIXSizeFourSym', style='normal', variant='normal', weight=400, stretch='normal', size='scalable')) = 10.05
2026-04-01 01:50:13,170 | DEBUG | matplotlib.font_manager | findfont: score(FontEntry(fname='/home/s466553/Master_thesis/myenv/lib/python3.13/site-packages/matplotlib/mpl-data/fonts/ttf/DejaVuSans-Oblique.ttf', name='DejaVu Sans', style='oblique', variant='normal', weight=400, stretch='normal', size='scalable')) = 1.05
2026-04-01 01:50:13,171 | DEBUG | matplotlib.font_manager | findfont: score(FontEntry(fname='/home/s466553/Master_thesis/myenv/lib/python3.13/site-packages/matplotlib/mpl-data/fonts/ttf/STIXGeneralBol.ttf', name='STIXGeneral', style='normal', variant='normal', weight=700, stretch='normal', size='scalable')) = 10.335
2026-04-01 01:50:13,173 | DEBUG | matplotlib.font_manager | findfont: score(FontEntry(fname='/home/s466553/Master_thesis/myenv/lib/python3.13/site-packages/matplotlib/mpl-data/fonts/ttf/STIXSizOneSymReg.ttf', name='STIXSizeOneSym', style='normal', variant='normal', weight=400, stretch='normal', size='scalable')) = 10.05
2026-04-01 01:50:13,178 | DEBUG | matplotlib.font_manager | findfont: score(FontEntry(fname='/home/s466553/Master_thesis/myenv/lib/python3.13/site-packages/matplotlib/mpl-data/fonts/ttf/DejaVuSans.ttf', name='DejaVu Sans', style='normal', variant='normal', weight=400, stretch='normal', size='scalable')) = 0.05
2026-04-01 01:50:13,180 | DEBUG | matplotlib.font_manager | findfont: score(FontEntry(fname='/home/s466553/Master_thesis/myenv/lib/python3.13/site-packages/matplotlib/mpl-data/fonts/ttf/DejaVuSerif-BoldItalic.ttf', name='DejaVu Serif', style='italic', variant='normal', weight=700, stretch='normal', size='scalable')) = 11.335
2026-04-01 01:50:13,182 | DEBUG | matplotlib.font_manager | findfont: score(FontEntry(fname='/home/s466553/Master_thesis/myenv/lib/python3.13/site-packages/matplotlib/mpl-data/fonts/ttf/STIXSizThreeSymReg.ttf', name='STIXSizeThreeSym', style='normal', variant='normal', weight=400, stretch='normal', size='scalable')) = 10.05
2026-04-01 01:50:13,184 | DEBUG | matplotlib.font_manager | findfont: score(FontEntry(fname='/home/s466553/Master_thesis/myenv/lib/python3.13/site-packages/matplotlib/mpl-data/fonts/ttf/STIXSizTwoSymReg.ttf', name='STIXSizeTwoSym', style='normal', variant='normal', weight=400, stretch='normal', size='scalable')) = 10.05
2026-04-01 01:50:13,186 | DEBUG | matplotlib.font_manager | findfont: score(FontEntry(fname='/home/s466553/Master_thesis/myenv/lib/python3.13/site-packages/matplotlib/mpl-data/fonts/ttf/STIXNonUni.ttf', name='STIXNonUnicode', style='normal', variant='normal', weight=400, stretch='normal', size='scalable')) = 10.05
2026-04-01 01:50:13,188 | DEBUG | matplotlib.font_manager | findfont: score(FontEntry(fname='/home/s466553/Master_thesis/myenv/lib/python3.13/site-packages/matplotlib/mpl-data/fonts/ttf/STIXSizOneSymBol.ttf', name='STIXSizeOneSym', style='normal', variant='normal', weight=700, stretch='normal', size='scalable')) = 10.335
2026-04-01 01:50:13,190 | DEBUG | matplotlib.font_manager | findfont: score(FontEntry(fname='/home/s466553/Master_thesis/myenv/lib/python3.13/site-packages/matplotlib/mpl-data/fonts/ttf/STIXGeneral.ttf', name='STIXGeneral', style='normal', variant='normal', weight=400, stretch='normal', size='scalable')) = 10.05
2026-04-01 01:50:13,191 | DEBUG | matplotlib.font_manager | findfont: score(FontEntry(fname='/home/s466553/Master_thesis/myenv/lib/python3.13/site-packages/matplotlib/mpl-data/fonts/ttf/cmb10.ttf', name='cmb10', style='normal', variant='normal', weight=400, stretch='normal', size='scalable')) = 10.05
2026-04-01 01:50:13,193 | DEBUG | matplotlib.font_manager | findfont: score(FontEntry(fname='/home/s466553/Master_thesis/myenv/lib/python3.13/site-packages/matplotlib/mpl-data/fonts/ttf/cmsy10.ttf', name='cmsy10', style='normal', variant='normal', weight=400, stretch='normal', size='scalable')) = 10.05
2026-04-01 01:50:13,195 | DEBUG | matplotlib.font_manager | findfont: score(FontEntry(fname='/home/s466553/Master_thesis/myenv/lib/python3.13/site-packages/matplotlib/mpl-data/fonts/ttf/DejaVuSansMono.ttf', name='DejaVu Sans Mono', style='normal', variant='normal', weight=400, stretch='normal', size='scalable')) = 10.05
2026-04-01 01:50:13,197 | DEBUG | matplotlib.font_manager | findfont: score(FontEntry(fname='/home/s466553/Master_thesis/myenv/lib/python3.13/site-packages/matplotlib/mpl-data/fonts/ttf/cmex10.ttf', name='cmex10', style='normal', variant='normal', weight=400, stretch='normal', size='scalable')) = 10.05
2026-04-01 01:50:13,198 | DEBUG | matplotlib.font_manager | findfont: score(FontEntry(fname='/home/s466553/Master_thesis/myenv/lib/python3.13/site-packages/matplotlib/mpl-data/fonts/ttf/STIXSizTwoSymBol.ttf', name='STIXSizeTwoSym', style='normal', variant='normal', weight=700, stretch='normal', size='scalable')) = 10.335
2026-04-01 01:50:13,200 | DEBUG | matplotlib.font_manager | findfont: score(FontEntry(fname='/home/s466553/Master_thesis/myenv/lib/python3.13/site-packages/matplotlib/mpl-data/fonts/ttf/DejaVuSans-Bold.ttf', name='DejaVu Sans', style='normal', variant='normal', weight=700, stretch='normal', size='scalable')) = 0.33499999999999996
2026-04-01 01:50:13,202 | DEBUG | matplotlib.font_manager | findfont: score(FontEntry(fname='/home/s466553/Master_thesis/myenv/lib/python3.13/site-packages/matplotlib/mpl-data/fonts/ttf/cmss10.ttf', name='cmss10', style='normal', variant='normal', weight=400, stretch='normal', size='scalable')) = 10.05
2026-04-01 01:50:13,204 | DEBUG | matplotlib.font_manager | findfont: score(FontEntry(fname='/home/s466553/Master_thesis/myenv/lib/python3.13/site-packages/matplotlib/mpl-data/fonts/ttf/DejaVuSansMono-BoldOblique.ttf', name='DejaVu Sans Mono', style='oblique', variant='normal', weight=700, stretch='normal', size='scalable')) = 11.335
2026-04-01 01:50:13,206 | DEBUG | matplotlib.font_manager | findfont: score(FontEntry(fname='/home/s466553/Master_thesis/myenv/lib/python3.13/site-packages/matplotlib/mpl-data/fonts/ttf/DejaVuSansMono-Oblique.ttf', name='DejaVu Sans Mono', style='oblique', variant='normal', weight=400, stretch='normal', size='scalable')) = 11.05
2026-04-01 01:50:13,207 | DEBUG | matplotlib.font_manager | findfont: score(FontEntry(fname='/home/s466553/Master_thesis/myenv/lib/python3.13/site-packages/matplotlib/mpl-data/fonts/ttf/DejaVuSans-BoldOblique.ttf', name='DejaVu Sans', style='oblique', variant='normal', weight=700, stretch='normal', size='scalable')) = 1.335
2026-04-01 01:50:13,209 | DEBUG | matplotlib.font_manager | findfont: score(FontEntry(fname='/home/s466553/Master_thesis/myenv/lib/python3.13/site-packages/matplotlib/mpl-data/fonts/ttf/cmr10.ttf', name='cmr10', style='normal', variant='normal', weight=400, stretch='normal', size='scalable')) = 10.05
2026-04-01 01:50:13,210 | DEBUG | matplotlib.font_manager | findfont: score(FontEntry(fname='/home/s466553/Master_thesis/myenv/lib/python3.13/site-packages/matplotlib/mpl-data/fonts/ttf/STIXGeneralBolIta.ttf', name='STIXGeneral', style='italic', variant='normal', weight=700, stretch='normal', size='scalable')) = 11.335
2026-04-01 01:50:13,211 | DEBUG | matplotlib.font_manager | findfont: score(FontEntry(fname='/home/s466553/Master_thesis/myenv/lib/python3.13/site-packages/matplotlib/mpl-data/fonts/ttf/STIXGeneralItalic.ttf', name='STIXGeneral', style='italic', variant='normal', weight=400, stretch='normal', size='scalable')) = 11.05
2026-04-01 01:50:13,213 | DEBUG | matplotlib.font_manager | findfont: score(FontEntry(fname='/home/s466553/Master_thesis/myenv/lib/python3.13/site-packages/matplotlib/mpl-data/fonts/ttf/STIXNonUniIta.ttf', name='STIXNonUnicode', style='italic', variant='normal', weight=400, stretch='normal', size='scalable')) = 11.05
2026-04-01 01:50:13,214 | DEBUG | matplotlib.font_manager | findfont: score(FontEntry(fname='/home/s466553/Master_thesis/myenv/lib/python3.13/site-packages/matplotlib/mpl-data/fonts/ttf/STIXSizThreeSymBol.ttf', name='STIXSizeThreeSym', style='normal', variant='normal', weight=700, stretch='normal', size='scalable')) = 10.335
2026-04-01 01:50:13,216 | DEBUG | matplotlib.font_manager | findfont: score(FontEntry(fname='/home/s466553/Master_thesis/myenv/lib/python3.13/site-packages/matplotlib/mpl-data/fonts/ttf/STIXNonUniBol.ttf', name='STIXNonUnicode', style='normal', variant='normal', weight=700, stretch='normal', size='scalable')) = 10.335
2026-04-01 01:50:13,218 | DEBUG | matplotlib.font_manager | findfont: score(FontEntry(fname='/home/s466553/Master_thesis/myenv/lib/python3.13/site-packages/matplotlib/mpl-data/fonts/ttf/STIXSizFiveSymReg.ttf', name='STIXSizeFiveSym', style='normal', variant='normal', weight=400, stretch='normal', size='scalable')) = 10.05
2026-04-01 01:50:13,219 | DEBUG | matplotlib.font_manager | findfont: score(FontEntry(fname='/home/s466553/Master_thesis/myenv/lib/python3.13/site-packages/matplotlib/mpl-data/fonts/ttf/cmtt10.ttf', name='cmtt10', style='normal', variant='normal', weight=400, stretch='normal', size='scalable')) = 10.05
2026-04-01 01:50:13,221 | DEBUG | matplotlib.font_manager | findfont: score(FontEntry(fname='/home/s466553/Master_thesis/myenv/lib/python3.13/site-packages/matplotlib/mpl-data/fonts/ttf/cmmi10.ttf', name='cmmi10', style='normal', variant='normal', weight=400, stretch='normal', size='scalable')) = 10.05
2026-04-01 01:50:13,223 | DEBUG | matplotlib.font_manager | findfont: score(FontEntry(fname='/home/s466553/Master_thesis/myenv/lib/python3.13/site-packages/matplotlib/mpl-data/fonts/ttf/DejaVuSerif-Bold.ttf', name='DejaVu Serif', style='normal', variant='normal', weight=700, stretch='normal', size='scalable')) = 10.335
2026-04-01 01:50:13,224 | DEBUG | matplotlib.font_manager | findfont: score(FontEntry(fname='/usr/share/fonts/truetype/liberation/LiberationSansNarrow-BoldItalic.ttf', name='Liberation Sans Narrow', style='italic', variant='normal', weight=700, stretch='condensed', size='scalable')) = 11.535
2026-04-01 01:50:13,226 | DEBUG | matplotlib.font_manager | findfont: score(FontEntry(fname='/usr/share/fonts/truetype/lato/Lato-Black.ttf', name='Lato', style='normal', variant='normal', weight=900, stretch='normal', size='scalable')) = 10.525
2026-04-01 01:50:13,228 | DEBUG | matplotlib.font_manager | findfont: score(FontEntry(fname='/usr/share/fonts/truetype/dejavu/DejaVuMathTeXGyre.ttf', name='DejaVu Math TeX Gyre', style='normal', variant='normal', weight=400, stretch='normal', size='scalable')) = 10.05
2026-04-01 01:50:13,230 | DEBUG | matplotlib.font_manager | findfont: score(FontEntry(fname='/usr/share/fonts/truetype/dejavu/DejaVuSansCondensed-Bold.ttf', name='DejaVu Sans', style='normal', variant='normal', weight=700, stretch='condensed', size='scalable')) = 0.5349999999999999
2026-04-01 01:50:13,232 | DEBUG | matplotlib.font_manager | findfont: score(FontEntry(fname='/usr/share/fonts/truetype/font-awesome/fontawesome-webfont.ttf', name='FontAwesome', style='normal', variant='normal', weight=400, stretch='normal', size='scalable')) = 10.05
2026-04-01 01:50:13,234 | DEBUG | matplotlib.font_manager | findfont: score(FontEntry(fname='/usr/share/fonts/truetype/lato/Lato-SemiboldItalic.ttf', name='Lato', style='italic', variant='normal', weight=600, stretch='normal', size='scalable')) = 11.24
2026-04-01 01:50:13,235 | DEBUG | matplotlib.font_manager | findfont: score(FontEntry(fname='/usr/share/fonts/truetype/lato/Lato-BlackItalic.ttf', name='Lato', style='italic', variant='normal', weight=900, stretch='normal', size='scalable')) = 11.525
2026-04-01 01:50:13,237 | DEBUG | matplotlib.font_manager | findfont: score(FontEntry(fname='/usr/share/fonts/truetype/dejavu/DejaVuSerifCondensed-Bold.ttf', name='DejaVu Serif', style='normal', variant='normal', weight=700, stretch='condensed', size='scalable')) = 10.535
2026-04-01 01:50:13,238 | DEBUG | matplotlib.font_manager | findfont: score(FontEntry(fname='/usr/share/fonts/truetype/dejavu/DejaVuSansCondensed.ttf', name='DejaVu Sans', style='normal', variant='normal', weight=400, stretch='condensed', size='scalable')) = 0.25
2026-04-01 01:50:13,240 | DEBUG | matplotlib.font_manager | findfont: score(FontEntry(fname='/usr/share/fonts/opentype/urw-base35/C059-Roman.otf', name='C059', style='normal', variant='normal', weight=400, stretch='normal', size='scalable')) = 10.05
2026-04-01 01:50:13,242 | DEBUG | matplotlib.font_manager | findfont: score(FontEntry(fname='/usr/share/fonts/truetype/dejavu/DejaVuSansMono.ttf', name='DejaVu Sans Mono', style='normal', variant='normal', weight=400, stretch='normal', size='scalable')) = 10.05
2026-04-01 01:50:13,245 | DEBUG | matplotlib.font_manager | findfont: score(FontEntry(fname='/usr/share/fonts/truetype/liberation/LiberationSerif-Regular.ttf', name='Liberation Serif', style='normal', variant='normal', weight=400, stretch='normal', size='scalable')) = 10.05
2026-04-01 01:50:13,247 | DEBUG | matplotlib.font_manager | findfont: score(FontEntry(fname='/usr/share/fonts/opentype/urw-base35/C059-BdIta.otf', name='C059', style='italic', variant='normal', weight=700, stretch='normal', size='scalable')) = 11.335
2026-04-01 01:50:13,248 | DEBUG | matplotlib.font_manager | findfont: score(FontEntry(fname='/usr/share/fonts/opentype/urw-base35/NimbusSansNarrow-BoldOblique.otf', name='Nimbus Sans Narrow', style='oblique', variant='normal', weight=700, stretch='condensed', size='scalable')) = 11.535
2026-04-01 01:50:13,250 | DEBUG | matplotlib.font_manager | findfont: score(FontEntry(fname='/usr/share/fonts/truetype/lyx/esint10.ttf', name='esint10', style='normal', variant='normal', weight=400, stretch='normal', size='scalable')) = 10.05
2026-04-01 01:50:13,251 | DEBUG | matplotlib.font_manager | findfont: score(FontEntry(fname='/usr/share/fonts/truetype/liberation/LiberationMono-Bold.ttf', name='Liberation Mono', style='normal', variant='normal', weight=700, stretch='normal', size='scalable')) = 10.335
2026-04-01 01:50:13,254 | DEBUG | matplotlib.font_manager | findfont: score(FontEntry(fname='/usr/share/fonts/opentype/urw-base35/NimbusSans-Bold.otf', name='Nimbus Sans', style='normal', variant='normal', weight=700, stretch='normal', size='scalable')) = 10.335
2026-04-01 01:50:13,256 | DEBUG | matplotlib.font_manager | findfont: score(FontEntry(fname='/usr/share/fonts/opentype/urw-base35/NimbusMonoPS-Regular.otf', name='Nimbus Mono PS', style='normal', variant='normal', weight=400, stretch='normal', size='scalable')) = 10.05
2026-04-01 01:50:13,258 | DEBUG | matplotlib.font_manager | findfont: score(FontEntry(fname='/usr/share/fonts/opentype/urw-base35/NimbusRoman-Italic.otf', name='Nimbus Roman', style='italic', variant='normal', weight=400, stretch='normal', size='scalable')) = 11.05
2026-04-01 01:50:13,259 | DEBUG | matplotlib.font_manager | findfont: score(FontEntry(fname='/usr/share/fonts/opentype/urw-base35/NimbusSans-Regular.otf', name='Nimbus Sans', style='normal', variant='normal', weight=400, stretch='normal', size='scalable')) = 10.05
2026-04-01 01:50:13,261 | DEBUG | matplotlib.font_manager | findfont: score(FontEntry(fname='/usr/share/fonts/truetype/dejavu/DejaVuSerifCondensed-Italic.ttf', name='DejaVu Serif', style='italic', variant='normal', weight=400, stretch='condensed', size='scalable')) = 11.25
2026-04-01 01:50:13,262 | DEBUG | matplotlib.font_manager | findfont: score(FontEntry(fname='/usr/share/fonts/opentype/urw-base35/C059-Bold.otf', name='C059', style='normal', variant='normal', weight=700, stretch='normal', size='scalable')) = 10.335
2026-04-01 01:50:13,264 | DEBUG | matplotlib.font_manager | findfont: score(FontEntry(fname='/usr/share/fonts/opentype/urw-base35/C059-Italic.otf', name='C059', style='italic', variant='normal', weight=400, stretch='normal', size='scalable')) = 11.05
2026-04-01 01:50:13,265 | DEBUG | matplotlib.font_manager | findfont: score(FontEntry(fname='/usr/share/fonts/truetype/liberation/LiberationSans-Bold.ttf', name='Liberation Sans', style='normal', variant='normal', weight=700, stretch='normal', size='scalable')) = 10.335
2026-04-01 01:50:13,267 | DEBUG | matplotlib.font_manager | findfont: score(FontEntry(fname='/usr/share/fonts/truetype/dejavu/DejaVuSansMono-Oblique.ttf', name='DejaVu Sans Mono', style='oblique', variant='normal', weight=400, stretch='normal', size='scalable')) = 11.05
2026-04-01 01:50:13,269 | DEBUG | matplotlib.font_manager | findfont: score(FontEntry(fname='/usr/share/fonts/truetype/lato/Lato-HairlineItalic.ttf', name='Lato', style='italic', variant='normal', weight=250, stretch='normal', size='scalable')) = 11.1925
2026-04-01 01:50:13,270 | DEBUG | matplotlib.font_manager | findfont: score(FontEntry(fname='/usr/share/fonts/truetype/lato/Lato-Light.ttf', name='Lato', style='normal', variant='normal', weight=300, stretch='normal', size='scalable')) = 10.145
2026-04-01 01:50:13,272 | DEBUG | matplotlib.font_manager | findfont: score(FontEntry(fname='/usr/share/fonts/truetype/noto/NotoMono-Regular.ttf', name='Noto Mono', style='normal', variant='normal', weight=400, stretch='normal', size='scalable')) = 10.05
2026-04-01 01:50:13,273 | DEBUG | matplotlib.font_manager | findfont: score(FontEntry(fname='/usr/share/fonts/truetype/droid/DroidSansFallbackFull.ttf', name='Droid Sans Fallback', style='normal', variant='normal', weight=400, stretch='normal', size='scalable')) = 10.05
2026-04-01 01:50:13,275 | DEBUG | matplotlib.font_manager | findfont: score(FontEntry(fname='/usr/share/fonts/truetype/lato/Lato-HeavyItalic.ttf', name='Lato', style='italic', variant='normal', weight=800, stretch='normal', size='scalable')) = 11.43
2026-04-01 01:50:13,276 | DEBUG | matplotlib.font_manager | findfont: score(FontEntry(fname='/usr/share/fonts/truetype/liberation/LiberationMono-Regular.ttf', name='Liberation Mono', style='normal', variant='normal', weight=400, stretch='normal', size='scalable')) = 10.05
2026-04-01 01:50:13,278 | DEBUG | matplotlib.font_manager | findfont: score(FontEntry(fname='/usr/share/fonts/truetype/dejavu/DejaVuSerifCondensed.ttf', name='DejaVu Serif', style='normal', variant='normal', weight=400, stretch='condensed', size='scalable')) = 10.25
2026-04-01 01:50:13,280 | DEBUG | matplotlib.font_manager | findfont: score(FontEntry(fname='/usr/share/fonts/truetype/lyx/eufm10.ttf', name='eufm10', style='normal', variant='normal', weight=400, stretch='normal', size='scalable')) = 10.05
2026-04-01 01:50:13,282 | DEBUG | matplotlib.font_manager | findfont: score(FontEntry(fname='/usr/share/fonts/opentype/urw-base35/NimbusRoman-Regular.otf', name='Nimbus Roman', style='normal', variant='normal', weight=400, stretch='normal', size='scalable')) = 10.05
2026-04-01 01:50:13,283 | DEBUG | matplotlib.font_manager | findfont: score(FontEntry(fname='/usr/share/fonts/opentype/urw-base35/URWBookman-LightItalic.otf', name='URW Bookman', style='italic', variant='normal', weight=300, stretch='normal', size='scalable')) = 11.145
2026-04-01 01:50:13,285 | DEBUG | matplotlib.font_manager | findfont: score(FontEntry(fname='/usr/share/fonts/truetype/lyx/dsrom10.ttf', name='dsrom10', style='normal', variant='normal', weight=400, stretch='normal', size='scalable')) = 10.05
2026-04-01 01:50:13,287 | DEBUG | matplotlib.font_manager | findfont: score(FontEntry(fname='/usr/share/fonts/opentype/urw-base35/URWGothic-Demi.otf', name='URW Gothic', style='normal', variant='normal', weight=600, stretch='normal', size='scalable')) = 10.24
2026-04-01 01:50:13,289 | DEBUG | matplotlib.font_manager | findfont: score(FontEntry(fname='/usr/share/fonts/opentype/urw-base35/NimbusSans-BoldItalic.otf', name='Nimbus Sans', style='italic', variant='normal', weight=700, stretch='normal', size='scalable')) = 11.335
2026-04-01 01:50:13,290 | DEBUG | matplotlib.font_manager | findfont: score(FontEntry(fname='/usr/share/fonts/truetype/dejavu/DejaVuSansCondensed-Oblique.ttf', name='DejaVu Sans', style='oblique', variant='normal', weight=400, stretch='condensed', size='scalable')) = 1.25
2026-04-01 01:50:13,292 | DEBUG | matplotlib.font_manager | findfont: score(FontEntry(fname='/usr/share/fonts/opentype/urw-base35/P052-Roman.otf', name='P052', style='normal', variant='normal', weight=400, stretch='normal', size='scalable')) = 10.05
2026-04-01 01:50:13,293 | DEBUG | matplotlib.font_manager | findfont: score(FontEntry(fname='/usr/share/fonts/opentype/urw-base35/URWGothic-BookOblique.otf', name='URW Gothic', style='oblique', variant='normal', weight=400, stretch='normal', size='scalable')) = 11.05
2026-04-01 01:50:13,294 | DEBUG | matplotlib.font_manager | findfont: score(FontEntry(fname='/usr/share/fonts/truetype/dejavu/DejaVuSerif-Italic.ttf', name='DejaVu Serif', style='italic', variant='normal', weight=400, stretch='normal', size='scalable')) = 11.05
2026-04-01 01:50:13,296 | DEBUG | matplotlib.font_manager | findfont: score(FontEntry(fname='/usr/share/fonts/truetype/dejavu/DejaVuSansMono-BoldOblique.ttf', name='DejaVu Sans Mono', style='oblique', variant='normal', weight=700, stretch='normal', size='scalable')) = 11.335
2026-04-01 01:50:13,298 | DEBUG | matplotlib.font_manager | findfont: score(FontEntry(fname='/usr/share/fonts/opentype/urw-base35/URWBookman-Light.otf', name='URW Bookman', style='normal', variant='normal', weight=300, stretch='normal', size='scalable')) = 10.145
2026-04-01 01:50:13,300 | DEBUG | matplotlib.font_manager | findfont: score(FontEntry(fname='/usr/share/fonts/truetype/lyx/wasy10.ttf', name='wasy10', style='normal', variant='normal', weight=400, stretch='normal', size='scalable')) = 10.05
2026-04-01 01:50:13,302 | DEBUG | matplotlib.font_manager | findfont: score(FontEntry(fname='/usr/share/fonts/opentype/urw-base35/NimbusSansNarrow-Oblique.otf', name='Nimbus Sans Narrow', style='oblique', variant='normal', weight=400, stretch='condensed', size='scalable')) = 11.25
2026-04-01 01:50:13,303 | DEBUG | matplotlib.font_manager | findfont: score(FontEntry(fname='/usr/share/fonts/truetype/liberation/LiberationSans-Regular.ttf', name='Liberation Sans', style='normal', variant='normal', weight=400, stretch='normal', size='scalable')) = 10.05
2026-04-01 01:50:13,304 | DEBUG | matplotlib.font_manager | findfont: score(FontEntry(fname='/usr/share/fonts/truetype/dejavu/DejaVuSansMono-Bold.ttf', name='DejaVu Sans Mono', style='normal', variant='normal', weight=700, stretch='normal', size='scalable')) = 10.335
2026-04-01 01:50:13,306 | DEBUG | matplotlib.font_manager | findfont: score(FontEntry(fname='/usr/share/fonts/truetype/liberation/LiberationMono-Italic.ttf', name='Liberation Mono', style='italic', variant='normal', weight=400, stretch='normal', size='scalable')) = 11.05
2026-04-01 01:50:13,309 | DEBUG | matplotlib.font_manager | findfont: score(FontEntry(fname='/usr/share/fonts/truetype/lato/Lato-Heavy.ttf', name='Lato', style='normal', variant='normal', weight=800, stretch='normal', size='scalable')) = 10.43
2026-04-01 01:50:13,310 | DEBUG | matplotlib.font_manager | findfont: score(FontEntry(fname='/usr/share/fonts/opentype/urw-base35/NimbusMonoPS-BoldItalic.otf', name='Nimbus Mono PS', style='italic', variant='normal', weight=700, stretch='normal', size='scalable')) = 11.335
2026-04-01 01:50:13,312 | DEBUG | matplotlib.font_manager | findfont: score(FontEntry(fname='/usr/share/fonts/truetype/liberation/LiberationSans-BoldItalic.ttf', name='Liberation Sans', style='italic', variant='normal', weight=700, stretch='normal', size='scalable')) = 11.335
2026-04-01 01:50:13,313 | DEBUG | matplotlib.font_manager | findfont: score(FontEntry(fname='/usr/share/fonts/truetype/liberation/LiberationSerif-BoldItalic.ttf', name='Liberation Serif', style='italic', variant='normal', weight=700, stretch='normal', size='scalable')) = 11.335
2026-04-01 01:50:13,319 | DEBUG | matplotlib.font_manager | findfont: score(FontEntry(fname='/usr/share/fonts/truetype/lato/Lato-Italic.ttf', name='Lato', style='italic', variant='normal', weight=400, stretch='normal', size='scalable')) = 11.05
2026-04-01 01:50:13,321 | DEBUG | matplotlib.font_manager | findfont: score(FontEntry(fname='/usr/share/fonts/truetype/liberation/LiberationMono-BoldItalic.ttf', name='Liberation Mono', style='italic', variant='normal', weight=700, stretch='normal', size='scalable')) = 11.335
2026-04-01 01:50:13,324 | DEBUG | matplotlib.font_manager | findfont: score(FontEntry(fname='/usr/share/fonts/opentype/urw-base35/P052-Bold.otf', name='P052', style='normal', variant='normal', weight=700, stretch='normal', size='scalable')) = 10.335
2026-04-01 01:50:13,329 | DEBUG | matplotlib.font_manager | findfont: score(FontEntry(fname='/usr/share/fonts/truetype/liberation/LiberationSans-Italic.ttf', name='Liberation Sans', style='italic', variant='normal', weight=400, stretch='normal', size='scalable')) = 11.05
2026-04-01 01:50:13,330 | DEBUG | matplotlib.font_manager | findfont: score(FontEntry(fname='/usr/share/fonts/truetype/lato/Lato-Regular.ttf', name='Lato', style='normal', variant='normal', weight=400, stretch='normal', size='scalable')) = 10.05
2026-04-01 01:50:13,332 | DEBUG | matplotlib.font_manager | findfont: score(FontEntry(fname='/usr/share/fonts/opentype/urw-base35/URWGothic-Book.otf', name='URW Gothic', style='normal', variant='normal', weight=400, stretch='normal', size='scalable')) = 10.05
2026-04-01 01:50:13,333 | DEBUG | matplotlib.font_manager | findfont: score(FontEntry(fname='/usr/share/fonts/truetype/liberation/LiberationSansNarrow-Italic.ttf', name='Liberation Sans Narrow', style='italic', variant='normal', weight=400, stretch='condensed', size='scalable')) = 11.25
2026-04-01 01:50:13,334 | DEBUG | matplotlib.font_manager | findfont: score(FontEntry(fname='/usr/share/fonts/truetype/lyx/msbm10.ttf', name='msbm10', style='normal', variant='normal', weight=400, stretch='normal', size='scalable')) = 10.05
2026-04-01 01:50:13,336 | DEBUG | matplotlib.font_manager | findfont: score(FontEntry(fname='/usr/share/fonts/opentype/urw-base35/NimbusRoman-Bold.otf', name='Nimbus Roman', style='normal', variant='normal', weight=700, stretch='normal', size='scalable')) = 10.335
2026-04-01 01:50:13,337 | DEBUG | matplotlib.font_manager | findfont: score(FontEntry(fname='/usr/share/fonts/opentype/urw-base35/NimbusSansNarrow-Bold.otf', name='Nimbus Sans Narrow', style='normal', variant='normal', weight=700, stretch='condensed', size='scalable')) = 10.535
2026-04-01 01:50:13,340 | DEBUG | matplotlib.font_manager | findfont: score(FontEntry(fname='/usr/share/fonts/truetype/dejavu/DejaVuSans-Oblique.ttf', name='DejaVu Sans', style='oblique', variant='normal', weight=400, stretch='normal', size='scalable')) = 1.05
2026-04-01 01:50:13,342 | DEBUG | matplotlib.font_manager | findfont: score(FontEntry(fname='/usr/share/fonts/truetype/dejavu/DejaVuSerif-Bold.ttf', name='DejaVu Serif', style='normal', variant='normal', weight=700, stretch='normal', size='scalable')) = 10.335
2026-04-01 01:50:13,344 | DEBUG | matplotlib.font_manager | findfont: score(FontEntry(fname='/usr/share/fonts/truetype/liberation/LiberationSansNarrow-Regular.ttf', name='Liberation Sans Narrow', style='normal', variant='normal', weight=400, stretch='condensed', size='scalable')) = 10.25
2026-04-01 01:50:13,346 | DEBUG | matplotlib.font_manager | findfont: score(FontEntry(fname='/usr/share/fonts/opentype/urw-base35/Z003-MediumItalic.otf', name='Z003', style='italic', variant='normal', weight=500, stretch='normal', size='scalable')) = 11.145
2026-04-01 01:50:13,349 | DEBUG | matplotlib.font_manager | findfont: score(FontEntry(fname='/usr/share/fonts/truetype/noto/NotoSansMono-Bold.ttf', name='Noto Sans Mono', style='normal', variant='normal', weight=700, stretch='normal', size='scalable')) = 10.335
2026-04-01 01:50:13,351 | DEBUG | matplotlib.font_manager | findfont: score(FontEntry(fname='/usr/share/fonts/opentype/urw-base35/StandardSymbolsPS.otf', name='Standard Symbols PS', style='normal', variant='normal', weight=400, stretch='normal', size='scalable')) = 10.05
2026-04-01 01:50:13,352 | DEBUG | matplotlib.font_manager | findfont: score(FontEntry(fname='/usr/share/fonts/truetype/lato/Lato-Thin.ttf', name='Lato', style='normal', variant='normal', weight=275, stretch='normal', size='scalable')) = 10.16875
2026-04-01 01:50:13,353 | DEBUG | matplotlib.font_manager | findfont: score(FontEntry(fname='/usr/share/fonts/truetype/dejavu/DejaVuSans-Bold.ttf', name='DejaVu Sans', style='normal', variant='normal', weight=700, stretch='normal', size='scalable')) = 0.33499999999999996
2026-04-01 01:50:13,355 | DEBUG | matplotlib.font_manager | findfont: score(FontEntry(fname='/usr/share/fonts/truetype/lato/Lato-Bold.ttf', name='Lato', style='normal', variant='normal', weight=700, stretch='normal', size='scalable')) = 10.335
2026-04-01 01:50:13,356 | DEBUG | matplotlib.font_manager | findfont: score(FontEntry(fname='/usr/share/fonts/truetype/lato/Lato-Hairline.ttf', name='Lato', style='normal', variant='normal', weight=250, stretch='normal', size='scalable')) = 10.1925
2026-04-01 01:50:13,358 | DEBUG | matplotlib.font_manager | findfont: score(FontEntry(fname='/usr/share/fonts/truetype/noto/NotoSansMono-Regular.ttf', name='Noto Sans Mono', style='normal', variant='normal', weight=400, stretch='normal', size='scalable')) = 10.05
2026-04-01 01:50:13,359 | DEBUG | matplotlib.font_manager | findfont: score(FontEntry(fname='/usr/share/fonts/truetype/lato/Lato-Medium.ttf', name='Lato', style='normal', variant='normal', weight=500, stretch='normal', size='scalable')) = 10.145
2026-04-01 01:50:13,360 | DEBUG | matplotlib.font_manager | findfont: score(FontEntry(fname='/usr/share/fonts/truetype/lyx/cmr10.ttf', name='cmr10', style='normal', variant='normal', weight=400, stretch='normal', size='scalable')) = 10.05
2026-04-01 01:50:13,362 | DEBUG | matplotlib.font_manager | findfont: score(FontEntry(fname='/usr/share/fonts/truetype/lyx/stmary10.ttf', name='stmary10', style='normal', variant='normal', weight=400, stretch='normal', size='scalable')) = 10.05
2026-04-01 01:50:13,363 | DEBUG | matplotlib.font_manager | findfont: score(FontEntry(fname='/usr/share/fonts/opentype/urw-base35/NimbusSans-Italic.otf', name='Nimbus Sans', style='italic', variant='normal', weight=400, stretch='normal', size='scalable')) = 11.05
2026-04-01 01:50:13,365 | DEBUG | matplotlib.font_manager | findfont: score(FontEntry(fname='/usr/share/fonts/truetype/liberation/LiberationSerif-Bold.ttf', name='Liberation Serif', style='normal', variant='normal', weight=700, stretch='normal', size='scalable')) = 10.335
2026-04-01 01:50:13,366 | DEBUG | matplotlib.font_manager | findfont: score(FontEntry(fname='/usr/share/fonts/truetype/lyx/cmmi10.ttf', name='cmmi10', style='normal', variant='normal', weight=400, stretch='normal', size='scalable')) = 10.05
2026-04-01 01:50:13,368 | DEBUG | matplotlib.font_manager | findfont: score(FontEntry(fname='/usr/share/fonts/opentype/urw-base35/D050000L.otf', name='D050000L', style='normal', variant='normal', weight=400, stretch='normal', size='scalable')) = 10.05
2026-04-01 01:50:13,369 | DEBUG | matplotlib.font_manager | findfont: score(FontEntry(fname='/usr/share/fonts/truetype/dejavu/DejaVuSans.ttf', name='DejaVu Sans', style='normal', variant='normal', weight=400, stretch='normal', size='scalable')) = 0.05
2026-04-01 01:50:13,371 | DEBUG | matplotlib.font_manager | findfont: score(FontEntry(fname='/usr/share/fonts/opentype/urw-base35/URWGothic-DemiOblique.otf', name='URW Gothic', style='oblique', variant='normal', weight=600, stretch='normal', size='scalable')) = 11.24
2026-04-01 01:50:13,372 | DEBUG | matplotlib.font_manager | findfont: score(FontEntry(fname='/usr/share/fonts/opentype/urw-base35/P052-Italic.otf', name='P052', style='italic', variant='normal', weight=400, stretch='normal', size='scalable')) = 11.05
2026-04-01 01:50:13,373 | DEBUG | matplotlib.font_manager | findfont: score(FontEntry(fname='/usr/share/fonts/opentype/font-awesome/FontAwesome.otf', name='FontAwesome', style='normal', variant='normal', weight=400, stretch='normal', size='scalable')) = 10.05
2026-04-01 01:50:13,375 | DEBUG | matplotlib.font_manager | findfont: score(FontEntry(fname='/usr/share/fonts/truetype/lyx/cmex10.ttf', name='cmex10', style='normal', variant='normal', weight=400, stretch='normal', size='scalable')) = 10.05
2026-04-01 01:50:13,376 | DEBUG | matplotlib.font_manager | findfont: score(FontEntry(fname='/usr/share/fonts/opentype/urw-base35/NimbusSansNarrow-Regular.otf', name='Nimbus Sans Narrow', style='normal', variant='normal', weight=400, stretch='condensed', size='scalable')) = 10.25
2026-04-01 01:50:13,378 | DEBUG | matplotlib.font_manager | findfont: score(FontEntry(fname='/usr/share/fonts/opentype/urw-base35/NimbusRoman-BoldItalic.otf', name='Nimbus Roman', style='italic', variant='normal', weight=700, stretch='normal', size='scalable')) = 11.335
2026-04-01 01:50:13,379 | DEBUG | matplotlib.font_manager | findfont: score(FontEntry(fname='/usr/share/fonts/opentype/urw-base35/NimbusMonoPS-Italic.otf', name='Nimbus Mono PS', style='italic', variant='normal', weight=400, stretch='normal', size='scalable')) = 11.05
2026-04-01 01:50:13,383 | DEBUG | matplotlib.font_manager | findfont: score(FontEntry(fname='/usr/share/fonts/truetype/dejavu/DejaVuSans-BoldOblique.ttf', name='DejaVu Sans', style='oblique', variant='normal', weight=700, stretch='normal', size='scalable')) = 1.335
2026-04-01 01:50:13,386 | DEBUG | matplotlib.font_manager | findfont: score(FontEntry(fname='/usr/share/fonts/truetype/lato/Lato-LightItalic.ttf', name='Lato', style='italic', variant='normal', weight=300, stretch='normal', size='scalable')) = 11.145
2026-04-01 01:50:13,387 | DEBUG | matplotlib.font_manager | findfont: score(FontEntry(fname='/usr/share/fonts/truetype/lato/Lato-BoldItalic.ttf', name='Lato', style='italic', variant='normal', weight=700, stretch='normal', size='scalable')) = 11.335
2026-04-01 01:50:13,389 | DEBUG | matplotlib.font_manager | findfont: score(FontEntry(fname='/usr/share/fonts/truetype/dejavu/DejaVuSans-ExtraLight.ttf', name='DejaVu Sans', style='normal', variant='normal', weight=200, stretch='normal', size='scalable')) = 0.24
2026-04-01 01:50:13,390 | DEBUG | matplotlib.font_manager | findfont: score(FontEntry(fname='/usr/share/fonts/opentype/urw-base35/NimbusMonoPS-Bold.otf', name='Nimbus Mono PS', style='normal', variant='normal', weight=700, stretch='normal', size='scalable')) = 10.335
2026-04-01 01:50:13,392 | DEBUG | matplotlib.font_manager | findfont: score(FontEntry(fname='/usr/share/fonts/truetype/dejavu/DejaVuSerif.ttf', name='DejaVu Serif', style='normal', variant='normal', weight=400, stretch='normal', size='scalable')) = 10.05
2026-04-01 01:50:13,393 | DEBUG | matplotlib.font_manager | findfont: score(FontEntry(fname='/usr/share/fonts/truetype/liberation/LiberationSerif-Italic.ttf', name='Liberation Serif', style='italic', variant='normal', weight=400, stretch='normal', size='scalable')) = 11.05
2026-04-01 01:50:13,397 | DEBUG | matplotlib.font_manager | findfont: score(FontEntry(fname='/usr/share/fonts/truetype/dejavu/DejaVuSansCondensed-BoldOblique.ttf', name='DejaVu Sans', style='oblique', variant='normal', weight=700, stretch='condensed', size='scalable')) = 1.535
2026-04-01 01:50:13,398 | DEBUG | matplotlib.font_manager | findfont: score(FontEntry(fname='/usr/share/fonts/truetype/liberation/LiberationSansNarrow-Bold.ttf', name='Liberation Sans Narrow', style='normal', variant='normal', weight=700, stretch='condensed', size='scalable')) = 10.535
2026-04-01 01:50:13,400 | DEBUG | matplotlib.font_manager | findfont: score(FontEntry(fname='/usr/share/fonts/truetype/lyx/rsfs10.ttf', name='rsfs10', style='italic', variant='normal', weight=400, stretch='normal', size='scalable')) = 11.05
2026-04-01 01:50:13,401 | DEBUG | matplotlib.font_manager | findfont: score(FontEntry(fname='/usr/share/fonts/truetype/lato/Lato-Semibold.ttf', name='Lato', style='normal', variant='normal', weight=600, stretch='normal', size='scalable')) = 10.24
2026-04-01 01:50:13,403 | DEBUG | matplotlib.font_manager | findfont: score(FontEntry(fname='/usr/share/fonts/truetype/lyx/cmsy10.ttf', name='cmsy10', style='normal', variant='normal', weight=400, stretch='normal', size='scalable')) = 10.05
2026-04-01 01:50:13,404 | DEBUG | matplotlib.font_manager | findfont: score(FontEntry(fname='/usr/share/fonts/opentype/urw-base35/URWBookman-DemiItalic.otf', name='URW Bookman', style='italic', variant='normal', weight=600, stretch='normal', size='scalable')) = 11.24
2026-04-01 01:50:13,405 | DEBUG | matplotlib.font_manager | findfont: score(FontEntry(fname='/usr/share/fonts/truetype/dejavu/DejaVuSerif-BoldItalic.ttf', name='DejaVu Serif', style='italic', variant='normal', weight=700, stretch='normal', size='scalable')) = 11.335
2026-04-01 01:50:13,407 | DEBUG | matplotlib.font_manager | findfont: score(FontEntry(fname='/usr/share/fonts/truetype/dejavu/DejaVuSerifCondensed-BoldItalic.ttf', name='DejaVu Serif', style='italic', variant='normal', weight=700, stretch='condensed', size='scalable')) = 11.535
2026-04-01 01:50:13,408 | DEBUG | matplotlib.font_manager | findfont: score(FontEntry(fname='/usr/share/fonts/truetype/lato/Lato-ThinItalic.ttf', name='Lato', style='italic', variant='normal', weight=275, stretch='normal', size='scalable')) = 11.16875
2026-04-01 01:50:13,410 | DEBUG | matplotlib.font_manager | findfont: score(FontEntry(fname='/usr/share/fonts/opentype/urw-base35/P052-BoldItalic.otf', name='P052', style='italic', variant='normal', weight=700, stretch='normal', size='scalable')) = 11.335
2026-04-01 01:50:13,411 | DEBUG | matplotlib.font_manager | findfont: score(FontEntry(fname='/usr/share/fonts/truetype/lato/Lato-MediumItalic.ttf', name='Lato', style='italic', variant='normal', weight=500, stretch='normal', size='scalable')) = 11.145
2026-04-01 01:50:13,413 | DEBUG | matplotlib.font_manager | findfont: score(FontEntry(fname='/usr/share/fonts/truetype/lyx/msam10.ttf', name='msam10', style='normal', variant='normal', weight=400, stretch='normal', size='scalable')) = 10.05
2026-04-01 01:50:13,414 | DEBUG | matplotlib.font_manager | findfont: score(FontEntry(fname='/usr/share/fonts/opentype/urw-base35/URWBookman-Demi.otf', name='URW Bookman', style='normal', variant='normal', weight=600, stretch='normal', size='scalable')) = 10.24
2026-04-01 01:50:13,416 | DEBUG | matplotlib.font_manager | findfont: Matching sans\-serif:style=normal:variant=normal:weight=normal:stretch=normal:size=10.0 to DejaVu Sans ('/home/s466553/Master_thesis/myenv/lib/python3.13/site-packages/matplotlib/mpl-data/fonts/ttf/DejaVuSans.ttf') with score of 0.050000.
2026-04-01 01:50:13,469 | DEBUG | matplotlib.font_manager | findfont: Matching sans\-serif:style=normal:variant=normal:weight=normal:stretch=normal:size=12.0.
2026-04-01 01:50:13,473 | DEBUG | matplotlib.font_manager | findfont: score(FontEntry(fname='/home/s466553/Master_thesis/myenv/lib/python3.13/site-packages/matplotlib/mpl-data/fonts/ttf/DejaVuSerif.ttf', name='DejaVu Serif', style='normal', variant='normal', weight=400, stretch='normal', size='scalable')) = 10.05
2026-04-01 01:50:13,474 | DEBUG | matplotlib.font_manager | findfont: score(FontEntry(fname='/home/s466553/Master_thesis/myenv/lib/python3.13/site-packages/matplotlib/mpl-data/fonts/ttf/DejaVuSerifDisplay.ttf', name='DejaVu Serif Display', style='normal', variant='normal', weight=400, stretch='normal', size='scalable')) = 10.05
2026-04-01 01:50:13,476 | DEBUG | matplotlib.font_manager | findfont: score(FontEntry(fname='/home/s466553/Master_thesis/myenv/lib/python3.13/site-packages/matplotlib/mpl-data/fonts/ttf/DejaVuSansMono-Bold.ttf', name='DejaVu Sans Mono', style='normal', variant='normal', weight=700, stretch='normal', size='scalable')) = 10.335
2026-04-01 01:50:13,478 | DEBUG | matplotlib.font_manager | findfont: score(FontEntry(fname='/home/s466553/Master_thesis/myenv/lib/python3.13/site-packages/matplotlib/mpl-data/fonts/ttf/STIXNonUniBolIta.ttf', name='STIXNonUnicode', style='italic', variant='normal', weight=700, stretch='normal', size='scalable')) = 11.335
2026-04-01 01:50:13,482 | DEBUG | matplotlib.font_manager | findfont: score(FontEntry(fname='/home/s466553/Master_thesis/myenv/lib/python3.13/site-packages/matplotlib/mpl-data/fonts/ttf/DejaVuSansDisplay.ttf', name='DejaVu Sans Display', style='normal', variant='normal', weight=400, stretch='normal', size='scalable')) = 10.05
2026-04-01 01:50:13,484 | DEBUG | matplotlib.font_manager | findfont: score(FontEntry(fname='/home/s466553/Master_thesis/myenv/lib/python3.13/site-packages/matplotlib/mpl-data/fonts/ttf/STIXSizFourSymBol.ttf', name='STIXSizeFourSym', style='normal', variant='normal', weight=700, stretch='normal', size='scalable')) = 10.335
2026-04-01 01:50:13,486 | DEBUG | matplotlib.font_manager | findfont: score(FontEntry(fname='/home/s466553/Master_thesis/myenv/lib/python3.13/site-packages/matplotlib/mpl-data/fonts/ttf/DejaVuSerif-Italic.ttf', name='DejaVu Serif', style='italic', variant='normal', weight=400, stretch='normal', size='scalable')) = 11.05
2026-04-01 01:50:13,487 | DEBUG | matplotlib.font_manager | findfont: score(FontEntry(fname='/home/s466553/Master_thesis/myenv/lib/python3.13/site-packages/matplotlib/mpl-data/fonts/ttf/STIXSizFourSymReg.ttf', name='STIXSizeFourSym', style='normal', variant='normal', weight=400, stretch='normal', size='scalable')) = 10.05
2026-04-01 01:50:13,489 | DEBUG | matplotlib.font_manager | findfont: score(FontEntry(fname='/home/s466553/Master_thesis/myenv/lib/python3.13/site-packages/matplotlib/mpl-data/fonts/ttf/DejaVuSans-Oblique.ttf', name='DejaVu Sans', style='oblique', variant='normal', weight=400, stretch='normal', size='scalable')) = 1.05
2026-04-01 01:50:13,490 | DEBUG | matplotlib.font_manager | findfont: score(FontEntry(fname='/home/s466553/Master_thesis/myenv/lib/python3.13/site-packages/matplotlib/mpl-data/fonts/ttf/STIXGeneralBol.ttf', name='STIXGeneral', style='normal', variant='normal', weight=700, stretch='normal', size='scalable')) = 10.335
2026-04-01 01:50:13,492 | DEBUG | matplotlib.font_manager | findfont: score(FontEntry(fname='/home/s466553/Master_thesis/myenv/lib/python3.13/site-packages/matplotlib/mpl-data/fonts/ttf/STIXSizOneSymReg.ttf', name='STIXSizeOneSym', style='normal', variant='normal', weight=400, stretch='normal', size='scalable')) = 10.05
2026-04-01 01:50:13,494 | DEBUG | matplotlib.font_manager | findfont: score(FontEntry(fname='/home/s466553/Master_thesis/myenv/lib/python3.13/site-packages/matplotlib/mpl-data/fonts/ttf/DejaVuSans.ttf', name='DejaVu Sans', style='normal', variant='normal', weight=400, stretch='normal', size='scalable')) = 0.05
2026-04-01 01:50:13,496 | DEBUG | matplotlib.font_manager | findfont: score(FontEntry(fname='/home/s466553/Master_thesis/myenv/lib/python3.13/site-packages/matplotlib/mpl-data/fonts/ttf/DejaVuSerif-BoldItalic.ttf', name='DejaVu Serif', style='italic', variant='normal', weight=700, stretch='normal', size='scalable')) = 11.335
2026-04-01 01:50:13,497 | DEBUG | matplotlib.font_manager | findfont: score(FontEntry(fname='/home/s466553/Master_thesis/myenv/lib/python3.13/site-packages/matplotlib/mpl-data/fonts/ttf/STIXSizThreeSymReg.ttf', name='STIXSizeThreeSym', style='normal', variant='normal', weight=400, stretch='normal', size='scalable')) = 10.05
2026-04-01 01:50:13,498 | DEBUG | matplotlib.font_manager | findfont: score(FontEntry(fname='/home/s466553/Master_thesis/myenv/lib/python3.13/site-packages/matplotlib/mpl-data/fonts/ttf/STIXSizTwoSymReg.ttf', name='STIXSizeTwoSym', style='normal', variant='normal', weight=400, stretch='normal', size='scalable')) = 10.05
2026-04-01 01:50:13,500 | DEBUG | matplotlib.font_manager | findfont: score(FontEntry(fname='/home/s466553/Master_thesis/myenv/lib/python3.13/site-packages/matplotlib/mpl-data/fonts/ttf/STIXNonUni.ttf', name='STIXNonUnicode', style='normal', variant='normal', weight=400, stretch='normal', size='scalable')) = 10.05
2026-04-01 01:50:13,501 | DEBUG | matplotlib.font_manager | findfont: score(FontEntry(fname='/home/s466553/Master_thesis/myenv/lib/python3.13/site-packages/matplotlib/mpl-data/fonts/ttf/STIXSizOneSymBol.ttf', name='STIXSizeOneSym', style='normal', variant='normal', weight=700, stretch='normal', size='scalable')) = 10.335
2026-04-01 01:50:13,503 | DEBUG | matplotlib.font_manager | findfont: score(FontEntry(fname='/home/s466553/Master_thesis/myenv/lib/python3.13/site-packages/matplotlib/mpl-data/fonts/ttf/STIXGeneral.ttf', name='STIXGeneral', style='normal', variant='normal', weight=400, stretch='normal', size='scalable')) = 10.05
2026-04-01 01:50:13,504 | DEBUG | matplotlib.font_manager | findfont: score(FontEntry(fname='/home/s466553/Master_thesis/myenv/lib/python3.13/site-packages/matplotlib/mpl-data/fonts/ttf/cmb10.ttf', name='cmb10', style='normal', variant='normal', weight=400, stretch='normal', size='scalable')) = 10.05
2026-04-01 01:50:13,505 | DEBUG | matplotlib.font_manager | findfont: score(FontEntry(fname='/home/s466553/Master_thesis/myenv/lib/python3.13/site-packages/matplotlib/mpl-data/fonts/ttf/cmsy10.ttf', name='cmsy10', style='normal', variant='normal', weight=400, stretch='normal', size='scalable')) = 10.05
2026-04-01 01:50:13,508 | DEBUG | matplotlib.font_manager | findfont: score(FontEntry(fname='/home/s466553/Master_thesis/myenv/lib/python3.13/site-packages/matplotlib/mpl-data/fonts/ttf/DejaVuSansMono.ttf', name='DejaVu Sans Mono', style='normal', variant='normal', weight=400, stretch='normal', size='scalable')) = 10.05
2026-04-01 01:50:13,511 | DEBUG | matplotlib.font_manager | findfont: score(FontEntry(fname='/home/s466553/Master_thesis/myenv/lib/python3.13/site-packages/matplotlib/mpl-data/fonts/ttf/cmex10.ttf', name='cmex10', style='normal', variant='normal', weight=400, stretch='normal', size='scalable')) = 10.05
2026-04-01 01:50:13,513 | DEBUG | matplotlib.font_manager | findfont: score(FontEntry(fname='/home/s466553/Master_thesis/myenv/lib/python3.13/site-packages/matplotlib/mpl-data/fonts/ttf/STIXSizTwoSymBol.ttf', name='STIXSizeTwoSym', style='normal', variant='normal', weight=700, stretch='normal', size='scalable')) = 10.335
2026-04-01 01:50:13,514 | DEBUG | matplotlib.font_manager | findfont: score(FontEntry(fname='/home/s466553/Master_thesis/myenv/lib/python3.13/site-packages/matplotlib/mpl-data/fonts/ttf/DejaVuSans-Bold.ttf', name='DejaVu Sans', style='normal', variant='normal', weight=700, stretch='normal', size='scalable')) = 0.33499999999999996
2026-04-01 01:50:13,515 | DEBUG | matplotlib.font_manager | findfont: score(FontEntry(fname='/home/s466553/Master_thesis/myenv/lib/python3.13/site-packages/matplotlib/mpl-data/fonts/ttf/cmss10.ttf', name='cmss10', style='normal', variant='normal', weight=400, stretch='normal', size='scalable')) = 10.05
2026-04-01 01:50:13,517 | DEBUG | matplotlib.font_manager | findfont: score(FontEntry(fname='/home/s466553/Master_thesis/myenv/lib/python3.13/site-packages/matplotlib/mpl-data/fonts/ttf/DejaVuSansMono-BoldOblique.ttf', name='DejaVu Sans Mono', style='oblique', variant='normal', weight=700, stretch='normal', size='scalable')) = 11.335
2026-04-01 01:50:13,518 | DEBUG | matplotlib.font_manager | findfont: score(FontEntry(fname='/home/s466553/Master_thesis/myenv/lib/python3.13/site-packages/matplotlib/mpl-data/fonts/ttf/DejaVuSansMono-Oblique.ttf', name='DejaVu Sans Mono', style='oblique', variant='normal', weight=400, stretch='normal', size='scalable')) = 11.05
2026-04-01 01:50:13,520 | DEBUG | matplotlib.font_manager | findfont: score(FontEntry(fname='/home/s466553/Master_thesis/myenv/lib/python3.13/site-packages/matplotlib/mpl-data/fonts/ttf/DejaVuSans-BoldOblique.ttf', name='DejaVu Sans', style='oblique', variant='normal', weight=700, stretch='normal', size='scalable')) = 1.335
2026-04-01 01:50:13,521 | DEBUG | matplotlib.font_manager | findfont: score(FontEntry(fname='/home/s466553/Master_thesis/myenv/lib/python3.13/site-packages/matplotlib/mpl-data/fonts/ttf/cmr10.ttf', name='cmr10', style='normal', variant='normal', weight=400, stretch='normal', size='scalable')) = 10.05
2026-04-01 01:50:13,522 | DEBUG | matplotlib.font_manager | findfont: score(FontEntry(fname='/home/s466553/Master_thesis/myenv/lib/python3.13/site-packages/matplotlib/mpl-data/fonts/ttf/STIXGeneralBolIta.ttf', name='STIXGeneral', style='italic', variant='normal', weight=700, stretch='normal', size='scalable')) = 11.335
2026-04-01 01:50:13,524 | DEBUG | matplotlib.font_manager | findfont: score(FontEntry(fname='/home/s466553/Master_thesis/myenv/lib/python3.13/site-packages/matplotlib/mpl-data/fonts/ttf/STIXGeneralItalic.ttf', name='STIXGeneral', style='italic', variant='normal', weight=400, stretch='normal', size='scalable')) = 11.05
2026-04-01 01:50:13,526 | DEBUG | matplotlib.font_manager | findfont: score(FontEntry(fname='/home/s466553/Master_thesis/myenv/lib/python3.13/site-packages/matplotlib/mpl-data/fonts/ttf/STIXNonUniIta.ttf', name='STIXNonUnicode', style='italic', variant='normal', weight=400, stretch='normal', size='scalable')) = 11.05
2026-04-01 01:50:13,527 | DEBUG | matplotlib.font_manager | findfont: score(FontEntry(fname='/home/s466553/Master_thesis/myenv/lib/python3.13/site-packages/matplotlib/mpl-data/fonts/ttf/STIXSizThreeSymBol.ttf', name='STIXSizeThreeSym', style='normal', variant='normal', weight=700, stretch='normal', size='scalable')) = 10.335
2026-04-01 01:50:13,528 | DEBUG | matplotlib.font_manager | findfont: score(FontEntry(fname='/home/s466553/Master_thesis/myenv/lib/python3.13/site-packages/matplotlib/mpl-data/fonts/ttf/STIXNonUniBol.ttf', name='STIXNonUnicode', style='normal', variant='normal', weight=700, stretch='normal', size='scalable')) = 10.335
2026-04-01 01:50:13,530 | DEBUG | matplotlib.font_manager | findfont: score(FontEntry(fname='/home/s466553/Master_thesis/myenv/lib/python3.13/site-packages/matplotlib/mpl-data/fonts/ttf/STIXSizFiveSymReg.ttf', name='STIXSizeFiveSym', style='normal', variant='normal', weight=400, stretch='normal', size='scalable')) = 10.05
2026-04-01 01:50:13,531 | DEBUG | matplotlib.font_manager | findfont: score(FontEntry(fname='/home/s466553/Master_thesis/myenv/lib/python3.13/site-packages/matplotlib/mpl-data/fonts/ttf/cmtt10.ttf', name='cmtt10', style='normal', variant='normal', weight=400, stretch='normal', size='scalable')) = 10.05
2026-04-01 01:50:13,532 | DEBUG | matplotlib.font_manager | findfont: score(FontEntry(fname='/home/s466553/Master_thesis/myenv/lib/python3.13/site-packages/matplotlib/mpl-data/fonts/ttf/cmmi10.ttf', name='cmmi10', style='normal', variant='normal', weight=400, stretch='normal', size='scalable')) = 10.05
2026-04-01 01:50:13,534 | DEBUG | matplotlib.font_manager | findfont: score(FontEntry(fname='/home/s466553/Master_thesis/myenv/lib/python3.13/site-packages/matplotlib/mpl-data/fonts/ttf/DejaVuSerif-Bold.ttf', name='DejaVu Serif', style='normal', variant='normal', weight=700, stretch='normal', size='scalable')) = 10.335
2026-04-01 01:50:13,535 | DEBUG | matplotlib.font_manager | findfont: score(FontEntry(fname='/usr/share/fonts/truetype/liberation/LiberationSansNarrow-BoldItalic.ttf', name='Liberation Sans Narrow', style='italic', variant='normal', weight=700, stretch='condensed', size='scalable')) = 11.535
2026-04-01 01:50:13,536 | DEBUG | matplotlib.font_manager | findfont: score(FontEntry(fname='/usr/share/fonts/truetype/lato/Lato-Black.ttf', name='Lato', style='normal', variant='normal', weight=900, stretch='normal', size='scalable')) = 10.525
2026-04-01 01:50:13,538 | DEBUG | matplotlib.font_manager | findfont: score(FontEntry(fname='/usr/share/fonts/truetype/dejavu/DejaVuMathTeXGyre.ttf', name='DejaVu Math TeX Gyre', style='normal', variant='normal', weight=400, stretch='normal', size='scalable')) = 10.05
2026-04-01 01:50:13,540 | DEBUG | matplotlib.font_manager | findfont: score(FontEntry(fname='/usr/share/fonts/truetype/dejavu/DejaVuSansCondensed-Bold.ttf', name='DejaVu Sans', style='normal', variant='normal', weight=700, stretch='condensed', size='scalable')) = 0.5349999999999999
2026-04-01 01:50:13,542 | DEBUG | matplotlib.font_manager | findfont: score(FontEntry(fname='/usr/share/fonts/truetype/font-awesome/fontawesome-webfont.ttf', name='FontAwesome', style='normal', variant='normal', weight=400, stretch='normal', size='scalable')) = 10.05
2026-04-01 01:50:13,544 | DEBUG | matplotlib.font_manager | findfont: score(FontEntry(fname='/usr/share/fonts/truetype/lato/Lato-SemiboldItalic.ttf', name='Lato', style='italic', variant='normal', weight=600, stretch='normal', size='scalable')) = 11.24
2026-04-01 01:50:13,545 | DEBUG | matplotlib.font_manager | findfont: score(FontEntry(fname='/usr/share/fonts/truetype/lato/Lato-BlackItalic.ttf', name='Lato', style='italic', variant='normal', weight=900, stretch='normal', size='scalable')) = 11.525
2026-04-01 01:50:13,547 | DEBUG | matplotlib.font_manager | findfont: score(FontEntry(fname='/usr/share/fonts/truetype/dejavu/DejaVuSerifCondensed-Bold.ttf', name='DejaVu Serif', style='normal', variant='normal', weight=700, stretch='condensed', size='scalable')) = 10.535
2026-04-01 01:50:13,548 | DEBUG | matplotlib.font_manager | findfont: score(FontEntry(fname='/usr/share/fonts/truetype/dejavu/DejaVuSansCondensed.ttf', name='DejaVu Sans', style='normal', variant='normal', weight=400, stretch='condensed', size='scalable')) = 0.25
2026-04-01 01:50:13,551 | DEBUG | matplotlib.font_manager | findfont: score(FontEntry(fname='/usr/share/fonts/opentype/urw-base35/C059-Roman.otf', name='C059', style='normal', variant='normal', weight=400, stretch='normal', size='scalable')) = 10.05
2026-04-01 01:50:13,552 | DEBUG | matplotlib.font_manager | findfont: score(FontEntry(fname='/usr/share/fonts/truetype/dejavu/DejaVuSansMono.ttf', name='DejaVu Sans Mono', style='normal', variant='normal', weight=400, stretch='normal', size='scalable')) = 10.05
2026-04-01 01:50:13,553 | DEBUG | matplotlib.font_manager | findfont: score(FontEntry(fname='/usr/share/fonts/truetype/liberation/LiberationSerif-Regular.ttf', name='Liberation Serif', style='normal', variant='normal', weight=400, stretch='normal', size='scalable')) = 10.05
2026-04-01 01:50:13,555 | DEBUG | matplotlib.font_manager | findfont: score(FontEntry(fname='/usr/share/fonts/opentype/urw-base35/C059-BdIta.otf', name='C059', style='italic', variant='normal', weight=700, stretch='normal', size='scalable')) = 11.335
2026-04-01 01:50:13,556 | DEBUG | matplotlib.font_manager | findfont: score(FontEntry(fname='/usr/share/fonts/opentype/urw-base35/NimbusSansNarrow-BoldOblique.otf', name='Nimbus Sans Narrow', style='oblique', variant='normal', weight=700, stretch='condensed', size='scalable')) = 11.535
2026-04-01 01:50:13,557 | DEBUG | matplotlib.font_manager | findfont: score(FontEntry(fname='/usr/share/fonts/truetype/lyx/esint10.ttf', name='esint10', style='normal', variant='normal', weight=400, stretch='normal', size='scalable')) = 10.05
2026-04-01 01:50:13,559 | DEBUG | matplotlib.font_manager | findfont: score(FontEntry(fname='/usr/share/fonts/truetype/liberation/LiberationMono-Bold.ttf', name='Liberation Mono', style='normal', variant='normal', weight=700, stretch='normal', size='scalable')) = 10.335
2026-04-01 01:50:13,560 | DEBUG | matplotlib.font_manager | findfont: score(FontEntry(fname='/usr/share/fonts/opentype/urw-base35/NimbusSans-Bold.otf', name='Nimbus Sans', style='normal', variant='normal', weight=700, stretch='normal', size='scalable')) = 10.335
2026-04-01 01:50:13,562 | DEBUG | matplotlib.font_manager | findfont: score(FontEntry(fname='/usr/share/fonts/opentype/urw-base35/NimbusMonoPS-Regular.otf', name='Nimbus Mono PS', style='normal', variant='normal', weight=400, stretch='normal', size='scalable')) = 10.05
2026-04-01 01:50:13,563 | DEBUG | matplotlib.font_manager | findfont: score(FontEntry(fname='/usr/share/fonts/opentype/urw-base35/NimbusRoman-Italic.otf', name='Nimbus Roman', style='italic', variant='normal', weight=400, stretch='normal', size='scalable')) = 11.05
2026-04-01 01:50:13,564 | DEBUG | matplotlib.font_manager | findfont: score(FontEntry(fname='/usr/share/fonts/opentype/urw-base35/NimbusSans-Regular.otf', name='Nimbus Sans', style='normal', variant='normal', weight=400, stretch='normal', size='scalable')) = 10.05
2026-04-01 01:50:13,565 | DEBUG | matplotlib.font_manager | findfont: score(FontEntry(fname='/usr/share/fonts/truetype/dejavu/DejaVuSerifCondensed-Italic.ttf', name='DejaVu Serif', style='italic', variant='normal', weight=400, stretch='condensed', size='scalable')) = 11.25
2026-04-01 01:50:13,567 | DEBUG | matplotlib.font_manager | findfont: score(FontEntry(fname='/usr/share/fonts/opentype/urw-base35/C059-Bold.otf', name='C059', style='normal', variant='normal', weight=700, stretch='normal', size='scalable')) = 10.335
2026-04-01 01:50:13,568 | DEBUG | matplotlib.font_manager | findfont: score(FontEntry(fname='/usr/share/fonts/opentype/urw-base35/C059-Italic.otf', name='C059', style='italic', variant='normal', weight=400, stretch='normal', size='scalable')) = 11.05
2026-04-01 01:50:13,570 | DEBUG | matplotlib.font_manager | findfont: score(FontEntry(fname='/usr/share/fonts/truetype/liberation/LiberationSans-Bold.ttf', name='Liberation Sans', style='normal', variant='normal', weight=700, stretch='normal', size='scalable')) = 10.335
2026-04-01 01:50:13,572 | DEBUG | matplotlib.font_manager | findfont: score(FontEntry(fname='/usr/share/fonts/truetype/dejavu/DejaVuSansMono-Oblique.ttf', name='DejaVu Sans Mono', style='oblique', variant='normal', weight=400, stretch='normal', size='scalable')) = 11.05
2026-04-01 01:50:13,574 | DEBUG | matplotlib.font_manager | findfont: score(FontEntry(fname='/usr/share/fonts/truetype/lato/Lato-HairlineItalic.ttf', name='Lato', style='italic', variant='normal', weight=250, stretch='normal', size='scalable')) = 11.1925
2026-04-01 01:50:13,575 | DEBUG | matplotlib.font_manager | findfont: score(FontEntry(fname='/usr/share/fonts/truetype/lato/Lato-Light.ttf', name='Lato', style='normal', variant='normal', weight=300, stretch='normal', size='scalable')) = 10.145
2026-04-01 01:50:13,577 | DEBUG | matplotlib.font_manager | findfont: score(FontEntry(fname='/usr/share/fonts/truetype/noto/NotoMono-Regular.ttf', name='Noto Mono', style='normal', variant='normal', weight=400, stretch='normal', size='scalable')) = 10.05
2026-04-01 01:50:13,578 | DEBUG | matplotlib.font_manager | findfont: score(FontEntry(fname='/usr/share/fonts/truetype/droid/DroidSansFallbackFull.ttf', name='Droid Sans Fallback', style='normal', variant='normal', weight=400, stretch='normal', size='scalable')) = 10.05
2026-04-01 01:50:13,580 | DEBUG | matplotlib.font_manager | findfont: score(FontEntry(fname='/usr/share/fonts/truetype/lato/Lato-HeavyItalic.ttf', name='Lato', style='italic', variant='normal', weight=800, stretch='normal', size='scalable')) = 11.43
2026-04-01 01:50:13,581 | DEBUG | matplotlib.font_manager | findfont: score(FontEntry(fname='/usr/share/fonts/truetype/liberation/LiberationMono-Regular.ttf', name='Liberation Mono', style='normal', variant='normal', weight=400, stretch='normal', size='scalable')) = 10.05
2026-04-01 01:50:13,583 | DEBUG | matplotlib.font_manager | findfont: score(FontEntry(fname='/usr/share/fonts/truetype/dejavu/DejaVuSerifCondensed.ttf', name='DejaVu Serif', style='normal', variant='normal', weight=400, stretch='condensed', size='scalable')) = 10.25
2026-04-01 01:50:13,584 | DEBUG | matplotlib.font_manager | findfont: score(FontEntry(fname='/usr/share/fonts/truetype/lyx/eufm10.ttf', name='eufm10', style='normal', variant='normal', weight=400, stretch='normal', size='scalable')) = 10.05
2026-04-01 01:50:13,585 | DEBUG | matplotlib.font_manager | findfont: score(FontEntry(fname='/usr/share/fonts/opentype/urw-base35/NimbusRoman-Regular.otf', name='Nimbus Roman', style='normal', variant='normal', weight=400, stretch='normal', size='scalable')) = 10.05
2026-04-01 01:50:13,587 | DEBUG | matplotlib.font_manager | findfont: score(FontEntry(fname='/usr/share/fonts/opentype/urw-base35/URWBookman-LightItalic.otf', name='URW Bookman', style='italic', variant='normal', weight=300, stretch='normal', size='scalable')) = 11.145
2026-04-01 01:50:13,588 | DEBUG | matplotlib.font_manager | findfont: score(FontEntry(fname='/usr/share/fonts/truetype/lyx/dsrom10.ttf', name='dsrom10', style='normal', variant='normal', weight=400, stretch='normal', size='scalable')) = 10.05
2026-04-01 01:50:13,590 | DEBUG | matplotlib.font_manager | findfont: score(FontEntry(fname='/usr/share/fonts/opentype/urw-base35/URWGothic-Demi.otf', name='URW Gothic', style='normal', variant='normal', weight=600, stretch='normal', size='scalable')) = 10.24
2026-04-01 01:50:13,591 | DEBUG | matplotlib.font_manager | findfont: score(FontEntry(fname='/usr/share/fonts/opentype/urw-base35/NimbusSans-BoldItalic.otf', name='Nimbus Sans', style='italic', variant='normal', weight=700, stretch='normal', size='scalable')) = 11.335
2026-04-01 01:50:13,593 | DEBUG | matplotlib.font_manager | findfont: score(FontEntry(fname='/usr/share/fonts/truetype/dejavu/DejaVuSansCondensed-Oblique.ttf', name='DejaVu Sans', style='oblique', variant='normal', weight=400, stretch='condensed', size='scalable')) = 1.25
2026-04-01 01:50:13,594 | DEBUG | matplotlib.font_manager | findfont: score(FontEntry(fname='/usr/share/fonts/opentype/urw-base35/P052-Roman.otf', name='P052', style='normal', variant='normal', weight=400, stretch='normal', size='scalable')) = 10.05
2026-04-01 01:50:13,596 | DEBUG | matplotlib.font_manager | findfont: score(FontEntry(fname='/usr/share/fonts/opentype/urw-base35/URWGothic-BookOblique.otf', name='URW Gothic', style='oblique', variant='normal', weight=400, stretch='normal', size='scalable')) = 11.05
2026-04-01 01:50:13,597 | DEBUG | matplotlib.font_manager | findfont: score(FontEntry(fname='/usr/share/fonts/truetype/dejavu/DejaVuSerif-Italic.ttf', name='DejaVu Serif', style='italic', variant='normal', weight=400, stretch='normal', size='scalable')) = 11.05
2026-04-01 01:50:13,598 | DEBUG | matplotlib.font_manager | findfont: score(FontEntry(fname='/usr/share/fonts/truetype/dejavu/DejaVuSansMono-BoldOblique.ttf', name='DejaVu Sans Mono', style='oblique', variant='normal', weight=700, stretch='normal', size='scalable')) = 11.335
2026-04-01 01:50:13,600 | DEBUG | matplotlib.font_manager | findfont: score(FontEntry(fname='/usr/share/fonts/opentype/urw-base35/URWBookman-Light.otf', name='URW Bookman', style='normal', variant='normal', weight=300, stretch='normal', size='scalable')) = 10.145
2026-04-01 01:50:13,602 | DEBUG | matplotlib.font_manager | findfont: score(FontEntry(fname='/usr/share/fonts/truetype/lyx/wasy10.ttf', name='wasy10', style='normal', variant='normal', weight=400, stretch='normal', size='scalable')) = 10.05
2026-04-01 01:50:13,603 | DEBUG | matplotlib.font_manager | findfont: score(FontEntry(fname='/usr/share/fonts/opentype/urw-base35/NimbusSansNarrow-Oblique.otf', name='Nimbus Sans Narrow', style='oblique', variant='normal', weight=400, stretch='condensed', size='scalable')) = 11.25
2026-04-01 01:50:13,604 | DEBUG | matplotlib.font_manager | findfont: score(FontEntry(fname='/usr/share/fonts/truetype/liberation/LiberationSans-Regular.ttf', name='Liberation Sans', style='normal', variant='normal', weight=400, stretch='normal', size='scalable')) = 10.05
2026-04-01 01:50:13,606 | DEBUG | matplotlib.font_manager | findfont: score(FontEntry(fname='/usr/share/fonts/truetype/dejavu/DejaVuSansMono-Bold.ttf', name='DejaVu Sans Mono', style='normal', variant='normal', weight=700, stretch='normal', size='scalable')) = 10.335
2026-04-01 01:50:13,607 | DEBUG | matplotlib.font_manager | findfont: score(FontEntry(fname='/usr/share/fonts/truetype/liberation/LiberationMono-Italic.ttf', name='Liberation Mono', style='italic', variant='normal', weight=400, stretch='normal', size='scalable')) = 11.05
2026-04-01 01:50:13,609 | DEBUG | matplotlib.font_manager | findfont: score(FontEntry(fname='/usr/share/fonts/truetype/lato/Lato-Heavy.ttf', name='Lato', style='normal', variant='normal', weight=800, stretch='normal', size='scalable')) = 10.43
2026-04-01 01:50:13,610 | DEBUG | matplotlib.font_manager | findfont: score(FontEntry(fname='/usr/share/fonts/opentype/urw-base35/NimbusMonoPS-BoldItalic.otf', name='Nimbus Mono PS', style='italic', variant='normal', weight=700, stretch='normal', size='scalable')) = 11.335
2026-04-01 01:50:13,612 | DEBUG | matplotlib.font_manager | findfont: score(FontEntry(fname='/usr/share/fonts/truetype/liberation/LiberationSans-BoldItalic.ttf', name='Liberation Sans', style='italic', variant='normal', weight=700, stretch='normal', size='scalable')) = 11.335
2026-04-01 01:50:13,613 | DEBUG | matplotlib.font_manager | findfont: score(FontEntry(fname='/usr/share/fonts/truetype/liberation/LiberationSerif-BoldItalic.ttf', name='Liberation Serif', style='italic', variant='normal', weight=700, stretch='normal', size='scalable')) = 11.335
2026-04-01 01:50:13,615 | DEBUG | matplotlib.font_manager | findfont: score(FontEntry(fname='/usr/share/fonts/truetype/lato/Lato-Italic.ttf', name='Lato', style='italic', variant='normal', weight=400, stretch='normal', size='scalable')) = 11.05
2026-04-01 01:50:13,616 | DEBUG | matplotlib.font_manager | findfont: score(FontEntry(fname='/usr/share/fonts/truetype/liberation/LiberationMono-BoldItalic.ttf', name='Liberation Mono', style='italic', variant='normal', weight=700, stretch='normal', size='scalable')) = 11.335
2026-04-01 01:50:13,618 | DEBUG | matplotlib.font_manager | findfont: score(FontEntry(fname='/usr/share/fonts/opentype/urw-base35/P052-Bold.otf', name='P052', style='normal', variant='normal', weight=700, stretch='normal', size='scalable')) = 10.335
2026-04-01 01:50:13,619 | DEBUG | matplotlib.font_manager | findfont: score(FontEntry(fname='/usr/share/fonts/truetype/liberation/LiberationSans-Italic.ttf', name='Liberation Sans', style='italic', variant='normal', weight=400, stretch='normal', size='scalable')) = 11.05
2026-04-01 01:50:13,620 | DEBUG | matplotlib.font_manager | findfont: score(FontEntry(fname='/usr/share/fonts/truetype/lato/Lato-Regular.ttf', name='Lato', style='normal', variant='normal', weight=400, stretch='normal', size='scalable')) = 10.05
2026-04-01 01:50:13,622 | DEBUG | matplotlib.font_manager | findfont: score(FontEntry(fname='/usr/share/fonts/opentype/urw-base35/URWGothic-Book.otf', name='URW Gothic', style='normal', variant='normal', weight=400, stretch='normal', size='scalable')) = 10.05
2026-04-01 01:50:13,623 | DEBUG | matplotlib.font_manager | findfont: score(FontEntry(fname='/usr/share/fonts/truetype/liberation/LiberationSansNarrow-Italic.ttf', name='Liberation Sans Narrow', style='italic', variant='normal', weight=400, stretch='condensed', size='scalable')) = 11.25
2026-04-01 01:50:13,626 | DEBUG | matplotlib.font_manager | findfont: score(FontEntry(fname='/usr/share/fonts/truetype/lyx/msbm10.ttf', name='msbm10', style='normal', variant='normal', weight=400, stretch='normal', size='scalable')) = 10.05
2026-04-01 01:50:13,629 | DEBUG | matplotlib.font_manager | findfont: score(FontEntry(fname='/usr/share/fonts/opentype/urw-base35/NimbusRoman-Bold.otf', name='Nimbus Roman', style='normal', variant='normal', weight=700, stretch='normal', size='scalable')) = 10.335
2026-04-01 01:50:13,630 | DEBUG | matplotlib.font_manager | findfont: score(FontEntry(fname='/usr/share/fonts/opentype/urw-base35/NimbusSansNarrow-Bold.otf', name='Nimbus Sans Narrow', style='normal', variant='normal', weight=700, stretch='condensed', size='scalable')) = 10.535
2026-04-01 01:50:13,631 | DEBUG | matplotlib.font_manager | findfont: score(FontEntry(fname='/usr/share/fonts/truetype/dejavu/DejaVuSans-Oblique.ttf', name='DejaVu Sans', style='oblique', variant='normal', weight=400, stretch='normal', size='scalable')) = 1.05
2026-04-01 01:50:13,634 | DEBUG | matplotlib.font_manager | findfont: score(FontEntry(fname='/usr/share/fonts/truetype/dejavu/DejaVuSerif-Bold.ttf', name='DejaVu Serif', style='normal', variant='normal', weight=700, stretch='normal', size='scalable')) = 10.335
2026-04-01 01:50:13,635 | DEBUG | matplotlib.font_manager | findfont: score(FontEntry(fname='/usr/share/fonts/truetype/liberation/LiberationSansNarrow-Regular.ttf', name='Liberation Sans Narrow', style='normal', variant='normal', weight=400, stretch='condensed', size='scalable')) = 10.25
2026-04-01 01:50:13,637 | DEBUG | matplotlib.font_manager | findfont: score(FontEntry(fname='/usr/share/fonts/opentype/urw-base35/Z003-MediumItalic.otf', name='Z003', style='italic', variant='normal', weight=500, stretch='normal', size='scalable')) = 11.145
2026-04-01 01:50:13,639 | DEBUG | matplotlib.font_manager | findfont: score(FontEntry(fname='/usr/share/fonts/truetype/noto/NotoSansMono-Bold.ttf', name='Noto Sans Mono', style='normal', variant='normal', weight=700, stretch='normal', size='scalable')) = 10.335
2026-04-01 01:50:13,641 | DEBUG | matplotlib.font_manager | findfont: score(FontEntry(fname='/usr/share/fonts/opentype/urw-base35/StandardSymbolsPS.otf', name='Standard Symbols PS', style='normal', variant='normal', weight=400, stretch='normal', size='scalable')) = 10.05
2026-04-01 01:50:13,643 | DEBUG | matplotlib.font_manager | findfont: score(FontEntry(fname='/usr/share/fonts/truetype/lato/Lato-Thin.ttf', name='Lato', style='normal', variant='normal', weight=275, stretch='normal', size='scalable')) = 10.16875
2026-04-01 01:50:13,644 | DEBUG | matplotlib.font_manager | findfont: score(FontEntry(fname='/usr/share/fonts/truetype/dejavu/DejaVuSans-Bold.ttf', name='DejaVu Sans', style='normal', variant='normal', weight=700, stretch='normal', size='scalable')) = 0.33499999999999996
2026-04-01 01:50:13,645 | DEBUG | matplotlib.font_manager | findfont: score(FontEntry(fname='/usr/share/fonts/truetype/lato/Lato-Bold.ttf', name='Lato', style='normal', variant='normal', weight=700, stretch='normal', size='scalable')) = 10.335
2026-04-01 01:50:13,647 | DEBUG | matplotlib.font_manager | findfont: score(FontEntry(fname='/usr/share/fonts/truetype/lato/Lato-Hairline.ttf', name='Lato', style='normal', variant='normal', weight=250, stretch='normal', size='scalable')) = 10.1925
2026-04-01 01:50:13,648 | DEBUG | matplotlib.font_manager | findfont: score(FontEntry(fname='/usr/share/fonts/truetype/noto/NotoSansMono-Regular.ttf', name='Noto Sans Mono', style='normal', variant='normal', weight=400, stretch='normal', size='scalable')) = 10.05
2026-04-01 01:50:13,649 | DEBUG | matplotlib.font_manager | findfont: score(FontEntry(fname='/usr/share/fonts/truetype/lato/Lato-Medium.ttf', name='Lato', style='normal', variant='normal', weight=500, stretch='normal', size='scalable')) = 10.145
2026-04-01 01:50:13,651 | DEBUG | matplotlib.font_manager | findfont: score(FontEntry(fname='/usr/share/fonts/truetype/lyx/cmr10.ttf', name='cmr10', style='normal', variant='normal', weight=400, stretch='normal', size='scalable')) = 10.05
2026-04-01 01:50:13,653 | DEBUG | matplotlib.font_manager | findfont: score(FontEntry(fname='/usr/share/fonts/truetype/lyx/stmary10.ttf', name='stmary10', style='normal', variant='normal', weight=400, stretch='normal', size='scalable')) = 10.05
2026-04-01 01:50:13,654 | DEBUG | matplotlib.font_manager | findfont: score(FontEntry(fname='/usr/share/fonts/opentype/urw-base35/NimbusSans-Italic.otf', name='Nimbus Sans', style='italic', variant='normal', weight=400, stretch='normal', size='scalable')) = 11.05
2026-04-01 01:50:13,657 | DEBUG | matplotlib.font_manager | findfont: score(FontEntry(fname='/usr/share/fonts/truetype/liberation/LiberationSerif-Bold.ttf', name='Liberation Serif', style='normal', variant='normal', weight=700, stretch='normal', size='scalable')) = 10.335
2026-04-01 01:50:13,659 | DEBUG | matplotlib.font_manager | findfont: score(FontEntry(fname='/usr/share/fonts/truetype/lyx/cmmi10.ttf', name='cmmi10', style='normal', variant='normal', weight=400, stretch='normal', size='scalable')) = 10.05
2026-04-01 01:50:13,660 | DEBUG | matplotlib.font_manager | findfont: score(FontEntry(fname='/usr/share/fonts/opentype/urw-base35/D050000L.otf', name='D050000L', style='normal', variant='normal', weight=400, stretch='normal', size='scalable')) = 10.05
2026-04-01 01:50:13,662 | DEBUG | matplotlib.font_manager | findfont: score(FontEntry(fname='/usr/share/fonts/truetype/dejavu/DejaVuSans.ttf', name='DejaVu Sans', style='normal', variant='normal', weight=400, stretch='normal', size='scalable')) = 0.05
2026-04-01 01:50:13,663 | DEBUG | matplotlib.font_manager | findfont: score(FontEntry(fname='/usr/share/fonts/opentype/urw-base35/URWGothic-DemiOblique.otf', name='URW Gothic', style='oblique', variant='normal', weight=600, stretch='normal', size='scalable')) = 11.24
2026-04-01 01:50:13,665 | DEBUG | matplotlib.font_manager | findfont: score(FontEntry(fname='/usr/share/fonts/opentype/urw-base35/P052-Italic.otf', name='P052', style='italic', variant='normal', weight=400, stretch='normal', size='scalable')) = 11.05
2026-04-01 01:50:13,666 | DEBUG | matplotlib.font_manager | findfont: score(FontEntry(fname='/usr/share/fonts/opentype/font-awesome/FontAwesome.otf', name='FontAwesome', style='normal', variant='normal', weight=400, stretch='normal', size='scalable')) = 10.05
2026-04-01 01:50:13,667 | DEBUG | matplotlib.font_manager | findfont: score(FontEntry(fname='/usr/share/fonts/truetype/lyx/cmex10.ttf', name='cmex10', style='normal', variant='normal', weight=400, stretch='normal', size='scalable')) = 10.05
2026-04-01 01:50:13,669 | DEBUG | matplotlib.font_manager | findfont: score(FontEntry(fname='/usr/share/fonts/opentype/urw-base35/NimbusSansNarrow-Regular.otf', name='Nimbus Sans Narrow', style='normal', variant='normal', weight=400, stretch='condensed', size='scalable')) = 10.25
2026-04-01 01:50:13,670 | DEBUG | matplotlib.font_manager | findfont: score(FontEntry(fname='/usr/share/fonts/opentype/urw-base35/NimbusRoman-BoldItalic.otf', name='Nimbus Roman', style='italic', variant='normal', weight=700, stretch='normal', size='scalable')) = 11.335
2026-04-01 01:50:13,671 | DEBUG | matplotlib.font_manager | findfont: score(FontEntry(fname='/usr/share/fonts/opentype/urw-base35/NimbusMonoPS-Italic.otf', name='Nimbus Mono PS', style='italic', variant='normal', weight=400, stretch='normal', size='scalable')) = 11.05
2026-04-01 01:50:13,673 | DEBUG | matplotlib.font_manager | findfont: score(FontEntry(fname='/usr/share/fonts/truetype/dejavu/DejaVuSans-BoldOblique.ttf', name='DejaVu Sans', style='oblique', variant='normal', weight=700, stretch='normal', size='scalable')) = 1.335
2026-04-01 01:50:13,675 | DEBUG | matplotlib.font_manager | findfont: score(FontEntry(fname='/usr/share/fonts/truetype/lato/Lato-LightItalic.ttf', name='Lato', style='italic', variant='normal', weight=300, stretch='normal', size='scalable')) = 11.145
2026-04-01 01:50:13,676 | DEBUG | matplotlib.font_manager | findfont: score(FontEntry(fname='/usr/share/fonts/truetype/lato/Lato-BoldItalic.ttf', name='Lato', style='italic', variant='normal', weight=700, stretch='normal', size='scalable')) = 11.335
2026-04-01 01:50:13,678 | DEBUG | matplotlib.font_manager | findfont: score(FontEntry(fname='/usr/share/fonts/truetype/dejavu/DejaVuSans-ExtraLight.ttf', name='DejaVu Sans', style='normal', variant='normal', weight=200, stretch='normal', size='scalable')) = 0.24
2026-04-01 01:50:13,679 | DEBUG | matplotlib.font_manager | findfont: score(FontEntry(fname='/usr/share/fonts/opentype/urw-base35/NimbusMonoPS-Bold.otf', name='Nimbus Mono PS', style='normal', variant='normal', weight=700, stretch='normal', size='scalable')) = 10.335
2026-04-01 01:50:13,681 | DEBUG | matplotlib.font_manager | findfont: score(FontEntry(fname='/usr/share/fonts/truetype/dejavu/DejaVuSerif.ttf', name='DejaVu Serif', style='normal', variant='normal', weight=400, stretch='normal', size='scalable')) = 10.05
2026-04-01 01:50:13,682 | DEBUG | matplotlib.font_manager | findfont: score(FontEntry(fname='/usr/share/fonts/truetype/liberation/LiberationSerif-Italic.ttf', name='Liberation Serif', style='italic', variant='normal', weight=400, stretch='normal', size='scalable')) = 11.05
2026-04-01 01:50:13,684 | DEBUG | matplotlib.font_manager | findfont: score(FontEntry(fname='/usr/share/fonts/truetype/dejavu/DejaVuSansCondensed-BoldOblique.ttf', name='DejaVu Sans', style='oblique', variant='normal', weight=700, stretch='condensed', size='scalable')) = 1.535
2026-04-01 01:50:13,685 | DEBUG | matplotlib.font_manager | findfont: score(FontEntry(fname='/usr/share/fonts/truetype/liberation/LiberationSansNarrow-Bold.ttf', name='Liberation Sans Narrow', style='normal', variant='normal', weight=700, stretch='condensed', size='scalable')) = 10.535
2026-04-01 01:50:13,686 | DEBUG | matplotlib.font_manager | findfont: score(FontEntry(fname='/usr/share/fonts/truetype/lyx/rsfs10.ttf', name='rsfs10', style='italic', variant='normal', weight=400, stretch='normal', size='scalable')) = 11.05
2026-04-01 01:50:13,688 | DEBUG | matplotlib.font_manager | findfont: score(FontEntry(fname='/usr/share/fonts/truetype/lato/Lato-Semibold.ttf', name='Lato', style='normal', variant='normal', weight=600, stretch='normal', size='scalable')) = 10.24
2026-04-01 01:50:13,689 | DEBUG | matplotlib.font_manager | findfont: score(FontEntry(fname='/usr/share/fonts/truetype/lyx/cmsy10.ttf', name='cmsy10', style='normal', variant='normal', weight=400, stretch='normal', size='scalable')) = 10.05
2026-04-01 01:50:13,691 | DEBUG | matplotlib.font_manager | findfont: score(FontEntry(fname='/usr/share/fonts/opentype/urw-base35/URWBookman-DemiItalic.otf', name='URW Bookman', style='italic', variant='normal', weight=600, stretch='normal', size='scalable')) = 11.24
2026-04-01 01:50:13,692 | DEBUG | matplotlib.font_manager | findfont: score(FontEntry(fname='/usr/share/fonts/truetype/dejavu/DejaVuSerif-BoldItalic.ttf', name='DejaVu Serif', style='italic', variant='normal', weight=700, stretch='normal', size='scalable')) = 11.335
2026-04-01 01:50:13,694 | DEBUG | matplotlib.font_manager | findfont: score(FontEntry(fname='/usr/share/fonts/truetype/dejavu/DejaVuSerifCondensed-BoldItalic.ttf', name='DejaVu Serif', style='italic', variant='normal', weight=700, stretch='condensed', size='scalable')) = 11.535
2026-04-01 01:50:13,695 | DEBUG | matplotlib.font_manager | findfont: score(FontEntry(fname='/usr/share/fonts/truetype/lato/Lato-ThinItalic.ttf', name='Lato', style='italic', variant='normal', weight=275, stretch='normal', size='scalable')) = 11.16875
2026-04-01 01:50:13,697 | DEBUG | matplotlib.font_manager | findfont: score(FontEntry(fname='/usr/share/fonts/opentype/urw-base35/P052-BoldItalic.otf', name='P052', style='italic', variant='normal', weight=700, stretch='normal', size='scalable')) = 11.335
2026-04-01 01:50:13,698 | DEBUG | matplotlib.font_manager | findfont: score(FontEntry(fname='/usr/share/fonts/truetype/lato/Lato-MediumItalic.ttf', name='Lato', style='italic', variant='normal', weight=500, stretch='normal', size='scalable')) = 11.145
2026-04-01 01:50:13,700 | DEBUG | matplotlib.font_manager | findfont: score(FontEntry(fname='/usr/share/fonts/truetype/lyx/msam10.ttf', name='msam10', style='normal', variant='normal', weight=400, stretch='normal', size='scalable')) = 10.05
2026-04-01 01:50:13,701 | DEBUG | matplotlib.font_manager | findfont: score(FontEntry(fname='/usr/share/fonts/opentype/urw-base35/URWBookman-Demi.otf', name='URW Bookman', style='normal', variant='normal', weight=600, stretch='normal', size='scalable')) = 10.24
2026-04-01 01:50:13,703 | DEBUG | matplotlib.font_manager | findfont: Matching sans\-serif:style=normal:variant=normal:weight=normal:stretch=normal:size=12.0 to DejaVu Sans ('/home/s466553/Master_thesis/myenv/lib/python3.13/site-packages/matplotlib/mpl-data/fonts/ttf/DejaVuSans.ttf') with score of 0.050000.
2026-04-01 01:50:23,498 | INFO | testing.compare_dl_vs_csd | Saved 15 combined per-series plots to: results/comparison/compare_cnn_lstm_ts_500_acc_to_pangaea_923197_vs_csd_pangaea_923197/plots/per_series_panels
2026-04-01 01:50:23,501 | INFO | testing.compare_dl_vs_csd | {
  "num_merged_rows": 15,
  "num_series": 15,
  "positive_prob_column": "prob_class_1",
  "num_roc_methods": 0,
  "num_per_series_plots": 15,
  "best_method": null
}
2026-04-01 01:50:23,503 | INFO | testing.compare_dl_vs_csd | ================================================================================
2026-04-01 01:50:23,506 | INFO | testing.compare_dl_vs_csd | Comparison completed successfully
2026-04-01 01:50:23,508 | INFO | testing.compare_dl_vs_csd | ================================================================================
