=========================================
Job started at: Mon Feb 23 08:06:58 PM CET 2026
Job ID: 2321192
Node: jn012
Args: DATASET=ts_500 MODEL=cnn_lstm METRIC=f1_macro
=========================================
Activating virtual environment...

GPU Information:
name, memory.total [MiB], memory.free [MiB]
NVIDIA L40, 49140 MiB, 48514 MiB

Starting training...
Running 1 experiment(s): 1 model(s) × 1 dataset(s) × 1 metric(s)
Models: ['cnn_lstm']
Datasets: ['ts_500']
Metrics: ['f1_macro']
2026-02-23 20:07:01,853 | INFO | Run name: cnn_lstm_ts_500_f1_macro
2026-02-23 20:07:01,853 | INFO | Dataset: ts_500 | Model: cnn_lstm | Metric: f1_macro
2026-02-23 20:07:01,853 | INFO | Checkpoint: /home/s466553/Master_thesis/Main/checkpoints/cnn_lstm_ts_500_f1_macro.pt
2026-02-23 20:07:01,853 | INFO | Results CSV: /home/s466553/Master_thesis/Main/results/cnn_lstm_ts_500_f1_macro_training.csv
Split files already exist. Using existing:
  /home/s466553/Master_thesis/Main/dataset/ts_500/ts_500_train.csv
  /home/s466553/Master_thesis/Main/dataset/ts_500/ts_500_val.csv
  /home/s466553/Master_thesis/Main/dataset/ts_500/ts_500_test.csv
2026-02-23 20:07:01,934 | INFO | Device: cuda
2026-02-23 20:11:15,690 | INFO | Epoch 1/20 (time: 252.2s)
2026-02-23 20:11:15,693 | INFO |   Train -> loss: 1.332240 | acc: 0.321751
2026-02-23 20:11:15,694 | INFO |   Val   -> loss: 1.372395 | acc: 0.298760 | f1_macro: 0.196782
2026-02-23 20:11:15,702 | INFO |  Saved best checkpoint: /home/s466553/Master_thesis/Main/checkpoints/cnn_lstm_ts_500_f1_macro.pt
2026-02-23 20:15:22,099 | INFO | Epoch 2/20 (time: 246.4s)
2026-02-23 20:15:22,106 | INFO |   Train -> loss: 1.319387 | acc: 0.338014
2026-02-23 20:15:22,106 | INFO |   Val   -> loss: 1.276107 | acc: 0.369507 | f1_macro: 0.256951
2026-02-23 20:15:22,111 | INFO |  Saved best checkpoint: /home/s466553/Master_thesis/Main/checkpoints/cnn_lstm_ts_500_f1_macro.pt
2026-02-23 20:19:27,161 | INFO | Epoch 3/20 (time: 245.0s)
2026-02-23 20:19:27,166 | INFO |   Train -> loss: 1.284685 | acc: 0.365931
2026-02-23 20:19:27,166 | INFO |   Val   -> loss: 1.269957 | acc: 0.369613 | f1_macro: 0.257573
2026-02-23 20:19:27,169 | INFO |  Saved best checkpoint: /home/s466553/Master_thesis/Main/checkpoints/cnn_lstm_ts_500_f1_macro.pt
2026-02-23 20:23:40,301 | INFO | Epoch 4/20 (time: 253.1s)
2026-02-23 20:23:40,305 | INFO |   Train -> loss: 1.279842 | acc: 0.365591
2026-02-23 20:23:40,305 | INFO |   Val   -> loss: 1.266266 | acc: 0.368120 | f1_macro: 0.257334
2026-02-23 20:27:53,975 | INFO | Epoch 5/20 (time: 253.7s)
2026-02-23 20:27:53,979 | INFO |   Train -> loss: 1.269067 | acc: 0.367140
2026-02-23 20:27:53,979 | INFO |   Val   -> loss: 1.250679 | acc: 0.371627 | f1_macro: 0.266495
2026-02-23 20:27:53,982 | INFO |  Saved best checkpoint: /home/s466553/Master_thesis/Main/checkpoints/cnn_lstm_ts_500_f1_macro.pt
2026-02-23 20:32:06,133 | INFO | Epoch 6/20 (time: 252.1s)
2026-02-23 20:32:06,137 | INFO |   Train -> loss: 1.260753 | acc: 0.370463
2026-02-23 20:32:06,137 | INFO |   Val   -> loss: 1.241830 | acc: 0.379280 | f1_macro: 0.298893
2026-02-23 20:32:06,139 | INFO |  Saved best checkpoint: /home/s466553/Master_thesis/Main/checkpoints/cnn_lstm_ts_500_f1_macro.pt
2026-02-23 20:36:14,571 | INFO | Epoch 7/20 (time: 248.4s)
2026-02-23 20:36:14,577 | INFO |   Train -> loss: 1.249175 | acc: 0.379363
2026-02-23 20:36:14,577 | INFO |   Val   -> loss: 1.231272 | acc: 0.389733 | f1_macro: 0.318008
2026-02-23 20:36:14,583 | INFO |  Saved best checkpoint: /home/s466553/Master_thesis/Main/checkpoints/cnn_lstm_ts_500_f1_macro.pt
2026-02-23 20:40:20,730 | INFO | Epoch 8/20 (time: 246.1s)
2026-02-23 20:40:20,735 | INFO |   Train -> loss: 1.237989 | acc: 0.384974
2026-02-23 20:40:20,735 | INFO |   Val   -> loss: 1.199455 | acc: 0.394480 | f1_macro: 0.377105
2026-02-23 20:40:20,737 | INFO |  Saved best checkpoint: /home/s466553/Master_thesis/Main/checkpoints/cnn_lstm_ts_500_f1_macro.pt
2026-02-23 20:44:26,184 | INFO | Epoch 9/20 (time: 245.4s)
2026-02-23 20:44:26,188 | INFO |   Train -> loss: 1.243048 | acc: 0.382151
2026-02-23 20:44:26,188 | INFO |   Val   -> loss: 1.188572 | acc: 0.447867 | f1_macro: 0.391029
2026-02-23 20:44:26,190 | INFO |  Saved best checkpoint: /home/s466553/Master_thesis/Main/checkpoints/cnn_lstm_ts_500_f1_macro.pt
2026-02-23 20:48:32,056 | INFO | Epoch 10/20 (time: 245.9s)
2026-02-23 20:48:32,061 | INFO |   Train -> loss: 1.146853 | acc: 0.461894
2026-02-23 20:48:32,061 | INFO |   Val   -> loss: 1.041387 | acc: 0.545227 | f1_macro: 0.519719
2026-02-23 20:48:32,065 | INFO |  Saved best checkpoint: /home/s466553/Master_thesis/Main/checkpoints/cnn_lstm_ts_500_f1_macro.pt
2026-02-23 20:52:42,706 | INFO | Epoch 11/20 (time: 250.6s)
2026-02-23 20:52:42,714 | INFO |   Train -> loss: 1.043271 | acc: 0.532903
2026-02-23 20:52:42,714 | INFO |   Val   -> loss: 1.234576 | acc: 0.479360 | f1_macro: 0.478288
2026-02-23 20:56:47,123 | INFO | Epoch 12/20 (time: 244.4s)
2026-02-23 20:56:47,127 | INFO |   Train -> loss: 0.988192 | acc: 0.563551
2026-02-23 20:56:47,127 | INFO |   Val   -> loss: 1.224969 | acc: 0.421893 | f1_macro: 0.421164
2026-02-23 21:00:51,356 | INFO | Epoch 13/20 (time: 244.2s)
2026-02-23 21:00:51,360 | INFO |   Train -> loss: 0.959632 | acc: 0.578009
2026-02-23 21:00:51,360 | INFO |   Val   -> loss: 0.916730 | acc: 0.602707 | f1_macro: 0.579639
2026-02-23 21:00:51,364 | INFO |  Saved best checkpoint: /home/s466553/Master_thesis/Main/checkpoints/cnn_lstm_ts_500_f1_macro.pt
2026-02-23 21:05:02,572 | INFO | Epoch 14/20 (time: 251.2s)
2026-02-23 21:05:02,575 | INFO |   Train -> loss: 0.940357 | acc: 0.587563
2026-02-23 21:05:02,575 | INFO |   Val   -> loss: 1.008035 | acc: 0.551640 | f1_macro: 0.546582
2026-02-23 21:09:06,804 | INFO | Epoch 15/20 (time: 244.2s)
2026-02-23 21:09:06,810 | INFO |   Train -> loss: 0.939591 | acc: 0.586217
2026-02-23 21:09:06,810 | INFO |   Val   -> loss: 0.968377 | acc: 0.578533 | f1_macro: 0.566166
2026-02-23 21:13:14,275 | INFO | Epoch 16/20 (time: 247.5s)
2026-02-23 21:13:14,279 | INFO |   Train -> loss: 0.918770 | acc: 0.598454
2026-02-23 21:13:14,279 | INFO |   Val   -> loss: 0.960910 | acc: 0.568240 | f1_macro: 0.555356
2026-02-23 21:17:18,381 | INFO | Epoch 17/20 (time: 244.1s)
2026-02-23 21:17:18,390 | INFO |   Train -> loss: 0.918912 | acc: 0.596563
2026-02-23 21:17:18,390 | INFO |   Val   -> loss: 0.883953 | acc: 0.620427 | f1_macro: 0.602159
2026-02-23 21:17:18,392 | INFO |  Saved best checkpoint: /home/s466553/Master_thesis/Main/checkpoints/cnn_lstm_ts_500_f1_macro.pt
2026-02-23 21:21:25,659 | INFO | Epoch 18/20 (time: 247.3s)
2026-02-23 21:21:25,663 | INFO |   Train -> loss: 0.899470 | acc: 0.606389
2026-02-23 21:21:25,663 | INFO |   Val   -> loss: 1.005969 | acc: 0.558893 | f1_macro: 0.559518
2026-02-23 21:25:27,722 | INFO | Epoch 19/20 (time: 242.1s)
2026-02-23 21:25:27,726 | INFO |   Train -> loss: 0.893208 | acc: 0.609843
2026-02-23 21:25:27,726 | INFO |   Val   -> loss: 0.843593 | acc: 0.638627 | f1_macro: 0.625748
2026-02-23 21:25:27,731 | INFO |  Saved best checkpoint: /home/s466553/Master_thesis/Main/checkpoints/cnn_lstm_ts_500_f1_macro.pt
2026-02-23 21:29:34,977 | INFO | Epoch 20/20 (time: 247.2s)
2026-02-23 21:29:34,981 | INFO |   Train -> loss: 0.876488 | acc: 0.619069
2026-02-23 21:29:34,981 | INFO |   Val   -> loss: 0.867234 | acc: 0.634347 | f1_macro: 0.625265
2026-02-23 21:29:34,986 | INFO | Saved training log CSV: /home/s466553/Master_thesis/Main/results/cnn_lstm_ts_500_f1_macro_training.csv
2026-02-23 21:29:34,986 | INFO | Done.

=========================================
Job finished at: Mon Feb 23 09:29:35 PM CET 2026
=========================================
