=========================================
Job started at: Mon Feb 23 01:14:58 AM CET 2026
Job ID: 2320354
Node: jnfat02
Args: DATASET=ts_500 MODEL=cnn METRIC=acc
=========================================
Activating virtual environment...

GPU Information:
name, memory.total [MiB], memory.free [MiB]
NVIDIA L40S, 46068 MiB, 45460 MiB

Starting training...
Running 1 experiment(s): 1 model(s) × 1 dataset(s) × 1 metric(s)
Models: ['cnn']
Datasets: ['ts_500']
Metrics: ['acc']
2026-02-23 01:15:02,603 | INFO | Run name: cnn_ts_500_acc
2026-02-23 01:15:02,603 | INFO | Dataset: ts_500 | Model: cnn | Metric: acc
2026-02-23 01:15:02,603 | INFO | Checkpoint: /home/s466553/Master_thesis/Main/checkpoints/cnn_ts_500_acc.pt
2026-02-23 01:15:02,603 | INFO | Results CSV: /home/s466553/Master_thesis/Main/results/cnn_ts_500_acc_training.csv
Split files already exist. Using existing:
  /home/s466553/Master_thesis/Main/dataset/ts_500/ts_500_train.csv
  /home/s466553/Master_thesis/Main/dataset/ts_500/ts_500_val.csv
  /home/s466553/Master_thesis/Main/dataset/ts_500/ts_500_test.csv
2026-02-23 01:15:02,708 | INFO | Device: cuda
2026-02-23 01:19:09,491 | INFO | Epoch 1/20 (time: 245.1s)
2026-02-23 01:19:09,494 | INFO |   Train -> loss: 1.294415 | acc: 0.369557
2026-02-23 01:19:09,494 | INFO |   Val   -> loss: 1.249497 | acc: 0.429547 | acc: 0.429547
2026-02-23 01:19:09,508 | INFO |  Saved best checkpoint: /home/s466553/Master_thesis/Main/checkpoints/cnn_ts_500_acc.pt
2026-02-23 01:23:28,538 | INFO | Epoch 2/20 (time: 259.0s)
2026-02-23 01:23:28,542 | INFO |   Train -> loss: 1.162947 | acc: 0.473409
2026-02-23 01:23:28,542 | INFO |   Val   -> loss: 1.314328 | acc: 0.328653 | acc: 0.328653
2026-02-23 01:27:27,832 | INFO | Epoch 3/20 (time: 239.3s)
2026-02-23 01:27:27,836 | INFO |   Train -> loss: 1.038007 | acc: 0.553780
2026-02-23 01:27:27,836 | INFO |   Val   -> loss: 1.377635 | acc: 0.351507 | acc: 0.351507
2026-02-23 01:31:25,495 | INFO | Epoch 4/20 (time: 237.7s)
2026-02-23 01:31:25,504 | INFO |   Train -> loss: 0.968617 | acc: 0.591083
2026-02-23 01:31:25,504 | INFO |   Val   -> loss: 1.444489 | acc: 0.357133 | acc: 0.357133
2026-02-23 01:35:20,680 | INFO | Epoch 5/20 (time: 235.2s)
2026-02-23 01:35:20,686 | INFO |   Train -> loss: 0.925953 | acc: 0.611711
2026-02-23 01:35:20,686 | INFO |   Val   -> loss: 1.437614 | acc: 0.376840 | acc: 0.376840
2026-02-23 01:39:17,950 | INFO | Epoch 6/20 (time: 237.3s)
2026-02-23 01:39:17,955 | INFO |   Train -> loss: 0.894230 | acc: 0.627391
2026-02-23 01:39:17,955 | INFO |   Val   -> loss: 1.437766 | acc: 0.395827 | acc: 0.395827
2026-02-23 01:39:17,955 | INFO |   Early stopping (patience=5)
2026-02-23 01:39:17,955 | INFO | Saved training log CSV: /home/s466553/Master_thesis/Main/results/cnn_ts_500_acc_training.csv
2026-02-23 01:39:17,955 | INFO | Done.

=========================================
Job finished at: Mon Feb 23 01:39:18 AM CET 2026
=========================================
