=========================================
Job started at: Sun Feb 22 09:02:29 PM CET 2026
Job ID: 2320288
Node: jnfat08
Args: DATASET=ts_500 MODEL=lstm METRIC=f1_macro
=========================================
Activating virtual environment...

GPU Information:
name, memory.total [MiB], memory.free [MiB]
NVIDIA L40S, 46068 MiB, 45460 MiB

Starting training...
Running 1 experiment(s): 1 model(s) × 1 dataset(s) × 1 metric(s)
Models: ['lstm']
Datasets: ['ts_500']
Metrics: ['f1_macro']
2026-02-22 21:02:30,510 | INFO | Run name: lstm_ts_500_f1_macro
2026-02-22 21:02:30,511 | INFO | Dataset: ts_500 | Model: lstm | Metric: f1_macro
2026-02-22 21:02:30,511 | INFO | Checkpoint: /home/s466553/Master_thesis/Main/checkpoints/lstm_ts_500_f1_macro.pt
2026-02-22 21:02:30,511 | INFO | Results CSV: /home/s466553/Master_thesis/Main/results/lstm_ts_500_f1_macro_training.csv
Split files already exist. Using existing:
  /home/s466553/Master_thesis/Main/dataset/ts_500/ts_500_train.csv
  /home/s466553/Master_thesis/Main/dataset/ts_500/ts_500_val.csv
  /home/s466553/Master_thesis/Main/dataset/ts_500/ts_500_test.csv
2026-02-22 21:02:30,591 | INFO | Device: cuda
2026-02-22 21:05:31,070 | INFO | Epoch 1/20 (time: 179.8s)
2026-02-22 21:05:31,073 | INFO |   Train -> loss: 1.310729 | acc: 0.354686
2026-02-22 21:05:31,073 | INFO |   Val   -> loss: 1.445267 | acc: 0.387573 | f1_macro: 0.331370
2026-02-22 21:05:31,084 | INFO |  Saved best checkpoint: /home/s466553/Master_thesis/Main/checkpoints/lstm_ts_500_f1_macro.pt
2026-02-22 21:08:30,623 | INFO | Epoch 2/20 (time: 179.5s)
2026-02-22 21:08:30,626 | INFO |   Train -> loss: 0.969477 | acc: 0.593131
2026-02-22 21:08:30,626 | INFO |   Val   -> loss: 0.842528 | acc: 0.661227 | f1_macro: 0.662510
2026-02-22 21:08:30,628 | INFO |  Saved best checkpoint: /home/s466553/Master_thesis/Main/checkpoints/lstm_ts_500_f1_macro.pt
2026-02-22 21:11:30,346 | INFO | Epoch 3/20 (time: 179.7s)
2026-02-22 21:11:30,350 | INFO |   Train -> loss: 1.202196 | acc: 0.413531
2026-02-22 21:11:30,350 | INFO |   Val   -> loss: 1.266898 | acc: 0.407120 | f1_macro: 0.385827
2026-02-22 21:14:31,471 | INFO | Epoch 4/20 (time: 181.1s)
2026-02-22 21:14:31,475 | INFO |   Train -> loss: 1.268010 | acc: 0.377109
2026-02-22 21:14:31,475 | INFO |   Val   -> loss: 1.288712 | acc: 0.346720 | f1_macro: 0.299846
2026-02-22 21:17:30,349 | INFO | Epoch 5/20 (time: 178.9s)
2026-02-22 21:17:30,354 | INFO |   Train -> loss: 1.149463 | acc: 0.450880
2026-02-22 21:17:30,354 | INFO |   Val   -> loss: 0.816766 | acc: 0.677280 | f1_macro: 0.674062
2026-02-22 21:17:30,357 | INFO |  Saved best checkpoint: /home/s466553/Master_thesis/Main/checkpoints/lstm_ts_500_f1_macro.pt
2026-02-22 21:20:30,596 | INFO | Epoch 6/20 (time: 180.2s)
2026-02-22 21:20:30,600 | INFO |   Train -> loss: 0.795600 | acc: 0.686080
2026-02-22 21:20:30,600 | INFO |   Val   -> loss: 0.678618 | acc: 0.740453 | f1_macro: 0.740131
2026-02-22 21:20:30,604 | INFO |  Saved best checkpoint: /home/s466553/Master_thesis/Main/checkpoints/lstm_ts_500_f1_macro.pt
2026-02-22 21:23:28,529 | INFO | Epoch 7/20 (time: 177.9s)
2026-02-22 21:23:28,533 | INFO |   Train -> loss: 0.668129 | acc: 0.745680
2026-02-22 21:23:28,533 | INFO |   Val   -> loss: 0.545502 | acc: 0.795360 | f1_macro: 0.793670
2026-02-22 21:23:28,536 | INFO |  Saved best checkpoint: /home/s466553/Master_thesis/Main/checkpoints/lstm_ts_500_f1_macro.pt
2026-02-22 21:26:26,220 | INFO | Epoch 8/20 (time: 177.7s)
2026-02-22 21:26:26,223 | INFO |   Train -> loss: 0.574554 | acc: 0.786434
2026-02-22 21:26:26,223 | INFO |   Val   -> loss: 0.493469 | acc: 0.815893 | f1_macro: 0.814606
2026-02-22 21:26:26,225 | INFO |  Saved best checkpoint: /home/s466553/Master_thesis/Main/checkpoints/lstm_ts_500_f1_macro.pt
2026-02-22 21:29:24,411 | INFO | Epoch 9/20 (time: 178.2s)
2026-02-22 21:29:24,415 | INFO |   Train -> loss: 0.517065 | acc: 0.808554
2026-02-22 21:29:24,415 | INFO |   Val   -> loss: 0.450133 | acc: 0.833093 | f1_macro: 0.831539
2026-02-22 21:29:24,419 | INFO |  Saved best checkpoint: /home/s466553/Master_thesis/Main/checkpoints/lstm_ts_500_f1_macro.pt
2026-02-22 21:32:22,846 | INFO | Epoch 10/20 (time: 178.4s)
2026-02-22 21:32:22,853 | INFO |   Train -> loss: 0.490219 | acc: 0.818740
2026-02-22 21:32:22,853 | INFO |   Val   -> loss: 0.430094 | acc: 0.839520 | f1_macro: 0.838046
2026-02-22 21:32:22,855 | INFO |  Saved best checkpoint: /home/s466553/Master_thesis/Main/checkpoints/lstm_ts_500_f1_macro.pt
2026-02-22 21:35:20,447 | INFO | Epoch 11/20 (time: 177.6s)
2026-02-22 21:35:20,450 | INFO |   Train -> loss: 0.458449 | acc: 0.831671
2026-02-22 21:35:20,450 | INFO |   Val   -> loss: 0.410118 | acc: 0.846453 | f1_macro: 0.844734
2026-02-22 21:35:20,454 | INFO |  Saved best checkpoint: /home/s466553/Master_thesis/Main/checkpoints/lstm_ts_500_f1_macro.pt
2026-02-22 21:38:18,215 | INFO | Epoch 12/20 (time: 177.8s)
2026-02-22 21:38:18,219 | INFO |   Train -> loss: 0.446819 | acc: 0.835577
2026-02-22 21:38:18,220 | INFO |   Val   -> loss: 0.397165 | acc: 0.851907 | f1_macro: 0.850699
2026-02-22 21:38:18,222 | INFO |  Saved best checkpoint: /home/s466553/Master_thesis/Main/checkpoints/lstm_ts_500_f1_macro.pt
2026-02-22 21:41:17,502 | INFO | Epoch 13/20 (time: 179.3s)
2026-02-22 21:41:17,506 | INFO |   Train -> loss: 0.431736 | acc: 0.840843
2026-02-22 21:41:17,506 | INFO |   Val   -> loss: 0.396592 | acc: 0.852520 | f1_macro: 0.851493
2026-02-22 21:41:17,509 | INFO |  Saved best checkpoint: /home/s466553/Master_thesis/Main/checkpoints/lstm_ts_500_f1_macro.pt
2026-02-22 21:44:16,325 | INFO | Epoch 14/20 (time: 178.8s)
2026-02-22 21:44:16,330 | INFO |   Train -> loss: 0.419871 | acc: 0.846443
2026-02-22 21:44:16,330 | INFO |   Val   -> loss: 0.385124 | acc: 0.857813 | f1_macro: 0.856305
2026-02-22 21:44:16,334 | INFO |  Saved best checkpoint: /home/s466553/Master_thesis/Main/checkpoints/lstm_ts_500_f1_macro.pt
2026-02-22 21:47:14,775 | INFO | Epoch 15/20 (time: 178.4s)
2026-02-22 21:47:14,778 | INFO |   Train -> loss: 0.411169 | acc: 0.848989
2026-02-22 21:47:14,778 | INFO |   Val   -> loss: 0.378882 | acc: 0.859440 | f1_macro: 0.858257
2026-02-22 21:47:14,780 | INFO |  Saved best checkpoint: /home/s466553/Master_thesis/Main/checkpoints/lstm_ts_500_f1_macro.pt
2026-02-22 21:50:13,349 | INFO | Epoch 16/20 (time: 178.6s)
2026-02-22 21:50:13,353 | INFO |   Train -> loss: 0.400849 | acc: 0.853169
2026-02-22 21:50:13,353 | INFO |   Val   -> loss: 0.372592 | acc: 0.863360 | f1_macro: 0.862076
2026-02-22 21:50:13,356 | INFO |  Saved best checkpoint: /home/s466553/Master_thesis/Main/checkpoints/lstm_ts_500_f1_macro.pt
2026-02-22 21:53:14,616 | INFO | Epoch 17/20 (time: 181.3s)
2026-02-22 21:53:14,624 | INFO |   Train -> loss: 0.392949 | acc: 0.855697
2026-02-22 21:53:14,624 | INFO |   Val   -> loss: 0.372245 | acc: 0.862667 | f1_macro: 0.861172
2026-02-22 21:56:12,653 | INFO | Epoch 18/20 (time: 178.0s)
2026-02-22 21:56:12,657 | INFO |   Train -> loss: 0.386481 | acc: 0.858060
2026-02-22 21:56:12,657 | INFO |   Val   -> loss: 0.379792 | acc: 0.861693 | f1_macro: 0.860601
2026-02-22 21:59:10,752 | INFO | Epoch 19/20 (time: 178.1s)
2026-02-22 21:59:10,756 | INFO |   Train -> loss: 0.379991 | acc: 0.860051
2026-02-22 21:59:10,756 | INFO |   Val   -> loss: 0.359572 | acc: 0.868760 | f1_macro: 0.867693
2026-02-22 21:59:10,761 | INFO |  Saved best checkpoint: /home/s466553/Master_thesis/Main/checkpoints/lstm_ts_500_f1_macro.pt
2026-02-22 22:02:10,825 | INFO | Epoch 20/20 (time: 180.1s)
2026-02-22 22:02:10,833 | INFO |   Train -> loss: 0.375290 | acc: 0.862046
2026-02-22 22:02:10,833 | INFO |   Val   -> loss: 0.361681 | acc: 0.868027 | f1_macro: 0.866853
2026-02-22 22:02:10,835 | INFO | Saved training log CSV: /home/s466553/Master_thesis/Main/results/lstm_ts_500_f1_macro_training.csv
2026-02-22 22:02:10,835 | INFO | Done.

=========================================
Job finished at: Sun Feb 22 10:02:11 PM CET 2026
=========================================
