=========================================
Job started at: Mon Feb 23 01:11:13 AM CET 2026
Job ID: 2320352
Node: jnfat08
Args: DATASET=ts_500 MODEL=cnn METRIC=balanced_accuracy
=========================================
Activating virtual environment...

GPU Information:
name, memory.total [MiB], memory.free [MiB]
NVIDIA L40S, 46068 MiB, 45460 MiB

Starting training...
Running 1 experiment(s): 1 model(s) × 1 dataset(s) × 1 metric(s)
Models: ['cnn']
Datasets: ['ts_500']
Metrics: ['balanced_accuracy']
2026-02-23 01:11:18,478 | INFO | Run name: cnn_ts_500_balanced_accuracy
2026-02-23 01:11:18,479 | INFO | Dataset: ts_500 | Model: cnn | Metric: balanced_accuracy
2026-02-23 01:11:18,479 | INFO | Checkpoint: /home/s466553/Master_thesis/Main/checkpoints/cnn_ts_500_balanced_accuracy.pt
2026-02-23 01:11:18,479 | INFO | Results CSV: /home/s466553/Master_thesis/Main/results/cnn_ts_500_balanced_accuracy_training.csv
Split files already exist. Using existing:
  /home/s466553/Master_thesis/Main/dataset/ts_500/ts_500_train.csv
  /home/s466553/Master_thesis/Main/dataset/ts_500/ts_500_val.csv
  /home/s466553/Master_thesis/Main/dataset/ts_500/ts_500_test.csv
2026-02-23 01:11:18,568 | INFO | Device: cuda
2026-02-23 01:14:13,272 | INFO | Epoch 1/20 (time: 172.5s)
2026-02-23 01:14:13,276 | INFO |   Train -> loss: 1.307114 | acc: 0.370366
2026-02-23 01:14:13,276 | INFO |   Val   -> loss: 1.273675 | acc: 0.424147 | balanced_accuracy: 0.424147
2026-02-23 01:14:13,284 | INFO |  Saved best checkpoint: /home/s466553/Master_thesis/Main/checkpoints/cnn_ts_500_balanced_accuracy.pt
2026-02-23 01:17:01,000 | INFO | Epoch 2/20 (time: 167.7s)
2026-02-23 01:17:01,005 | INFO |   Train -> loss: 1.170079 | acc: 0.479106
2026-02-23 01:17:01,005 | INFO |   Val   -> loss: 1.254055 | acc: 0.349067 | balanced_accuracy: 0.349067
2026-02-23 01:19:46,118 | INFO | Epoch 3/20 (time: 165.1s)
2026-02-23 01:19:46,125 | INFO |   Train -> loss: 1.055463 | acc: 0.552694
2026-02-23 01:19:46,125 | INFO |   Val   -> loss: 1.262158 | acc: 0.373093 | balanced_accuracy: 0.373093
2026-02-23 01:22:33,550 | INFO | Epoch 4/20 (time: 167.4s)
2026-02-23 01:22:33,554 | INFO |   Train -> loss: 0.984578 | acc: 0.591709
2026-02-23 01:22:33,554 | INFO |   Val   -> loss: 1.253232 | acc: 0.393147 | balanced_accuracy: 0.393147
2026-02-23 01:25:19,107 | INFO | Epoch 5/20 (time: 165.6s)
2026-02-23 01:25:19,111 | INFO |   Train -> loss: 0.934893 | acc: 0.615791
2026-02-23 01:25:19,111 | INFO |   Val   -> loss: 1.272284 | acc: 0.390400 | balanced_accuracy: 0.390400
2026-02-23 01:28:06,233 | INFO | Epoch 6/20 (time: 167.1s)
2026-02-23 01:28:06,239 | INFO |   Train -> loss: 0.896540 | acc: 0.633254
2026-02-23 01:28:06,239 | INFO |   Val   -> loss: 1.230428 | acc: 0.413827 | balanced_accuracy: 0.413827
2026-02-23 01:28:06,239 | INFO |   Early stopping (patience=5)
2026-02-23 01:28:06,239 | INFO | Saved training log CSV: /home/s466553/Master_thesis/Main/results/cnn_ts_500_balanced_accuracy_training.csv
2026-02-23 01:28:06,239 | INFO | Done.

=========================================
Job finished at: Mon Feb 23 01:28:07 AM CET 2026
=========================================
