18:05:21 | INFO | Model      : cnn
18:05:21 | INFO | Mode       : bury
18:05:21 | INFO | Datasets   : ['ts_500', 'ts_1500']
18:05:21 | INFO | Variants   : [1]
18:05:21 | INFO | Device     : cuda
18:05:21 | INFO | 
────────────────────────────────────────────────────────────
  model=cnn  dataset=ts_500  pad_variant=1  num_classes=4
────────────────────────────────────────────────────────────
18:05:33 | INFO |   Batches — train:7421 val:313 test:79
18:05:33 | INFO |   Parameters: 2,061,252
18:05:53 | INFO |   Epoch     1/100 | tr_loss=0.6993 tr_f1=0.7244 | vl_loss=0.6559 vl_f1=0.7473 | best=0.7473 | 0.3min
18:09:25 | INFO |   Early stopping at epoch 12
18:09:26 | INFO | 
  Test results: loss=0.6151 acc=0.7634 f1=0.7622
18:09:26 | INFO |   Training time: 3.9 min
18:09:26 | INFO |   Checkpoint: cnn_ts_500_v1_best.ckpt
18:09:26 | INFO |   Metrics: cnn_ts_500_v1_train_metrics.json
18:09:26 | INFO |   Completed cnn_ts_500_v1 | test_f1=0.7622
18:09:26 | INFO | 
────────────────────────────────────────────────────────────
  model=cnn  dataset=ts_1500  pad_variant=1  num_classes=4
────────────────────────────────────────────────────────────
18:09:31 | INFO |   Batches — train:2968 val:125 test:32
18:09:31 | INFO |   Parameters: 6,157,252
18:09:39 | INFO |   Epoch     1/100 | tr_loss=0.5904 tr_f1=0.7822 | vl_loss=0.5372 vl_f1=0.8067 | best=0.8067 | 0.1min
18:10:34 | INFO |   Early stopping at epoch 8
18:10:34 | INFO | 
  Test results: loss=0.5176 acc=0.8185 f1=0.8181
18:10:34 | INFO |   Training time: 1.1 min
18:10:34 | INFO |   Checkpoint: cnn_ts_1500_v1_best.ckpt
18:10:34 | INFO |   Metrics: cnn_ts_1500_v1_train_metrics.json
18:10:35 | INFO |   Completed cnn_ts_1500_v1 | test_f1=0.8181
18:10:35 | INFO | 
============================================================
18:10:35 | INFO |   SUMMARY — cnn
18:10:35 | INFO | ============================================================
18:10:35 | INFO |   ts_500 v1 | best_val_f1=0.7728 | test_f1=0.7622 | test_acc=0.7634
18:10:35 | INFO |   ts_1500 v1 | best_val_f1=0.8189 | test_f1=0.8181 | test_acc=0.8185
18:10:35 | INFO | 
All done. Logs in /home/s466553/Master_thesis/master_thesis/logs
