18:24:49 | INFO | Model  : minirocket
18:24:49 | INFO | Dataset: ts_1500
18:24:49 | INFO | Mode   : 4-class
18:24:49 | INFO | IS_TSC : True
18:24:49 | INFO |   n_jobs=16  (SLURM_CPUS_PER_TASK or default=4)
18:24:49 | INFO |   Loading train and val data into memory...
18:24:55 | INFO |   Dropping 637 flat train series
18:24:56 | INFO |   Dropping 40 flat val series
18:24:56 | INFO |   Train shape: (189363, 1500)  Val shape: (7960, 1500)
18:24:58 | INFO |   Residuals normalised; train 33332 -> 99996 (1 clean + 2 censored copies)
18:24:58 | INFO |   use_4channel=true — expanding to 4 EWS channels
18:25:53 | INFO |   ch_stats saved → minirocket_ts_1500_best_ch_stats.npz
18:25:53 | INFO |   Final train shape: (99996, 4, 1500)  Val shape: (7960, 4, 1500)
18:25:54 | INFO |   Fitting minirocket on 99996 series...
18:47:48 | INFO |   Val acc=0.7863  macro-F1=0.7857  time=21.8 min
18:47:48 | INFO |   Confusion matrix (rows=true, cols=pred):
18:47:48 | INFO |                fold: [1396, 57, 327, 220]
18:47:48 | INFO |                hopf: [194, 1653, 137, 16]
18:47:48 | INFO |       transcritical: [283, 80, 1399, 218]
18:47:48 | INFO |                null: [37, 14, 118, 1811]
18:47:48 | INFO |   Saved: minirocket_ts_1500_best.pkl
18:47:48 | INFO | Done — val_f1=0.7857
18:47:48 | INFO | Metrics saved: minirocket_ts_1500_train_metrics.json
	Command being timed: "python -u training/train.py --model minirocket --dataset ts_1500"
	User time (seconds): 19632.59
	System time (seconds): 57.86
	Percent of CPU this job got: 1422%
	Elapsed (wall clock) time (h:mm:ss or m:ss): 23:04.59
	Average shared text size (kbytes): 0
	Average unshared data size (kbytes): 0
	Average stack size (kbytes): 0
	Average total size (kbytes): 0
	Maximum resident set size (kbytes): 42177340
	Average resident set size (kbytes): 0
	Major (requiring I/O) page faults: 634
	Minor (reclaiming a frame) page faults: 904937
	Voluntary context switches: 11126
	Involuntary context switches: 90959
	Swaps: 0
	File system inputs: 96
	File system outputs: 1320
	Socket messages sent: 0
	Socket messages received: 0
	Signals delivered: 0
	Page size (bytes): 4096
	Exit status: 0
