10:37:26 | INFO | Model  : minirocket
10:37:26 | INFO | Dataset: ts_500
10:37:26 | INFO | Mode   : 4-class
10:37:26 | INFO | IS_TSC : True
10:37:26 | INFO |   Checkpoint exists (minirocket_ts_500_best.pkl) — skipping (use --force to retrain)
	Command being timed: "python -u training/train.py --model minirocket --dataset ts_500"
	User time (seconds): 3.64
	System time (seconds): 0.60
	Percent of CPU this job got: 158%
	Elapsed (wall clock) time (h:mm:ss or m:ss): 0:02.67
	Average shared text size (kbytes): 0
	Average unshared data size (kbytes): 0
	Average stack size (kbytes): 0
	Average total size (kbytes): 0
	Maximum resident set size (kbytes): 536764
	Average resident set size (kbytes): 0
	Major (requiring I/O) page faults: 0
	Minor (reclaiming a frame) page faults: 164566
	Voluntary context switches: 80
	Involuntary context switches: 288
	Swaps: 0
	File system inputs: 0
	File system outputs: 8
	Socket messages sent: 0
	Socket messages received: 0
	Signals delivered: 0
	Page size (bytes): 4096
	Exit status: 0
