=========================================
Job started at: Sun Feb 22 08:14:22 PM CET 2026
Job ID: 2320265
Node: jn101
=========================================

GPU Information:
name, memory.total [MiB], memory.free [MiB]
NVIDIA L40, 49140 MiB, 48514 MiB

=========================================
Running one-by-one metrics for:
  DATASET=ts_500  SEQ_LEN=500  MODEL=lstm
=========================================

-----------------------------------------
Starting: MODEL=lstm DATASET=ts_500 METRIC=acc
-----------------------------------------
Running 1 experiment(s): 1 model(s) × 1 dataset(s) × 1 metric(s)
Models: ['lstm']
Datasets: ['ts_500']
Metrics: ['acc']
2026-02-22 20:14:29,053 | INFO | Run name: lstm_ts_500_acc
2026-02-22 20:14:29,056 | INFO | Dataset: ts_500 | Model: lstm | Metric: acc
2026-02-22 20:14:29,056 | INFO | Checkpoint: /home/s466553/Master_thesis/Main/checkpoints/lstm_ts_500_acc.pt
2026-02-22 20:14:29,056 | INFO | Results CSV: /home/s466553/Master_thesis/Main/results/lstm_ts_500_acc_training.csv
Split files already exist. Using existing:
  /home/s466553/Master_thesis/Main/dataset/ts_500/ts_500_train.csv
  /home/s466553/Master_thesis/Main/dataset/ts_500/ts_500_val.csv
  /home/s466553/Master_thesis/Main/dataset/ts_500/ts_500_test.csv
2026-02-22 20:14:29,195 | INFO | Device: cuda
