=========================================
Job started at: Sun Feb 22 01:16:41 PM CET 2026
Job ID: 2320157
Node: jn116
=========================================

GPU Information:
name, memory.total [MiB], memory.free [MiB]
NVIDIA L40, 49140 MiB, 48514 MiB

=========================================
Running one-by-one metrics for:
  DATASET=ts_500  SEQ_LEN=500  MODEL=lstm
=========================================

-----------------------------------------
Starting: MODEL=lstm DATASET=ts_500 METRIC=acc
-----------------------------------------
Running 1 experiment(s): 1 model(s) × 1 dataset(s) × 1 metric(s)
Models: ['lstm']
Datasets: ['ts_500']
Metrics: ['acc']
2026-02-22 13:16:42,857 | INFO | Run name: lstm_ts_500_acc
2026-02-22 13:16:42,859 | INFO | Dataset: ts_500 | Model: lstm | Metric: acc
2026-02-22 13:16:42,859 | INFO | Checkpoint: /home/s466553/Master_thesis/Main/checkpoints/lstm_ts_500_acc.pt
2026-02-22 13:16:42,860 | INFO | Results CSV: /home/s466553/Master_thesis/Main/results/lstm_ts_500_acc_training.csv
Split files already exist. Using existing:
  /home/s466553/Master_thesis/Main/dataset/ts_500/ts_500_train.csv
  /home/s466553/Master_thesis/Main/dataset/ts_500/ts_500_val.csv
  /home/s466553/Master_thesis/Main/dataset/ts_500/ts_500_test.csv
2026-02-22 13:16:42,938 | INFO | Device: cuda
2026-02-22 13:21:54,666 | INFO | Epoch 1/20 (time: 310.9s)
2026-02-22 13:21:54,670 | INFO |   Train -> loss: 1.388071 | acc: 0.217646
2026-02-22 13:21:54,670 | INFO |   Val   -> loss: 1.290670 | acc: 0.352867 | acc: 0.352867
2026-02-22 13:21:54,681 | INFO |  Saved best checkpoint: /home/s466553/Master_thesis/Main/checkpoints/lstm_ts_500_acc.pt
2026-02-22 13:27:02,604 | INFO | Epoch 2/20 (time: 307.9s)
2026-02-22 13:27:02,606 | INFO |   Train -> loss: 1.297084 | acc: 0.338957
2026-02-22 13:27:02,607 | INFO |   Val   -> loss: 1.276328 | acc: 0.365093 | acc: 0.365093
2026-02-22 13:27:02,610 | INFO |  Saved best checkpoint: /home/s466553/Master_thesis/Main/checkpoints/lstm_ts_500_acc.pt
2026-02-22 13:32:11,728 | INFO | Epoch 3/20 (time: 309.1s)
2026-02-22 13:32:11,731 | INFO |   Train -> loss: 1.319989 | acc: 0.317529
2026-02-22 13:32:11,731 | INFO |   Val   -> loss: 1.275844 | acc: 0.369853 | acc: 0.369853
2026-02-22 13:32:11,736 | INFO |  Saved best checkpoint: /home/s466553/Master_thesis/Main/checkpoints/lstm_ts_500_acc.pt
2026-02-22 13:37:17,929 | INFO | Epoch 4/20 (time: 306.2s)
2026-02-22 13:37:17,932 | INFO |   Train -> loss: 1.287710 | acc: 0.363091
2026-02-22 13:37:17,932 | INFO |   Val   -> loss: 1.278716 | acc: 0.362813 | acc: 0.362813
2026-02-22 13:42:25,232 | INFO | Epoch 5/20 (time: 307.3s)
2026-02-22 13:42:25,238 | INFO |   Train -> loss: 1.287970 | acc: 0.362966
2026-02-22 13:42:25,238 | INFO |   Val   -> loss: 1.274656 | acc: 0.368173 | acc: 0.368173
2026-02-22 13:47:33,250 | INFO | Epoch 6/20 (time: 308.0s)
2026-02-22 13:47:33,256 | INFO |   Train -> loss: 1.304277 | acc: 0.352980
2026-02-22 13:47:33,256 | INFO |   Val   -> loss: 1.363922 | acc: 0.319333 | acc: 0.319333
2026-02-22 13:52:38,666 | INFO | Epoch 7/20 (time: 305.4s)
2026-02-22 13:52:38,673 | INFO |   Train -> loss: 1.339153 | acc: 0.318771
2026-02-22 13:52:38,673 | INFO |   Val   -> loss: 1.387165 | acc: 0.250000 | acc: 0.250000
