=========================================
Job started at: Sun Feb 22 01:57:20 PM CET 2026
Job ID: 2320178
Node: jn116
=========================================

GPU Information:
name, memory.total [MiB], memory.free [MiB]
NVIDIA L40, 49140 MiB, 48514 MiB

=========================================
Running one-by-one metrics for:
  DATASET=ts_500  SEQ_LEN=500  MODEL=lstm
=========================================

-----------------------------------------
Starting: MODEL=lstm DATASET=ts_500 METRIC=acc
-----------------------------------------
Running 1 experiment(s): 1 model(s) × 1 dataset(s) × 1 metric(s)
Models: ['lstm']
Datasets: ['ts_500']
Metrics: ['acc']
2026-02-22 13:57:21,859 | INFO | Run name: lstm_ts_500_acc
2026-02-22 13:57:21,859 | INFO | Dataset: ts_500 | Model: lstm | Metric: acc
2026-02-22 13:57:21,859 | INFO | Checkpoint: /home/s466553/Master_thesis/Main/checkpoints/lstm_ts_500_acc.pt
2026-02-22 13:57:21,859 | INFO | Results CSV: /home/s466553/Master_thesis/Main/results/lstm_ts_500_acc_training.csv
Split files already exist. Using existing:
  /home/s466553/Master_thesis/Main/dataset/ts_500/ts_500_train.csv
  /home/s466553/Master_thesis/Main/dataset/ts_500/ts_500_val.csv
  /home/s466553/Master_thesis/Main/dataset/ts_500/ts_500_test.csv
2026-02-22 13:57:21,937 | INFO | Device: cuda
2026-02-22 14:02:02,693 | INFO | Epoch 1/20 (time: 279.9s)
2026-02-22 14:02:02,698 | INFO |   Train -> loss: 1.249608 | acc: 0.391626
2026-02-22 14:02:02,698 | INFO |   Val   -> loss: 0.936355 | acc: 0.605280 | acc: 0.605280
2026-02-22 14:02:02,703 | INFO |  Saved best checkpoint: /home/s466553/Master_thesis/Main/checkpoints/lstm_ts_500_acc.pt
2026-02-22 14:06:44,329 | INFO | Epoch 2/20 (time: 281.6s)
2026-02-22 14:06:44,333 | INFO |   Train -> loss: 0.954790 | acc: 0.596826
2026-02-22 14:06:44,333 | INFO |   Val   -> loss: 1.046699 | acc: 0.556107 | acc: 0.556107
2026-02-22 14:11:23,289 | INFO | Epoch 3/20 (time: 279.0s)
2026-02-22 14:11:23,293 | INFO |   Train -> loss: 1.231082 | acc: 0.405297
2026-02-22 14:11:23,293 | INFO |   Val   -> loss: 1.223269 | acc: 0.421093 | acc: 0.421093
2026-02-22 14:16:01,870 | INFO | Epoch 4/20 (time: 278.6s)
2026-02-22 14:16:01,875 | INFO |   Train -> loss: 1.055269 | acc: 0.538737
2026-02-22 14:16:01,875 | INFO |   Val   -> loss: 0.872372 | acc: 0.653053 | acc: 0.653053
2026-02-22 14:16:01,878 | INFO |  Saved best checkpoint: /home/s466553/Master_thesis/Main/checkpoints/lstm_ts_500_acc.pt
2026-02-22 14:20:39,952 | INFO | Epoch 5/20 (time: 278.1s)
2026-02-22 14:20:39,956 | INFO |   Train -> loss: 0.893444 | acc: 0.645603
2026-02-22 14:20:39,956 | INFO |   Val   -> loss: 0.783423 | acc: 0.695627 | acc: 0.695627
2026-02-22 14:20:39,959 | INFO |  Saved best checkpoint: /home/s466553/Master_thesis/Main/checkpoints/lstm_ts_500_acc.pt
2026-02-22 14:25:20,642 | INFO | Epoch 6/20 (time: 280.7s)
2026-02-22 14:25:20,647 | INFO |   Train -> loss: 0.809375 | acc: 0.684677
2026-02-22 14:25:20,647 | INFO |   Val   -> loss: 0.728554 | acc: 0.716293 | acc: 0.716293
2026-02-22 14:25:20,650 | INFO |  Saved best checkpoint: /home/s466553/Master_thesis/Main/checkpoints/lstm_ts_500_acc.pt
2026-02-22 14:30:03,103 | INFO | Epoch 7/20 (time: 282.5s)
2026-02-22 14:30:03,110 | INFO |   Train -> loss: 0.758713 | acc: 0.705594
2026-02-22 14:30:03,110 | INFO |   Val   -> loss: 0.674869 | acc: 0.738547 | acc: 0.738547
2026-02-22 14:30:03,114 | INFO |  Saved best checkpoint: /home/s466553/Master_thesis/Main/checkpoints/lstm_ts_500_acc.pt
2026-02-22 14:34:46,062 | INFO | Epoch 8/20 (time: 282.9s)
2026-02-22 14:34:46,066 | INFO |   Train -> loss: 0.695796 | acc: 0.731660
2026-02-22 14:34:46,066 | INFO |   Val   -> loss: 0.608916 | acc: 0.767627 | acc: 0.767627
2026-02-22 14:34:46,070 | INFO |  Saved best checkpoint: /home/s466553/Master_thesis/Main/checkpoints/lstm_ts_500_acc.pt
2026-02-22 14:39:31,527 | INFO | Epoch 9/20 (time: 285.5s)
2026-02-22 14:39:31,534 | INFO |   Train -> loss: 0.713354 | acc: 0.722086
2026-02-22 14:39:31,534 | INFO |   Val   -> loss: 0.620784 | acc: 0.760520 | acc: 0.760520
2026-02-22 14:44:16,364 | INFO | Epoch 10/20 (time: 284.8s)
2026-02-22 14:44:16,368 | INFO |   Train -> loss: 0.596052 | acc: 0.775189
2026-02-22 14:44:16,368 | INFO |   Val   -> loss: 0.486347 | acc: 0.819893 | acc: 0.819893
2026-02-22 14:44:16,371 | INFO |  Saved best checkpoint: /home/s466553/Master_thesis/Main/checkpoints/lstm_ts_500_acc.pt
2026-02-22 14:49:03,836 | INFO | Epoch 11/20 (time: 287.5s)
2026-02-22 14:49:03,840 | INFO |   Train -> loss: 0.523043 | acc: 0.806840
2026-02-22 14:49:03,840 | INFO |   Val   -> loss: 0.448667 | acc: 0.832600 | acc: 0.832600
2026-02-22 14:49:03,844 | INFO |  Saved best checkpoint: /home/s466553/Master_thesis/Main/checkpoints/lstm_ts_500_acc.pt
2026-02-22 14:53:48,958 | INFO | Epoch 12/20 (time: 285.1s)
2026-02-22 14:53:48,962 | INFO |   Train -> loss: 0.489053 | acc: 0.820349
2026-02-22 14:53:48,962 | INFO |   Val   -> loss: 0.425850 | acc: 0.841733 | acc: 0.841733
2026-02-22 14:53:48,965 | INFO |  Saved best checkpoint: /home/s466553/Master_thesis/Main/checkpoints/lstm_ts_500_acc.pt
2026-02-22 14:58:32,065 | INFO | Epoch 13/20 (time: 283.1s)
2026-02-22 14:58:32,069 | INFO |   Train -> loss: 0.465437 | acc: 0.829426
2026-02-22 14:58:32,069 | INFO |   Val   -> loss: 0.408848 | acc: 0.849427 | acc: 0.849427
2026-02-22 14:58:32,072 | INFO |  Saved best checkpoint: /home/s466553/Master_thesis/Main/checkpoints/lstm_ts_500_acc.pt
2026-02-22 15:03:14,761 | INFO | Epoch 14/20 (time: 282.7s)
2026-02-22 15:03:14,766 | INFO |   Train -> loss: 0.444955 | acc: 0.836963
2026-02-22 15:03:14,766 | INFO |   Val   -> loss: 0.395933 | acc: 0.852293 | acc: 0.852293
2026-02-22 15:03:14,769 | INFO |  Saved best checkpoint: /home/s466553/Master_thesis/Main/checkpoints/lstm_ts_500_acc.pt
2026-02-22 15:07:56,577 | INFO | Epoch 15/20 (time: 281.8s)
2026-02-22 15:07:56,581 | INFO |   Train -> loss: 0.429096 | acc: 0.843014
2026-02-22 15:07:56,581 | INFO |   Val   -> loss: 0.382658 | acc: 0.858160 | acc: 0.858160
2026-02-22 15:07:56,584 | INFO |  Saved best checkpoint: /home/s466553/Master_thesis/Main/checkpoints/lstm_ts_500_acc.pt
2026-02-22 15:12:39,314 | INFO | Epoch 16/20 (time: 282.7s)
2026-02-22 15:12:39,321 | INFO |   Train -> loss: 0.415011 | acc: 0.848106
2026-02-22 15:12:39,321 | INFO |   Val   -> loss: 0.377238 | acc: 0.859760 | acc: 0.859760
2026-02-22 15:12:39,325 | INFO |  Saved best checkpoint: /home/s466553/Master_thesis/Main/checkpoints/lstm_ts_500_acc.pt
2026-02-22 15:17:21,846 | INFO | Epoch 17/20 (time: 282.5s)
2026-02-22 15:17:21,852 | INFO |   Train -> loss: 0.405127 | acc: 0.851797
2026-02-22 15:17:21,852 | INFO |   Val   -> loss: 0.368837 | acc: 0.863027 | acc: 0.863027
2026-02-22 15:17:21,855 | INFO |  Saved best checkpoint: /home/s466553/Master_thesis/Main/checkpoints/lstm_ts_500_acc.pt
2026-02-22 15:22:03,516 | INFO | Epoch 18/20 (time: 281.7s)
2026-02-22 15:22:03,521 | INFO |   Train -> loss: 0.394648 | acc: 0.855886
2026-02-22 15:22:03,521 | INFO |   Val   -> loss: 0.369212 | acc: 0.863000 | acc: 0.863000
2026-02-22 15:26:44,892 | INFO | Epoch 19/20 (time: 281.4s)
2026-02-22 15:26:44,896 | INFO |   Train -> loss: 0.387229 | acc: 0.858557
2026-02-22 15:26:44,896 | INFO |   Val   -> loss: 0.364784 | acc: 0.864880 | acc: 0.864880
2026-02-22 15:26:44,899 | INFO |  Saved best checkpoint: /home/s466553/Master_thesis/Main/checkpoints/lstm_ts_500_acc.pt
2026-02-22 15:31:22,030 | INFO | Epoch 20/20 (time: 277.1s)
2026-02-22 15:31:22,035 | INFO |   Train -> loss: 0.380818 | acc: 0.860817
2026-02-22 15:31:22,035 | INFO |   Val   -> loss: 0.354558 | acc: 0.869053 | acc: 0.869053
2026-02-22 15:31:22,039 | INFO |  Saved best checkpoint: /home/s466553/Master_thesis/Main/checkpoints/lstm_ts_500_acc.pt
2026-02-22 15:31:22,041 | INFO | Saved training log CSV: /home/s466553/Master_thesis/Main/results/lstm_ts_500_acc_training.csv
2026-02-22 15:31:22,041 | INFO | Done.
Finished: MODEL=lstm DATASET=ts_500 METRIC=acc

-----------------------------------------
Starting: MODEL=lstm DATASET=ts_500 METRIC=f1_macro
-----------------------------------------
Running 1 experiment(s): 1 model(s) × 1 dataset(s) × 1 metric(s)
Models: ['lstm']
Datasets: ['ts_500']
Metrics: ['f1_macro']
2026-02-22 15:31:24,729 | INFO | Run name: lstm_ts_500_f1_macro
2026-02-22 15:31:24,731 | INFO | Dataset: ts_500 | Model: lstm | Metric: f1_macro
2026-02-22 15:31:24,734 | INFO | Checkpoint: /home/s466553/Master_thesis/Main/checkpoints/lstm_ts_500_f1_macro.pt
2026-02-22 15:31:24,735 | INFO | Results CSV: /home/s466553/Master_thesis/Main/results/lstm_ts_500_f1_macro_training.csv
Split files already exist. Using existing:
  /home/s466553/Master_thesis/Main/dataset/ts_500/ts_500_train.csv
  /home/s466553/Master_thesis/Main/dataset/ts_500/ts_500_val.csv
  /home/s466553/Master_thesis/Main/dataset/ts_500/ts_500_test.csv
2026-02-22 15:31:24,809 | INFO | Device: cuda
2026-02-22 15:36:08,381 | INFO | Epoch 1/20 (time: 282.7s)
2026-02-22 15:36:08,385 | INFO |   Train -> loss: 1.306021 | acc: 0.349049
2026-02-22 15:36:08,385 | INFO |   Val   -> loss: 1.244799 | acc: 0.387200 | f1_macro: 0.342689
2026-02-22 15:36:08,391 | INFO |  Saved best checkpoint: /home/s466553/Master_thesis/Main/checkpoints/lstm_ts_500_f1_macro.pt
2026-02-22 15:40:47,777 | INFO | Epoch 2/20 (time: 279.4s)
2026-02-22 15:40:47,781 | INFO |   Train -> loss: 1.052245 | acc: 0.533040
2026-02-22 15:40:47,781 | INFO |   Val   -> loss: 0.980666 | acc: 0.574667 | f1_macro: 0.573475
2026-02-22 15:40:47,786 | INFO |  Saved best checkpoint: /home/s466553/Master_thesis/Main/checkpoints/lstm_ts_500_f1_macro.pt
2026-02-22 15:45:27,992 | INFO | Epoch 3/20 (time: 280.2s)
2026-02-22 15:45:27,997 | INFO |   Train -> loss: 0.849313 | acc: 0.660043
2026-02-22 15:45:27,997 | INFO |   Val   -> loss: 0.739025 | acc: 0.709693 | f1_macro: 0.709311
2026-02-22 15:45:28,002 | INFO |  Saved best checkpoint: /home/s466553/Master_thesis/Main/checkpoints/lstm_ts_500_f1_macro.pt
2026-02-22 15:50:08,573 | INFO | Epoch 4/20 (time: 280.6s)
2026-02-22 15:50:08,580 | INFO |   Train -> loss: 0.724877 | acc: 0.719311
2026-02-22 15:50:08,580 | INFO |   Val   -> loss: 0.638233 | acc: 0.755880 | f1_macro: 0.755651
2026-02-22 15:50:08,583 | INFO |  Saved best checkpoint: /home/s466553/Master_thesis/Main/checkpoints/lstm_ts_500_f1_macro.pt
2026-02-22 15:54:49,355 | INFO | Epoch 5/20 (time: 280.8s)
2026-02-22 15:54:49,364 | INFO |   Train -> loss: 0.683532 | acc: 0.736266
2026-02-22 15:54:49,364 | INFO |   Val   -> loss: 0.596109 | acc: 0.775827 | f1_macro: 0.774806
2026-02-22 15:54:49,367 | INFO |  Saved best checkpoint: /home/s466553/Master_thesis/Main/checkpoints/lstm_ts_500_f1_macro.pt
