10:38:56 | INFO | Model  : rocket
10:38:56 | INFO | Dataset: ts_500
10:38:56 | INFO | Mode   : 4-class
10:38:56 | INFO | IS_TSC : True
10:38:56 | INFO |   n_jobs=16  (SLURM_CPUS_PER_TASK or default=4)
10:38:56 | INFO |   Loading train and val data into memory...
10:39:01 | INFO |   Dropping 1566 flat train series
10:39:02 | INFO |   Dropping 104 flat val series
10:39:02 | INFO |   Train shape: (473434, 500)  Val shape: (19896, 500)
10:39:02 | INFO |   Subsampled to 50000 (MAX_TRAIN_SAMPLES=50000)
10:39:02 | INFO |   Fitting rocket on 50000 series...
11:58:56 | INFO |   Val acc=0.6374  macro-F1=0.6377  time=77.7 min
11:58:56 | INFO |   Confusion matrix (rows=true, cols=pred):
11:58:56 | INFO |                fold: [2433, 326, 1157, 1084]
11:58:56 | INFO |                hopf: [546, 3785, 513, 156]
11:58:56 | INFO |       transcritical: [901, 291, 2879, 877]
11:58:56 | INFO |                null: [467, 69, 828, 3584]
11:58:56 | INFO |   Saved: rocket_ts_500_best.pkl
11:58:56 | INFO | Done — val_f1=0.6377
11:58:56 | INFO | Metrics saved: rocket_ts_500_train_metrics.json
	Command being timed: "python -u training/train.py --model rocket --dataset ts_500"
	User time (seconds): 57399.13
	System time (seconds): 29.55
	Percent of CPU this job got: 1195%
	Elapsed (wall clock) time (h:mm:ss or m:ss): 1:20:02
	Average shared text size (kbytes): 0
	Average unshared data size (kbytes): 0
	Average stack size (kbytes): 0
	Average total size (kbytes): 0
	Maximum resident set size (kbytes): 50121464
	Average resident set size (kbytes): 0
	Major (requiring I/O) page faults: 58
	Minor (reclaiming a frame) page faults: 520850
	Voluntary context switches: 5679
	Involuntary context switches: 4522875
	Swaps: 0
	File system inputs: 0
	File system outputs: 3400
	Socket messages sent: 0
	Socket messages received: 0
	Signals delivered: 0
	Page size (bytes): 4096
	Exit status: 0
