=========================================
Job started at: Tue Mar 10 10:48:48 PM CET 2026
Job ID: 2384750
Array Task ID: 0
Node: jn101
=========================================
Activating virtual environment...

GPU Information:
name, memory.total [MiB], memory.free [MiB]
NVIDIA L40, 49140 MiB, 48514 MiB

Running experiment: baseline
Command: python3 training/train.py --model lstm --dataset ts_500 --metric f1_macro --epochs 20 --early_stop --patience 5 --seq_len 500 --data_seed 42 
Running 1 experiment(s): 1 model(s) × 1 dataset(s) × 1 metric(s)
Models: ['lstm']
Datasets: ['ts_500']
Metrics: ['f1_macro']
2026-03-10 22:48:51,471 | INFO | Run name: lstm_ts_500_f1_macro
2026-03-10 22:48:51,472 | INFO | Dataset: ts_500 | Model: lstm | Metric: f1_macro
2026-03-10 22:48:51,472 | INFO | Trend: False | Seasonality: False
2026-03-10 22:48:51,473 | INFO | Checkpoint: /home/s466553/Master_thesis/Main/checkpoints/lstm_ts_500_f1_macro.pt
2026-03-10 22:48:51,473 | INFO | Results CSV: /home/s466553/Master_thesis/Main/results/lstm_ts_500_f1_macro_training.csv
Split files already exist. Using existing:
  /home/s466553/Master_thesis/Main/dataset/ts_500/ts_500_train.csv
  /home/s466553/Master_thesis/Main/dataset/ts_500/ts_500_val.csv
  /home/s466553/Master_thesis/Main/dataset/ts_500/ts_500_test.csv
2026-03-10 22:48:51,564 | INFO | Device: cuda
2026-03-10 22:57:44,773 | INFO | Epoch 1/20 (time: 531.7s)
2026-03-10 22:57:44,775 | INFO |   Train -> loss: 1.284175 | acc: 0.371769
2026-03-10 22:57:44,775 | INFO |   Val   -> loss: 1.066772 | acc: 0.521040 | f1_macro: 0.521533
2026-03-10 22:57:44,784 | INFO | Saved best checkpoint: /home/s466553/Master_thesis/Main/checkpoints/lstm_ts_500_f1_macro.pt
2026-03-10 23:06:28,529 | INFO | Epoch 2/20 (time: 523.7s)
2026-03-10 23:06:28,533 | INFO |   Train -> loss: 0.956084 | acc: 0.600283
2026-03-10 23:06:28,533 | INFO |   Val   -> loss: 1.056338 | acc: 0.509093 | f1_macro: 0.481987
2026-03-10 23:11:55,468 | INFO | Epoch 3/20 (time: 326.9s)
2026-03-10 23:11:55,472 | INFO |   Train -> loss: 0.951111 | acc: 0.600340
2026-03-10 23:11:55,472 | INFO |   Val   -> loss: 0.805227 | acc: 0.679520 | f1_macro: 0.678299
2026-03-10 23:11:55,479 | INFO | Saved best checkpoint: /home/s466553/Master_thesis/Main/checkpoints/lstm_ts_500_f1_macro.pt
2026-03-10 23:20:41,977 | INFO | Epoch 4/20 (time: 526.5s)
2026-03-10 23:20:41,980 | INFO |   Train -> loss: 0.819033 | acc: 0.672926
2026-03-10 23:20:41,980 | INFO |   Val   -> loss: 0.861185 | acc: 0.659827 | f1_macro: 0.657439
2026-03-10 23:29:10,843 | INFO | Epoch 5/20 (time: 508.9s)
2026-03-10 23:29:10,845 | INFO |   Train -> loss: 0.717100 | acc: 0.722754
2026-03-10 23:29:10,845 | INFO |   Val   -> loss: 0.597594 | acc: 0.773493 | f1_macro: 0.772023
2026-03-10 23:29:10,850 | INFO | Saved best checkpoint: /home/s466553/Master_thesis/Main/checkpoints/lstm_ts_500_f1_macro.pt
2026-03-10 23:35:43,082 | INFO | Epoch 6/20 (time: 392.2s)
2026-03-10 23:35:43,085 | INFO |   Train -> loss: 0.607753 | acc: 0.771803
2026-03-10 23:35:43,085 | INFO |   Val   -> loss: 0.518943 | acc: 0.805227 | f1_macro: 0.804750
2026-03-10 23:35:43,088 | INFO | Saved best checkpoint: /home/s466553/Master_thesis/Main/checkpoints/lstm_ts_500_f1_macro.pt
2026-03-10 23:40:46,135 | INFO | Epoch 7/20 (time: 303.0s)
2026-03-10 23:40:46,425 | INFO |   Train -> loss: 0.522186 | acc: 0.807146
2026-03-10 23:40:46,425 | INFO |   Val   -> loss: 0.533001 | acc: 0.805640 | f1_macro: 0.806417
2026-03-10 23:40:46,438 | INFO | Saved best checkpoint: /home/s466553/Master_thesis/Main/checkpoints/lstm_ts_500_f1_macro.pt
2026-03-10 23:46:50,862 | INFO | Epoch 8/20 (time: 364.4s)
2026-03-10 23:46:50,875 | INFO |   Train -> loss: 0.470023 | acc: 0.827443
2026-03-10 23:46:50,875 | INFO |   Val   -> loss: 0.421107 | acc: 0.839973 | f1_macro: 0.839581
2026-03-10 23:46:50,892 | INFO | Saved best checkpoint: /home/s466553/Master_thesis/Main/checkpoints/lstm_ts_500_f1_macro.pt
2026-03-10 23:51:48,879 | INFO | Epoch 9/20 (time: 298.0s)
2026-03-10 23:51:48,892 | INFO |   Train -> loss: 0.442899 | acc: 0.837086
2026-03-10 23:51:48,892 | INFO |   Val   -> loss: 0.396646 | acc: 0.852067 | f1_macro: 0.851322
2026-03-10 23:51:48,908 | INFO | Saved best checkpoint: /home/s466553/Master_thesis/Main/checkpoints/lstm_ts_500_f1_macro.pt
2026-03-10 23:56:47,763 | INFO | Epoch 10/20 (time: 298.8s)
2026-03-10 23:56:47,774 | INFO |   Train -> loss: 0.420226 | acc: 0.845774
2026-03-10 23:56:47,774 | INFO |   Val   -> loss: 0.385239 | acc: 0.855387 | f1_macro: 0.854475
2026-03-10 23:56:47,784 | INFO | Saved best checkpoint: /home/s466553/Master_thesis/Main/checkpoints/lstm_ts_500_f1_macro.pt
2026-03-11 00:01:41,939 | INFO | Epoch 11/20 (time: 294.1s)
2026-03-11 00:01:41,985 | INFO |   Train -> loss: 0.405997 | acc: 0.851260
2026-03-11 00:01:41,985 | INFO |   Val   -> loss: 0.384668 | acc: 0.856413 | f1_macro: 0.855309
2026-03-11 00:01:41,994 | INFO | Saved best checkpoint: /home/s466553/Master_thesis/Main/checkpoints/lstm_ts_500_f1_macro.pt
2026-03-11 00:06:33,862 | INFO | Epoch 12/20 (time: 291.9s)
2026-03-11 00:06:33,967 | INFO |   Train -> loss: 0.396642 | acc: 0.854420
2026-03-11 00:06:33,967 | INFO |   Val   -> loss: 0.381574 | acc: 0.857320 | f1_macro: 0.856743
2026-03-11 00:06:33,989 | INFO | Saved best checkpoint: /home/s466553/Master_thesis/Main/checkpoints/lstm_ts_500_f1_macro.pt
2026-03-11 00:11:24,884 | INFO | Epoch 13/20 (time: 290.9s)
2026-03-11 00:11:24,903 | INFO |   Train -> loss: 0.386522 | acc: 0.858214
2026-03-11 00:11:24,905 | INFO |   Val   -> loss: 0.367867 | acc: 0.863493 | f1_macro: 0.862690
2026-03-11 00:11:24,918 | INFO | Saved best checkpoint: /home/s466553/Master_thesis/Main/checkpoints/lstm_ts_500_f1_macro.pt
2026-03-11 00:16:22,088 | INFO | Epoch 14/20 (time: 297.2s)
2026-03-11 00:16:22,132 | INFO |   Train -> loss: 0.378537 | acc: 0.861314
2026-03-11 00:16:22,136 | INFO |   Val   -> loss: 0.357009 | acc: 0.866800 | f1_macro: 0.865920
2026-03-11 00:16:22,162 | INFO | Saved best checkpoint: /home/s466553/Master_thesis/Main/checkpoints/lstm_ts_500_f1_macro.pt
2026-03-11 00:21:18,159 | INFO | Epoch 15/20 (time: 296.0s)
2026-03-11 00:21:18,173 | INFO |   Train -> loss: 0.372604 | acc: 0.863666
2026-03-11 00:21:18,173 | INFO |   Val   -> loss: 0.362674 | acc: 0.865080 | f1_macro: 0.864121
2026-03-11 00:26:10,255 | INFO | Epoch 16/20 (time: 292.1s)
2026-03-11 00:26:10,262 | INFO |   Train -> loss: 0.364206 | acc: 0.866660
2026-03-11 00:26:10,262 | INFO |   Val   -> loss: 0.349413 | acc: 0.871160 | f1_macro: 0.870306
2026-03-11 00:26:10,266 | INFO | Saved best checkpoint: /home/s466553/Master_thesis/Main/checkpoints/lstm_ts_500_f1_macro.pt
2026-03-11 00:31:02,093 | INFO | Epoch 17/20 (time: 291.8s)
2026-03-11 00:31:02,097 | INFO |   Train -> loss: 0.358321 | acc: 0.868543
2026-03-11 00:31:02,097 | INFO |   Val   -> loss: 0.344839 | acc: 0.873200 | f1_macro: 0.872488
2026-03-11 00:31:02,102 | INFO | Saved best checkpoint: /home/s466553/Master_thesis/Main/checkpoints/lstm_ts_500_f1_macro.pt
2026-03-11 00:35:53,258 | INFO | Epoch 18/20 (time: 291.2s)
2026-03-11 00:35:53,305 | INFO |   Train -> loss: 0.354299 | acc: 0.869817
2026-03-11 00:35:53,305 | INFO |   Val   -> loss: 0.349759 | acc: 0.872240 | f1_macro: 0.871416
2026-03-11 00:40:45,599 | INFO | Epoch 19/20 (time: 292.3s)
2026-03-11 00:40:46,652 | INFO |   Train -> loss: 0.349682 | acc: 0.871489
2026-03-11 00:40:46,652 | INFO |   Val   -> loss: 0.345511 | acc: 0.873027 | f1_macro: 0.872154
2026-03-11 00:45:37,636 | INFO | Epoch 20/20 (time: 291.0s)
2026-03-11 00:45:37,641 | INFO |   Train -> loss: 0.346128 | acc: 0.873097
2026-03-11 00:45:37,641 | INFO |   Val   -> loss: 0.338509 | acc: 0.876893 | f1_macro: 0.875977
2026-03-11 00:45:37,645 | INFO | Saved best checkpoint: /home/s466553/Master_thesis/Main/checkpoints/lstm_ts_500_f1_macro.pt
2026-03-11 00:45:37,649 | INFO | Saved training log CSV: /home/s466553/Master_thesis/Main/results/lstm_ts_500_f1_macro_training.csv
2026-03-11 00:45:37,649 | INFO | Done.

=========================================
Finished experiment: baseline
Job finished at: Wed Mar 11 12:45:38 AM CET 2026
=========================================
