=========================================
Job started at: Wed Mar 11 01:33:15 PM CET 2026
Job ID: 2387759
Array Task ID: 3
Node: jnfat09
=========================================
Activating virtual environment...

GPU Information:
name, memory.total [MiB], memory.free [MiB]
NVIDIA L40S, 46068 MiB, 45460 MiB

Running experiment: trend_seasonality
Command: python3 training/train.py --model lstm --dataset ts_500 --metric f1_macro --epochs 20 --early_stop --patience 5 --seq_len 500 --data_seed 42 --trend --seasonality
Running 1 experiment(s): 1 model(s) × 1 dataset(s) × 1 metric(s)
Models: ['lstm']
Datasets: ['ts_500']
Metrics: ['f1_macro']
2026-03-11 13:33:16,364 | INFO | Run name: lstm_ts_500_f1_macro_trend_season
2026-03-11 13:33:16,365 | INFO | Dataset: ts_500 | Model: lstm | Metric: f1_macro
2026-03-11 13:33:16,365 | INFO | Trend: True | Seasonality: True
2026-03-11 13:33:16,365 | INFO | Checkpoint: /home/s466553/Master_thesis/Main/checkpoints/lstm_ts_500_f1_macro_trend_season.pt
2026-03-11 13:33:16,365 | INFO | Results CSV: /home/s466553/Master_thesis/Main/results/lstm_ts_500_f1_macro_trend_season_training.csv
Split files already exist. Using existing:
  /home/s466553/Master_thesis/Main/dataset/ts_500/ts_500_train.csv
  /home/s466553/Master_thesis/Main/dataset/ts_500/ts_500_val.csv
  /home/s466553/Master_thesis/Main/dataset/ts_500/ts_500_test.csv
2026-03-11 13:33:16,447 | INFO | Device: cuda
2026-03-11 13:36:18,288 | INFO | Epoch 1/20 (time: 181.2s)
2026-03-11 13:36:18,293 | INFO |   Train -> loss: 1.336290 | acc: 0.336749
2026-03-11 13:36:18,293 | INFO |   Val   -> loss: 1.352942 | acc: 0.330453 | f1_macro: 0.257165
2026-03-11 13:36:18,296 | INFO | Saved best checkpoint: /home/s466553/Master_thesis/Main/checkpoints/lstm_ts_500_f1_macro_trend_season.pt
2026-03-11 13:39:19,781 | INFO | Epoch 2/20 (time: 181.5s)
2026-03-11 13:39:19,785 | INFO |   Train -> loss: 1.322670 | acc: 0.348383
2026-03-11 13:39:19,785 | INFO |   Val   -> loss: 1.263688 | acc: 0.338000 | f1_macro: 0.267468
2026-03-11 13:39:19,788 | INFO | Saved best checkpoint: /home/s466553/Master_thesis/Main/checkpoints/lstm_ts_500_f1_macro_trend_season.pt
2026-03-11 13:42:21,361 | INFO | Epoch 3/20 (time: 181.6s)
2026-03-11 13:42:21,362 | INFO |   Train -> loss: 1.233924 | acc: 0.389077
2026-03-11 13:42:21,362 | INFO |   Val   -> loss: 1.149493 | acc: 0.460960 | f1_macro: 0.463407
2026-03-11 13:42:21,365 | INFO | Saved best checkpoint: /home/s466553/Master_thesis/Main/checkpoints/lstm_ts_500_f1_macro_trend_season.pt
2026-03-11 13:45:23,276 | INFO | Epoch 4/20 (time: 181.9s)
2026-03-11 13:45:23,276 | INFO |   Train -> loss: 1.155554 | acc: 0.456031
2026-03-11 13:45:23,276 | INFO |   Val   -> loss: 1.075816 | acc: 0.500333 | f1_macro: 0.500963
2026-03-11 13:45:23,280 | INFO | Saved best checkpoint: /home/s466553/Master_thesis/Main/checkpoints/lstm_ts_500_f1_macro_trend_season.pt
2026-03-11 13:48:25,191 | INFO | Epoch 5/20 (time: 181.9s)
2026-03-11 13:48:25,192 | INFO |   Train -> loss: 1.065296 | acc: 0.519874
2026-03-11 13:48:25,193 | INFO |   Val   -> loss: 1.052559 | acc: 0.519373 | f1_macro: 0.507001
2026-03-11 13:48:25,199 | INFO | Saved best checkpoint: /home/s466553/Master_thesis/Main/checkpoints/lstm_ts_500_f1_macro_trend_season.pt
2026-03-11 13:51:27,566 | INFO | Epoch 6/20 (time: 182.4s)
2026-03-11 13:51:27,567 | INFO |   Train -> loss: 1.013605 | acc: 0.551706
2026-03-11 13:51:27,568 | INFO |   Val   -> loss: 1.037992 | acc: 0.559840 | f1_macro: 0.554242
2026-03-11 13:51:27,572 | INFO | Saved best checkpoint: /home/s466553/Master_thesis/Main/checkpoints/lstm_ts_500_f1_macro_trend_season.pt
2026-03-11 13:54:28,643 | INFO | Epoch 7/20 (time: 181.1s)
2026-03-11 13:54:28,644 | INFO |   Train -> loss: 0.978490 | acc: 0.577866
2026-03-11 13:54:28,645 | INFO |   Val   -> loss: 0.886978 | acc: 0.628960 | f1_macro: 0.626177
2026-03-11 13:54:28,649 | INFO | Saved best checkpoint: /home/s466553/Master_thesis/Main/checkpoints/lstm_ts_500_f1_macro_trend_season.pt
2026-03-11 13:57:30,347 | INFO | Epoch 8/20 (time: 181.7s)
2026-03-11 13:57:30,349 | INFO |   Train -> loss: 0.912101 | acc: 0.619660
2026-03-11 13:57:30,350 | INFO |   Val   -> loss: 0.849542 | acc: 0.647387 | f1_macro: 0.648663
2026-03-11 13:57:30,354 | INFO | Saved best checkpoint: /home/s466553/Master_thesis/Main/checkpoints/lstm_ts_500_f1_macro_trend_season.pt
2026-03-11 14:00:32,258 | INFO | Epoch 9/20 (time: 181.9s)
2026-03-11 14:00:32,259 | INFO |   Train -> loss: 0.850630 | acc: 0.653011
2026-03-11 14:00:32,263 | INFO |   Val   -> loss: 0.778993 | acc: 0.686907 | f1_macro: 0.683885
2026-03-11 14:00:32,267 | INFO | Saved best checkpoint: /home/s466553/Master_thesis/Main/checkpoints/lstm_ts_500_f1_macro_trend_season.pt
2026-03-11 14:03:33,273 | INFO | Epoch 10/20 (time: 181.0s)
2026-03-11 14:03:33,277 | INFO |   Train -> loss: 0.810879 | acc: 0.670271
2026-03-11 14:03:33,278 | INFO |   Val   -> loss: 0.754276 | acc: 0.697133 | f1_macro: 0.695269
2026-03-11 14:03:33,281 | INFO | Saved best checkpoint: /home/s466553/Master_thesis/Main/checkpoints/lstm_ts_500_f1_macro_trend_season.pt
2026-03-11 14:06:35,773 | INFO | Epoch 11/20 (time: 182.5s)
2026-03-11 14:06:35,776 | INFO |   Train -> loss: 0.778605 | acc: 0.689534
2026-03-11 14:06:35,776 | INFO |   Val   -> loss: 0.704029 | acc: 0.728360 | f1_macro: 0.723694
2026-03-11 14:06:35,781 | INFO | Saved best checkpoint: /home/s466553/Master_thesis/Main/checkpoints/lstm_ts_500_f1_macro_trend_season.pt
2026-03-11 14:09:38,278 | INFO | Epoch 12/20 (time: 182.5s)
2026-03-11 14:09:38,281 | INFO |   Train -> loss: 0.701084 | acc: 0.734546
2026-03-11 14:09:38,281 | INFO |   Val   -> loss: 0.634152 | acc: 0.760653 | f1_macro: 0.755477
2026-03-11 14:09:38,286 | INFO | Saved best checkpoint: /home/s466553/Master_thesis/Main/checkpoints/lstm_ts_500_f1_macro_trend_season.pt
2026-03-11 14:12:40,659 | INFO | Epoch 13/20 (time: 182.4s)
2026-03-11 14:12:40,662 | INFO |   Train -> loss: 0.662428 | acc: 0.751794
2026-03-11 14:12:40,663 | INFO |   Val   -> loss: 0.616056 | acc: 0.768600 | f1_macro: 0.764198
2026-03-11 14:12:40,667 | INFO | Saved best checkpoint: /home/s466553/Master_thesis/Main/checkpoints/lstm_ts_500_f1_macro_trend_season.pt
2026-03-11 14:15:42,939 | INFO | Epoch 14/20 (time: 182.3s)
2026-03-11 14:15:42,942 | INFO |   Train -> loss: 0.642760 | acc: 0.760731
2026-03-11 14:15:42,946 | INFO |   Val   -> loss: 0.589810 | acc: 0.778680 | f1_macro: 0.773823
2026-03-11 14:15:42,950 | INFO | Saved best checkpoint: /home/s466553/Master_thesis/Main/checkpoints/lstm_ts_500_f1_macro_trend_season.pt
2026-03-11 14:18:44,958 | INFO | Epoch 15/20 (time: 182.0s)
2026-03-11 14:18:44,960 | INFO |   Train -> loss: 0.631500 | acc: 0.764086
2026-03-11 14:18:44,961 | INFO |   Val   -> loss: 0.608025 | acc: 0.773093 | f1_macro: 0.769142
2026-03-11 14:21:46,797 | INFO | Epoch 16/20 (time: 181.8s)
2026-03-11 14:21:46,802 | INFO |   Train -> loss: 0.621230 | acc: 0.768551
2026-03-11 14:21:46,803 | INFO |   Val   -> loss: 0.620476 | acc: 0.770760 | f1_macro: 0.768114
2026-03-11 14:24:49,050 | INFO | Epoch 17/20 (time: 182.2s)
2026-03-11 14:24:49,053 | INFO |   Train -> loss: 0.615882 | acc: 0.770320
2026-03-11 14:24:49,053 | INFO |   Val   -> loss: 0.567518 | acc: 0.787053 | f1_macro: 0.782652
2026-03-11 14:24:49,057 | INFO | Saved best checkpoint: /home/s466553/Master_thesis/Main/checkpoints/lstm_ts_500_f1_macro_trend_season.pt
2026-03-11 14:27:51,553 | INFO | Epoch 18/20 (time: 182.5s)
2026-03-11 14:27:51,556 | INFO |   Train -> loss: 0.608699 | acc: 0.772817
2026-03-11 14:27:51,558 | INFO |   Val   -> loss: 0.589927 | acc: 0.780653 | f1_macro: 0.777506
2026-03-11 14:30:53,322 | INFO | Epoch 19/20 (time: 181.8s)
2026-03-11 14:30:53,329 | INFO |   Train -> loss: 0.598316 | acc: 0.777234
2026-03-11 14:30:53,329 | INFO |   Val   -> loss: 0.607462 | acc: 0.766533 | f1_macro: 0.764034
2026-03-11 14:33:55,080 | INFO | Epoch 20/20 (time: 181.7s)
2026-03-11 14:33:55,084 | INFO |   Train -> loss: 0.651039 | acc: 0.751094
2026-03-11 14:33:55,084 | INFO |   Val   -> loss: 0.589302 | acc: 0.782627 | f1_macro: 0.778345
2026-03-11 14:33:55,086 | INFO | Saved training log CSV: /home/s466553/Master_thesis/Main/results/lstm_ts_500_f1_macro_trend_season_training.csv
2026-03-11 14:33:55,086 | INFO | Done.

=========================================
Finished experiment: trend_seasonality
Job finished at: Wed Mar 11 02:33:55 PM CET 2026
=========================================
