=========================================
Job started at: Tue Mar 10 10:48:48 PM CET 2026
Job ID: 2384749
Array Task ID: 3
Node: jn118
=========================================
Activating virtual environment...

GPU Information:
name, memory.total [MiB], memory.free [MiB]
NVIDIA L40, 49140 MiB, 48514 MiB

Running experiment: trend_seasonality
Command: python3 training/train.py --model lstm --dataset ts_500 --metric f1_macro --epochs 20 --early_stop --patience 5 --seq_len 500 --data_seed 42 --trend --seasonality
Running 1 experiment(s): 1 model(s) × 1 dataset(s) × 1 metric(s)
Models: ['lstm']
Datasets: ['ts_500']
Metrics: ['f1_macro']
2026-03-10 22:48:51,102 | INFO | Run name: lstm_ts_500_f1_macro_trend_season
2026-03-10 22:48:51,103 | INFO | Dataset: ts_500 | Model: lstm | Metric: f1_macro
2026-03-10 22:48:51,103 | INFO | Trend: True | Seasonality: True
2026-03-10 22:48:51,103 | INFO | Checkpoint: /home/s466553/Master_thesis/Main/checkpoints/lstm_ts_500_f1_macro_trend_season.pt
2026-03-10 22:48:51,103 | INFO | Results CSV: /home/s466553/Master_thesis/Main/results/lstm_ts_500_f1_macro_trend_season_training.csv
Split files already exist. Using existing:
  /home/s466553/Master_thesis/Main/dataset/ts_500/ts_500_train.csv
  /home/s466553/Master_thesis/Main/dataset/ts_500/ts_500_val.csv
  /home/s466553/Master_thesis/Main/dataset/ts_500/ts_500_test.csv
2026-03-10 22:48:51,184 | INFO | Device: cuda
2026-03-10 22:54:15,074 | INFO | Epoch 1/20 (time: 322.8s)
2026-03-10 22:54:15,077 | INFO |   Train -> loss: 1.309942 | acc: 0.358649
2026-03-10 22:54:15,077 | INFO |   Val   -> loss: 1.266353 | acc: 0.386667 | f1_macro: 0.323662
2026-03-10 22:54:15,085 | INFO | Saved best checkpoint: /home/s466553/Master_thesis/Main/checkpoints/lstm_ts_500_f1_macro_trend_season.pt
2026-03-10 22:59:41,054 | INFO | Epoch 2/20 (time: 326.0s)
2026-03-10 22:59:41,057 | INFO |   Train -> loss: 1.273772 | acc: 0.367689
2026-03-10 22:59:41,057 | INFO |   Val   -> loss: 1.251175 | acc: 0.387427 | f1_macro: 0.322350
2026-03-10 23:05:03,392 | INFO | Epoch 3/20 (time: 322.3s)
2026-03-10 23:05:03,399 | INFO |   Train -> loss: 1.236638 | acc: 0.389040
2026-03-10 23:05:03,399 | INFO |   Val   -> loss: 1.213648 | acc: 0.429107 | f1_macro: 0.404133
2026-03-10 23:05:03,404 | INFO | Saved best checkpoint: /home/s466553/Master_thesis/Main/checkpoints/lstm_ts_500_f1_macro_trend_season.pt
2026-03-10 23:10:20,002 | INFO | Epoch 4/20 (time: 316.6s)
2026-03-10 23:10:20,005 | INFO |   Train -> loss: 1.174122 | acc: 0.454217
2026-03-10 23:10:20,005 | INFO |   Val   -> loss: 1.086066 | acc: 0.517827 | f1_macro: 0.521348
2026-03-10 23:10:20,008 | INFO | Saved best checkpoint: /home/s466553/Master_thesis/Main/checkpoints/lstm_ts_500_f1_macro_trend_season.pt
2026-03-10 23:15:35,254 | INFO | Epoch 5/20 (time: 315.2s)
2026-03-10 23:15:35,256 | INFO |   Train -> loss: 1.084557 | acc: 0.516714
2026-03-10 23:15:35,256 | INFO |   Val   -> loss: 1.098134 | acc: 0.503987 | f1_macro: 0.483240
2026-03-10 23:20:49,701 | INFO | Epoch 6/20 (time: 314.4s)
2026-03-10 23:20:49,704 | INFO |   Train -> loss: 1.037500 | acc: 0.546897
2026-03-10 23:20:49,704 | INFO |   Val   -> loss: 0.951170 | acc: 0.584560 | f1_macro: 0.587743
2026-03-10 23:20:49,707 | INFO | Saved best checkpoint: /home/s466553/Master_thesis/Main/checkpoints/lstm_ts_500_f1_macro_trend_season.pt
2026-03-10 23:26:04,410 | INFO | Epoch 7/20 (time: 314.7s)
2026-03-10 23:26:04,413 | INFO |   Train -> loss: 1.007204 | acc: 0.565991
2026-03-10 23:26:04,413 | INFO |   Val   -> loss: 0.951974 | acc: 0.584107 | f1_macro: 0.589554
2026-03-10 23:26:04,417 | INFO | Saved best checkpoint: /home/s466553/Master_thesis/Main/checkpoints/lstm_ts_500_f1_macro_trend_season.pt
2026-03-10 23:31:19,269 | INFO | Epoch 8/20 (time: 314.8s)
2026-03-10 23:31:19,271 | INFO |   Train -> loss: 0.956566 | acc: 0.597491
2026-03-10 23:31:19,271 | INFO |   Val   -> loss: 0.953619 | acc: 0.605120 | f1_macro: 0.607323
2026-03-10 23:31:19,275 | INFO | Saved best checkpoint: /home/s466553/Master_thesis/Main/checkpoints/lstm_ts_500_f1_macro_trend_season.pt
2026-03-10 23:36:35,944 | INFO | Epoch 9/20 (time: 316.7s)
2026-03-10 23:36:35,958 | INFO |   Train -> loss: 0.903697 | acc: 0.625629
2026-03-10 23:36:35,958 | INFO |   Val   -> loss: 0.833146 | acc: 0.664920 | f1_macro: 0.666459
2026-03-10 23:36:35,963 | INFO | Saved best checkpoint: /home/s466553/Master_thesis/Main/checkpoints/lstm_ts_500_f1_macro_trend_season.pt
2026-03-10 23:41:50,032 | INFO | Epoch 10/20 (time: 314.1s)
2026-03-10 23:41:50,034 | INFO |   Train -> loss: 0.845340 | acc: 0.652191
2026-03-10 23:41:50,034 | INFO |   Val   -> loss: 0.859766 | acc: 0.637987 | f1_macro: 0.641066
2026-03-10 23:47:05,173 | INFO | Epoch 11/20 (time: 315.1s)
2026-03-10 23:47:05,178 | INFO |   Train -> loss: 0.823317 | acc: 0.665503
2026-03-10 23:47:05,178 | INFO |   Val   -> loss: 0.800711 | acc: 0.662813 | f1_macro: 0.664024
2026-03-10 23:52:22,151 | INFO | Epoch 12/20 (time: 317.0s)
2026-03-10 23:52:22,154 | INFO |   Train -> loss: 0.819197 | acc: 0.666477
2026-03-10 23:52:22,154 | INFO |   Val   -> loss: 0.842016 | acc: 0.653933 | f1_macro: 0.656340
2026-03-10 23:57:28,240 | INFO | Epoch 13/20 (time: 306.1s)
2026-03-10 23:57:28,243 | INFO |   Train -> loss: 0.800970 | acc: 0.677100
2026-03-10 23:57:28,243 | INFO |   Val   -> loss: 0.746840 | acc: 0.696693 | f1_macro: 0.692391
2026-03-10 23:57:28,248 | INFO | Saved best checkpoint: /home/s466553/Master_thesis/Main/checkpoints/lstm_ts_500_f1_macro_trend_season.pt
2026-03-11 00:02:38,074 | INFO | Epoch 14/20 (time: 309.8s)
2026-03-11 00:02:38,077 | INFO |   Train -> loss: 0.779692 | acc: 0.687226
2026-03-11 00:02:38,077 | INFO |   Val   -> loss: 0.842065 | acc: 0.652240 | f1_macro: 0.653829
2026-03-11 00:07:43,998 | INFO | Epoch 15/20 (time: 305.9s)
2026-03-11 00:07:44,002 | INFO |   Train -> loss: 0.767572 | acc: 0.693969
2026-03-11 00:07:44,002 | INFO |   Val   -> loss: 0.729032 | acc: 0.709560 | f1_macro: 0.706077
2026-03-11 00:07:44,006 | INFO | Saved best checkpoint: /home/s466553/Master_thesis/Main/checkpoints/lstm_ts_500_f1_macro_trend_season.pt
2026-03-11 00:12:49,212 | INFO | Epoch 16/20 (time: 305.2s)
2026-03-11 00:12:49,217 | INFO |   Train -> loss: 0.752011 | acc: 0.703834
2026-03-11 00:12:49,217 | INFO |   Val   -> loss: 0.691364 | acc: 0.732267 | f1_macro: 0.728774
2026-03-11 00:12:49,220 | INFO | Saved best checkpoint: /home/s466553/Master_thesis/Main/checkpoints/lstm_ts_500_f1_macro_trend_season.pt
2026-03-11 00:17:55,374 | INFO | Epoch 17/20 (time: 306.1s)
2026-03-11 00:17:55,379 | INFO |   Train -> loss: 0.713511 | acc: 0.728709
2026-03-11 00:17:55,379 | INFO |   Val   -> loss: 0.625488 | acc: 0.764693 | f1_macro: 0.760274
2026-03-11 00:17:55,383 | INFO | Saved best checkpoint: /home/s466553/Master_thesis/Main/checkpoints/lstm_ts_500_f1_macro_trend_season.pt
2026-03-11 00:23:01,306 | INFO | Epoch 18/20 (time: 305.9s)
2026-03-11 00:23:01,315 | INFO |   Train -> loss: 0.671552 | acc: 0.747329
2026-03-11 00:23:01,315 | INFO |   Val   -> loss: 0.613335 | acc: 0.770547 | f1_macro: 0.765257
2026-03-11 00:23:01,319 | INFO | Saved best checkpoint: /home/s466553/Master_thesis/Main/checkpoints/lstm_ts_500_f1_macro_trend_season.pt
2026-03-11 00:28:08,637 | INFO | Epoch 19/20 (time: 307.3s)
2026-03-11 00:28:08,648 | INFO |   Train -> loss: 0.661393 | acc: 0.751491
2026-03-11 00:28:08,649 | INFO |   Val   -> loss: 0.607063 | acc: 0.770013 | f1_macro: 0.764633
2026-03-11 00:33:13,603 | INFO | Epoch 20/20 (time: 304.9s)
2026-03-11 00:33:13,608 | INFO |   Train -> loss: 0.637385 | acc: 0.761334
2026-03-11 00:33:13,611 | INFO |   Val   -> loss: 0.622327 | acc: 0.764440 | f1_macro: 0.760887
2026-03-11 00:33:13,615 | INFO | Saved training log CSV: /home/s466553/Master_thesis/Main/results/lstm_ts_500_f1_macro_trend_season_training.csv
2026-03-11 00:33:13,616 | INFO | Done.

=========================================
Finished experiment: trend_seasonality
Job finished at: Wed Mar 11 12:33:14 AM CET 2026
=========================================
