=========================================
Job started at: Mon Mar  9 07:03:24 PM CET 2026
Job ID: 2382408
Array Task ID: 1
Node: jnfat03
=========================================
Activating virtual environment...

GPU Information:
name, memory.total [MiB], memory.free [MiB]
NVIDIA L40S, 46068 MiB, 45460 MiB

Running experiment: trend
Command: python3 training/train.py --model lstm --dataset ts_500 --metric f1_macro --epochs 20 --early_stop --patience 5 --seq_len 500 --data_seed 42 --trend
2026-03-09 19:03:26,135 | INFO | Run name: lstm_ts_500_f1_macro_trend
2026-03-09 19:03:26,135 | INFO | Dataset: ts_500 | Model: lstm | Metric: f1_macro
2026-03-09 19:03:26,136 | INFO | Trend: True | Seasonality: False
Split files already exist. Using existing:
  /home/s466553/Master_thesis/Main/dataset/ts_500/ts_500_train.csv
  /home/s466553/Master_thesis/Main/dataset/ts_500/ts_500_val.csv
  /home/s466553/Master_thesis/Main/dataset/ts_500/ts_500_test.csv
2026-03-09 19:03:26,214 | INFO | Device: cuda
