=========================================
Job started at: Fri Feb 20 08:26:27 AM CET 2026
Job ID: 2315537
Node: jn020
=========================================
Activating virtual environment...

GPU Information:
name, memory.total [MiB], memory.free [MiB]
NVIDIA L40, 49140 MiB, 48514 MiB

Starting training...
Running 12 experiment(s): 4 model(s) × 1 dataset(s) × 3 metric(s)
Models: ['cnn', 'cnn_lstm', 'gru', 'lstm']
Datasets: ['ts_500']
Metrics: ['acc', 'f1_macro', 'balanced_accuracy']
2026-02-20 08:26:32,298 | INFO | Run name: cnn_ts_500_acc
2026-02-20 08:26:32,299 | INFO | Dataset: ts_500 | Model: cnn | Metric: acc
2026-02-20 08:26:32,299 | INFO | Checkpoint: /home/s466553/Master_thesis/Main/checkpoints/cnn_ts_500_acc.pt
2026-02-20 08:26:32,299 | INFO | Results CSV: /home/s466553/Master_thesis/Main/results/cnn_ts_500_acc_training.csv
Split files already exist. Using existing:
  /home/s466553/Master_thesis/Main/dataset/ts_500/ts_500_train.csv
  /home/s466553/Master_thesis/Main/dataset/ts_500/ts_500_val.csv
  /home/s466553/Master_thesis/Main/dataset/ts_500/ts_500_test.csv
2026-02-20 08:26:32,382 | INFO | Device: cuda
2026-02-20 08:31:02,101 | INFO | Epoch 1/20 (time: 267.8s)
2026-02-20 08:31:02,105 | INFO |   Train -> loss: 1.136295 | acc: 0.477069
2026-02-20 08:31:02,105 | INFO |   Val   -> loss: 1.547337 | acc: 0.361613 | acc: 0.361613
2026-02-20 08:31:02,115 | INFO |  Saved best checkpoint: /home/s466553/Master_thesis/Main/checkpoints/cnn_ts_500_acc.pt
2026-02-20 08:35:25,680 | INFO | Epoch 2/20 (time: 263.6s)
2026-02-20 08:35:25,684 | INFO |   Train -> loss: 1.032449 | acc: 0.541657
2026-02-20 08:35:25,684 | INFO |   Val   -> loss: 1.523142 | acc: 0.363733 | acc: 0.363733
2026-02-20 08:35:25,688 | INFO |  Saved best checkpoint: /home/s466553/Master_thesis/Main/checkpoints/cnn_ts_500_acc.pt
2026-02-20 08:39:45,569 | INFO | Epoch 3/20 (time: 259.9s)
2026-02-20 08:39:45,571 | INFO |   Train -> loss: 1.006622 | acc: 0.551774
2026-02-20 08:39:45,571 | INFO |   Val   -> loss: 1.545571 | acc: 0.363960 | acc: 0.363960
2026-02-20 08:39:45,576 | INFO |  Saved best checkpoint: /home/s466553/Master_thesis/Main/checkpoints/cnn_ts_500_acc.pt
2026-02-20 08:44:07,970 | INFO | Epoch 4/20 (time: 262.4s)
2026-02-20 08:44:07,975 | INFO |   Train -> loss: 0.990025 | acc: 0.558671
2026-02-20 08:44:07,975 | INFO |   Val   -> loss: 1.547551 | acc: 0.364227 | acc: 0.364227
2026-02-20 08:44:07,980 | INFO |  Saved best checkpoint: /home/s466553/Master_thesis/Main/checkpoints/cnn_ts_500_acc.pt
2026-02-20 08:48:29,975 | INFO | Epoch 5/20 (time: 262.0s)
2026-02-20 08:48:29,980 | INFO |   Train -> loss: 0.975601 | acc: 0.568283
2026-02-20 08:48:29,980 | INFO |   Val   -> loss: 1.568173 | acc: 0.366893 | acc: 0.366893
2026-02-20 08:48:29,986 | INFO |  Saved best checkpoint: /home/s466553/Master_thesis/Main/checkpoints/cnn_ts_500_acc.pt
2026-02-20 08:52:48,532 | INFO | Epoch 6/20 (time: 258.5s)
2026-02-20 08:52:48,537 | INFO |   Train -> loss: 0.953051 | acc: 0.584809
2026-02-20 08:52:48,537 | INFO |   Val   -> loss: 1.577578 | acc: 0.370813 | acc: 0.370813
2026-02-20 08:52:48,540 | INFO |  Saved best checkpoint: /home/s466553/Master_thesis/Main/checkpoints/cnn_ts_500_acc.pt
2026-02-20 08:57:03,637 | INFO | Epoch 7/20 (time: 255.1s)
2026-02-20 08:57:03,642 | INFO |   Train -> loss: 0.920040 | acc: 0.605571
2026-02-20 08:57:03,642 | INFO |   Val   -> loss: 1.537974 | acc: 0.368800 | acc: 0.368800
2026-02-20 09:01:20,146 | INFO | Epoch 8/20 (time: 256.5s)
2026-02-20 09:01:20,150 | INFO |   Train -> loss: 0.889368 | acc: 0.624980
2026-02-20 09:01:20,150 | INFO |   Val   -> loss: 1.513240 | acc: 0.372507 | acc: 0.372507
2026-02-20 09:01:20,153 | INFO |  Saved best checkpoint: /home/s466553/Master_thesis/Main/checkpoints/cnn_ts_500_acc.pt
2026-02-20 09:05:35,816 | INFO | Epoch 9/20 (time: 255.7s)
2026-02-20 09:05:35,821 | INFO |   Train -> loss: 0.865069 | acc: 0.638411
2026-02-20 09:05:35,821 | INFO |   Val   -> loss: 1.476157 | acc: 0.374853 | acc: 0.374853
2026-02-20 09:05:35,824 | INFO |  Saved best checkpoint: /home/s466553/Master_thesis/Main/checkpoints/cnn_ts_500_acc.pt
2026-02-20 09:09:51,698 | INFO | Epoch 10/20 (time: 255.9s)
2026-02-20 09:09:51,703 | INFO |   Train -> loss: 0.843198 | acc: 0.650334
2026-02-20 09:09:51,703 | INFO |   Val   -> loss: 1.504979 | acc: 0.376973 | acc: 0.376973
2026-02-20 09:09:51,706 | INFO |  Saved best checkpoint: /home/s466553/Master_thesis/Main/checkpoints/cnn_ts_500_acc.pt
2026-02-20 09:14:08,275 | INFO | Epoch 11/20 (time: 256.6s)
2026-02-20 09:14:08,283 | INFO |   Train -> loss: 0.824073 | acc: 0.660497
2026-02-20 09:14:08,283 | INFO |   Val   -> loss: 1.484466 | acc: 0.379747 | acc: 0.379747
2026-02-20 09:14:08,286 | INFO |  Saved best checkpoint: /home/s466553/Master_thesis/Main/checkpoints/cnn_ts_500_acc.pt
2026-02-20 09:18:24,373 | INFO | Epoch 12/20 (time: 256.1s)
2026-02-20 09:18:24,377 | INFO |   Train -> loss: 0.806333 | acc: 0.670806
2026-02-20 09:18:24,378 | INFO |   Val   -> loss: 1.461278 | acc: 0.381013 | acc: 0.381013
2026-02-20 09:18:24,382 | INFO |  Saved best checkpoint: /home/s466553/Master_thesis/Main/checkpoints/cnn_ts_500_acc.pt
2026-02-20 09:22:40,061 | INFO | Epoch 13/20 (time: 255.7s)
2026-02-20 09:22:40,066 | INFO |   Train -> loss: 0.790494 | acc: 0.679691
2026-02-20 09:22:40,066 | INFO |   Val   -> loss: 1.449195 | acc: 0.383733 | acc: 0.383733
2026-02-20 09:22:40,069 | INFO |  Saved best checkpoint: /home/s466553/Master_thesis/Main/checkpoints/cnn_ts_500_acc.pt
2026-02-20 09:26:53,995 | INFO | Epoch 14/20 (time: 253.9s)
2026-02-20 09:26:54,002 | INFO |   Train -> loss: 0.776975 | acc: 0.686674
2026-02-20 09:26:54,002 | INFO |   Val   -> loss: 1.399527 | acc: 0.386720 | acc: 0.386720
2026-02-20 09:26:54,005 | INFO |  Saved best checkpoint: /home/s466553/Master_thesis/Main/checkpoints/cnn_ts_500_acc.pt
2026-02-20 09:31:09,795 | INFO | Epoch 15/20 (time: 255.8s)
2026-02-20 09:31:09,799 | INFO |   Train -> loss: 0.763975 | acc: 0.692274
2026-02-20 09:31:09,799 | INFO |   Val   -> loss: 1.378994 | acc: 0.391960 | acc: 0.391960
2026-02-20 09:31:09,803 | INFO |  Saved best checkpoint: /home/s466553/Master_thesis/Main/checkpoints/cnn_ts_500_acc.pt
2026-02-20 09:35:26,259 | INFO | Epoch 16/20 (time: 256.5s)
2026-02-20 09:35:26,264 | INFO |   Train -> loss: 0.748991 | acc: 0.700817
2026-02-20 09:35:26,265 | INFO |   Val   -> loss: 1.389575 | acc: 0.394427 | acc: 0.394427
2026-02-20 09:35:26,267 | INFO |  Saved best checkpoint: /home/s466553/Master_thesis/Main/checkpoints/cnn_ts_500_acc.pt
2026-02-20 09:39:43,870 | INFO | Epoch 17/20 (time: 257.6s)
2026-02-20 09:39:43,874 | INFO |   Train -> loss: 0.737811 | acc: 0.706140
2026-02-20 09:39:43,874 | INFO |   Val   -> loss: 1.364871 | acc: 0.403507 | acc: 0.403507
2026-02-20 09:39:43,877 | INFO |  Saved best checkpoint: /home/s466553/Master_thesis/Main/checkpoints/cnn_ts_500_acc.pt
2026-02-20 09:43:55,800 | INFO | Epoch 18/20 (time: 251.9s)
2026-02-20 09:43:55,806 | INFO |   Train -> loss: 0.727560 | acc: 0.712260
2026-02-20 09:43:55,806 | INFO |   Val   -> loss: 1.372750 | acc: 0.407213 | acc: 0.407213
2026-02-20 09:43:55,809 | INFO |  Saved best checkpoint: /home/s466553/Master_thesis/Main/checkpoints/cnn_ts_500_acc.pt
2026-02-20 09:48:03,701 | INFO | Epoch 19/20 (time: 247.9s)
2026-02-20 09:48:03,709 | INFO |   Train -> loss: 0.718925 | acc: 0.716154
2026-02-20 09:48:03,709 | INFO |   Val   -> loss: 1.357601 | acc: 0.412560 | acc: 0.412560
2026-02-20 09:48:03,711 | INFO |  Saved best checkpoint: /home/s466553/Master_thesis/Main/checkpoints/cnn_ts_500_acc.pt
2026-02-20 09:52:09,388 | INFO | Epoch 20/20 (time: 245.7s)
2026-02-20 09:52:09,412 | INFO |   Train -> loss: 0.710068 | acc: 0.720037
2026-02-20 09:52:09,412 | INFO |   Val   -> loss: 1.357095 | acc: 0.401453 | acc: 0.401453
2026-02-20 09:52:09,415 | INFO | Saved training log CSV: /home/s466553/Master_thesis/Main/results/cnn_ts_500_acc_training.csv
2026-02-20 09:52:09,415 | INFO | Done.
2026-02-20 09:52:09,417 | INFO | Run name: cnn_ts_500_f1_macro
2026-02-20 09:52:09,420 | INFO | Dataset: ts_500 | Model: cnn | Metric: f1_macro
2026-02-20 09:52:09,420 | INFO | Checkpoint: /home/s466553/Master_thesis/Main/checkpoints/cnn_ts_500_f1_macro.pt
2026-02-20 09:52:09,420 | INFO | Results CSV: /home/s466553/Master_thesis/Main/results/cnn_ts_500_f1_macro_training.csv
Split files already exist. Using existing:
  /home/s466553/Master_thesis/Main/dataset/ts_500/ts_500_train.csv
  /home/s466553/Master_thesis/Main/dataset/ts_500/ts_500_val.csv
  /home/s466553/Master_thesis/Main/dataset/ts_500/ts_500_test.csv
2026-02-20 09:52:09,420 | INFO | Device: cuda
2026-02-20 09:56:14,688 | INFO | Epoch 1/20 (time: 245.3s)
2026-02-20 09:56:14,693 | INFO |   Train -> loss: 1.132636 | acc: 0.476983
2026-02-20 09:56:14,693 | INFO |   Val   -> loss: 1.578754 | acc: 0.345560 | f1_macro: 0.266075
2026-02-20 09:56:14,697 | INFO |  Saved best checkpoint: /home/s466553/Master_thesis/Main/checkpoints/cnn_ts_500_f1_macro.pt
2026-02-20 10:00:24,686 | INFO | Epoch 2/20 (time: 250.0s)
2026-02-20 10:00:24,690 | INFO |   Train -> loss: 1.026078 | acc: 0.543454
2026-02-20 10:00:24,690 | INFO |   Val   -> loss: 1.525214 | acc: 0.353933 | f1_macro: 0.274519
2026-02-20 10:00:24,693 | INFO |  Saved best checkpoint: /home/s466553/Master_thesis/Main/checkpoints/cnn_ts_500_f1_macro.pt
2026-02-20 10:04:51,257 | INFO | Epoch 3/20 (time: 266.6s)
2026-02-20 10:04:51,264 | INFO |   Train -> loss: 1.003627 | acc: 0.553811
2026-02-20 10:04:51,264 | INFO |   Val   -> loss: 1.482901 | acc: 0.356720 | f1_macro: 0.276507
2026-02-20 10:04:51,267 | INFO |  Saved best checkpoint: /home/s466553/Master_thesis/Main/checkpoints/cnn_ts_500_f1_macro.pt
2026-02-20 10:09:15,072 | INFO | Epoch 4/20 (time: 263.8s)
2026-02-20 10:09:15,089 | INFO |   Train -> loss: 0.989311 | acc: 0.559166
2026-02-20 10:09:15,095 | INFO |   Val   -> loss: 1.490104 | acc: 0.357293 | f1_macro: 0.278287
2026-02-20 10:09:15,099 | INFO |  Saved best checkpoint: /home/s466553/Master_thesis/Main/checkpoints/cnn_ts_500_f1_macro.pt
2026-02-20 10:13:42,768 | INFO | Epoch 5/20 (time: 267.7s)
2026-02-20 10:13:42,776 | INFO |   Train -> loss: 0.975410 | acc: 0.567871
2026-02-20 10:13:42,776 | INFO |   Val   -> loss: 1.507284 | acc: 0.359640 | f1_macro: 0.280034
2026-02-20 10:13:42,782 | INFO |  Saved best checkpoint: /home/s466553/Master_thesis/Main/checkpoints/cnn_ts_500_f1_macro.pt
2026-02-20 10:18:15,541 | INFO | Epoch 6/20 (time: 272.8s)
2026-02-20 10:18:15,546 | INFO |   Train -> loss: 0.956736 | acc: 0.584314
2026-02-20 10:18:15,546 | INFO |   Val   -> loss: 1.492051 | acc: 0.366813 | f1_macro: 0.287218
2026-02-20 10:18:15,552 | INFO |  Saved best checkpoint: /home/s466553/Master_thesis/Main/checkpoints/cnn_ts_500_f1_macro.pt
2026-02-20 10:22:46,937 | INFO | Epoch 7/20 (time: 271.4s)
2026-02-20 10:22:46,944 | INFO |   Train -> loss: 0.933889 | acc: 0.600834
2026-02-20 10:22:46,944 | INFO |   Val   -> loss: 1.483885 | acc: 0.366987 | f1_macro: 0.287761
2026-02-20 10:22:46,947 | INFO |  Saved best checkpoint: /home/s466553/Master_thesis/Main/checkpoints/cnn_ts_500_f1_macro.pt
