=========================================
Job started at: Tue Mar 10 11:59:42 PM CET 2026
Job ID: 2384771
Array Task ID: 0
Node: jn103
=========================================
Activating virtual environment...

GPU Information:
name, memory.total [MiB], memory.free [MiB]
NVIDIA L40, 46068 MiB, 45460 MiB

Running experiment: baseline
Command: python3 training/train.py --model lstm --dataset ts_500 --metric f1_macro --epochs 20 --early_stop --patience 5 --seq_len 500 --data_seed 42 
Running 1 experiment(s): 1 model(s) × 1 dataset(s) × 1 metric(s)
Models: ['lstm']
Datasets: ['ts_500']
Metrics: ['f1_macro']
2026-03-10 23:59:46,996 | INFO | Run name: lstm_ts_500_f1_macro
2026-03-10 23:59:46,998 | INFO | Dataset: ts_500 | Model: lstm | Metric: f1_macro
2026-03-10 23:59:46,998 | INFO | Trend: False | Seasonality: False
2026-03-10 23:59:46,998 | INFO | Checkpoint: /home/s466553/Master_thesis/Main/checkpoints/lstm_ts_500_f1_macro.pt
2026-03-10 23:59:46,998 | INFO | Results CSV: /home/s466553/Master_thesis/Main/results/lstm_ts_500_f1_macro_training.csv
Split files already exist. Using existing:
  /home/s466553/Master_thesis/Main/dataset/ts_500/ts_500_train.csv
  /home/s466553/Master_thesis/Main/dataset/ts_500/ts_500_val.csv
  /home/s466553/Master_thesis/Main/dataset/ts_500/ts_500_test.csv
2026-03-10 23:59:47,090 | INFO | Device: cuda
2026-03-11 00:05:22,741 | INFO | Epoch 1/20 (time: 333.5s)
2026-03-11 00:05:22,747 | INFO |   Train -> loss: 1.308174 | acc: 0.355289
2026-03-11 00:05:22,747 | INFO |   Val   -> loss: 1.253602 | acc: 0.408920 | f1_macro: 0.404852
2026-03-11 00:05:22,759 | INFO | Saved best checkpoint: /home/s466553/Master_thesis/Main/checkpoints/lstm_ts_500_f1_macro.pt
2026-03-11 00:10:49,088 | INFO | Epoch 2/20 (time: 326.3s)
2026-03-11 00:10:49,092 | INFO |   Train -> loss: 1.034457 | acc: 0.557171
2026-03-11 00:10:49,092 | INFO |   Val   -> loss: 0.847497 | acc: 0.659920 | f1_macro: 0.660110
2026-03-11 00:10:49,098 | INFO | Saved best checkpoint: /home/s466553/Master_thesis/Main/checkpoints/lstm_ts_500_f1_macro.pt
2026-03-11 00:16:16,267 | INFO | Epoch 3/20 (time: 327.2s)
2026-03-11 00:16:16,273 | INFO |   Train -> loss: 0.799391 | acc: 0.688426
2026-03-11 00:16:16,273 | INFO |   Val   -> loss: 0.713947 | acc: 0.723853 | f1_macro: 0.722971
2026-03-11 00:16:16,280 | INFO | Saved best checkpoint: /home/s466553/Master_thesis/Main/checkpoints/lstm_ts_500_f1_macro.pt
2026-03-11 00:21:40,736 | INFO | Epoch 4/20 (time: 324.4s)
2026-03-11 00:21:40,756 | INFO |   Train -> loss: 0.713670 | acc: 0.729134
2026-03-11 00:21:40,757 | INFO |   Val   -> loss: 0.583509 | acc: 0.782840 | f1_macro: 0.780466
2026-03-11 00:21:40,771 | INFO | Saved best checkpoint: /home/s466553/Master_thesis/Main/checkpoints/lstm_ts_500_f1_macro.pt
2026-03-11 00:27:12,355 | INFO | Epoch 5/20 (time: 330.5s)
2026-03-11 00:27:12,364 | INFO |   Train -> loss: 0.590225 | acc: 0.782457
2026-03-11 00:27:12,364 | INFO |   Val   -> loss: 0.494147 | acc: 0.818333 | f1_macro: 0.817001
2026-03-11 00:27:12,370 | INFO | Saved best checkpoint: /home/s466553/Master_thesis/Main/checkpoints/lstm_ts_500_f1_macro.pt
2026-03-11 00:32:43,530 | INFO | Epoch 6/20 (time: 331.2s)
2026-03-11 00:32:43,536 | INFO |   Train -> loss: 0.515638 | acc: 0.809574
2026-03-11 00:32:43,536 | INFO |   Val   -> loss: 0.439396 | acc: 0.835640 | f1_macro: 0.834317
2026-03-11 00:32:43,541 | INFO | Saved best checkpoint: /home/s466553/Master_thesis/Main/checkpoints/lstm_ts_500_f1_macro.pt
2026-03-11 00:38:19,436 | INFO | Epoch 7/20 (time: 335.9s)
2026-03-11 00:38:19,444 | INFO |   Train -> loss: 0.469897 | acc: 0.826726
2026-03-11 00:38:19,444 | INFO |   Val   -> loss: 0.408666 | acc: 0.846680 | f1_macro: 0.845262
2026-03-11 00:38:19,448 | INFO | Saved best checkpoint: /home/s466553/Master_thesis/Main/checkpoints/lstm_ts_500_f1_macro.pt
2026-03-11 00:43:44,472 | INFO | Epoch 8/20 (time: 325.0s)
2026-03-11 00:43:44,479 | INFO |   Train -> loss: 0.473595 | acc: 0.822274
2026-03-11 00:43:44,479 | INFO |   Val   -> loss: 0.443538 | acc: 0.832600 | f1_macro: 0.832021
2026-03-11 00:48:58,497 | INFO | Epoch 9/20 (time: 314.0s)
2026-03-11 00:48:58,512 | INFO |   Train -> loss: 0.466979 | acc: 0.824886
2026-03-11 00:48:58,512 | INFO |   Val   -> loss: 0.416687 | acc: 0.844013 | f1_macro: 0.843022
2026-03-11 00:54:16,658 | INFO | Epoch 10/20 (time: 318.1s)
2026-03-11 00:54:16,660 | INFO |   Train -> loss: 0.443701 | acc: 0.834731
2026-03-11 00:54:16,661 | INFO |   Val   -> loss: 0.395503 | acc: 0.851960 | f1_macro: 0.851001
2026-03-11 00:54:16,666 | INFO | Saved best checkpoint: /home/s466553/Master_thesis/Main/checkpoints/lstm_ts_500_f1_macro.pt
2026-03-11 00:59:29,868 | INFO | Epoch 11/20 (time: 313.2s)
2026-03-11 00:59:29,871 | INFO |   Train -> loss: 0.435021 | acc: 0.838006
2026-03-11 00:59:29,871 | INFO |   Val   -> loss: 0.394989 | acc: 0.852120 | f1_macro: 0.850750
2026-03-11 01:04:43,569 | INFO | Epoch 12/20 (time: 313.7s)
2026-03-11 01:04:43,572 | INFO |   Train -> loss: 0.414979 | acc: 0.846531
2026-03-11 01:04:43,574 | INFO |   Val   -> loss: 0.375653 | acc: 0.860307 | f1_macro: 0.859165
2026-03-11 01:04:43,581 | INFO | Saved best checkpoint: /home/s466553/Master_thesis/Main/checkpoints/lstm_ts_500_f1_macro.pt
2026-03-11 01:09:55,858 | INFO | Epoch 13/20 (time: 312.3s)
2026-03-11 01:09:55,860 | INFO |   Train -> loss: 0.401348 | acc: 0.852323
2026-03-11 01:09:55,860 | INFO |   Val   -> loss: 0.363070 | acc: 0.865093 | f1_macro: 0.864095
2026-03-11 01:09:55,866 | INFO | Saved best checkpoint: /home/s466553/Master_thesis/Main/checkpoints/lstm_ts_500_f1_macro.pt
2026-03-11 01:15:08,048 | INFO | Epoch 14/20 (time: 312.2s)
2026-03-11 01:15:08,050 | INFO |   Train -> loss: 0.388092 | acc: 0.857529
2026-03-11 01:15:08,051 | INFO |   Val   -> loss: 0.354605 | acc: 0.868760 | f1_macro: 0.867819
2026-03-11 01:15:08,054 | INFO | Saved best checkpoint: /home/s466553/Master_thesis/Main/checkpoints/lstm_ts_500_f1_macro.pt
2026-03-11 01:20:18,468 | INFO | Epoch 15/20 (time: 310.4s)
2026-03-11 01:20:18,471 | INFO |   Train -> loss: 0.380704 | acc: 0.859971
2026-03-11 01:20:18,471 | INFO |   Val   -> loss: 0.353881 | acc: 0.868693 | f1_macro: 0.867864
2026-03-11 01:20:18,474 | INFO | Saved best checkpoint: /home/s466553/Master_thesis/Main/checkpoints/lstm_ts_500_f1_macro.pt
2026-03-11 01:25:30,590 | INFO | Epoch 16/20 (time: 312.1s)
2026-03-11 01:25:30,592 | INFO |   Train -> loss: 0.376185 | acc: 0.862291
2026-03-11 01:25:30,592 | INFO |   Val   -> loss: 0.346724 | acc: 0.871667 | f1_macro: 0.870812
2026-03-11 01:25:30,597 | INFO | Saved best checkpoint: /home/s466553/Master_thesis/Main/checkpoints/lstm_ts_500_f1_macro.pt
2026-03-11 01:30:44,488 | INFO | Epoch 17/20 (time: 313.9s)
2026-03-11 01:30:44,490 | INFO |   Train -> loss: 0.372473 | acc: 0.863777
2026-03-11 01:30:44,490 | INFO |   Val   -> loss: 0.342767 | acc: 0.873333 | f1_macro: 0.872567
2026-03-11 01:30:44,494 | INFO | Saved best checkpoint: /home/s466553/Master_thesis/Main/checkpoints/lstm_ts_500_f1_macro.pt
2026-03-11 01:36:00,982 | INFO | Epoch 18/20 (time: 316.5s)
2026-03-11 01:36:00,984 | INFO |   Train -> loss: 0.363708 | acc: 0.866829
2026-03-11 01:36:00,984 | INFO |   Val   -> loss: 0.342468 | acc: 0.873187 | f1_macro: 0.872347
2026-03-11 01:41:20,435 | INFO | Epoch 19/20 (time: 319.4s)
2026-03-11 01:41:20,437 | INFO |   Train -> loss: 0.357830 | acc: 0.868783
2026-03-11 01:41:20,438 | INFO |   Val   -> loss: 0.338819 | acc: 0.875773 | f1_macro: 0.874930
2026-03-11 01:41:20,441 | INFO | Saved best checkpoint: /home/s466553/Master_thesis/Main/checkpoints/lstm_ts_500_f1_macro.pt
2026-03-11 01:46:38,582 | INFO | Epoch 20/20 (time: 318.1s)
2026-03-11 01:46:38,586 | INFO |   Train -> loss: 0.352849 | acc: 0.871080
2026-03-11 01:46:38,586 | INFO |   Val   -> loss: 0.342477 | acc: 0.874240 | f1_macro: 0.873565
2026-03-11 01:46:38,588 | INFO | Saved training log CSV: /home/s466553/Master_thesis/Main/results/lstm_ts_500_f1_macro_training.csv
2026-03-11 01:46:38,588 | INFO | Done.

=========================================
Finished experiment: baseline
Job finished at: Wed Mar 11 01:46:39 AM CET 2026
=========================================
