=========================================
Job started at: Tue Mar 10 11:59:42 PM CET 2026
Job ID: 2384770
Array Task ID: 3
Node: jn117
=========================================
Activating virtual environment...

GPU Information:
name, memory.total [MiB], memory.free [MiB]
NVIDIA L40, 49140 MiB, 48514 MiB

Running experiment: trend_seasonality
Command: python3 training/train.py --model lstm --dataset ts_500 --metric f1_macro --epochs 20 --early_stop --patience 5 --seq_len 500 --data_seed 42 --trend --seasonality
Running 1 experiment(s): 1 model(s) × 1 dataset(s) × 1 metric(s)
Models: ['lstm']
Datasets: ['ts_500']
Metrics: ['f1_macro']
2026-03-10 23:59:47,125 | INFO | Run name: lstm_ts_500_f1_macro_trend_season
2026-03-10 23:59:47,126 | INFO | Dataset: ts_500 | Model: lstm | Metric: f1_macro
2026-03-10 23:59:47,126 | INFO | Trend: True | Seasonality: True
2026-03-10 23:59:47,126 | INFO | Checkpoint: /home/s466553/Master_thesis/Main/checkpoints/lstm_ts_500_f1_macro_trend_season.pt
2026-03-10 23:59:47,126 | INFO | Results CSV: /home/s466553/Master_thesis/Main/results/lstm_ts_500_f1_macro_trend_season_training.csv
Split files already exist. Using existing:
  /home/s466553/Master_thesis/Main/dataset/ts_500/ts_500_train.csv
  /home/s466553/Master_thesis/Main/dataset/ts_500/ts_500_val.csv
  /home/s466553/Master_thesis/Main/dataset/ts_500/ts_500_test.csv
2026-03-10 23:59:47,229 | INFO | Device: cuda
2026-03-11 00:05:19,938 | INFO | Epoch 1/20 (time: 330.7s)
2026-03-11 00:05:19,942 | INFO |   Train -> loss: 1.316539 | acc: 0.351517
2026-03-11 00:05:19,942 | INFO |   Val   -> loss: 1.273529 | acc: 0.389280 | f1_macro: 0.338833
2026-03-11 00:05:19,951 | INFO | Saved best checkpoint: /home/s466553/Master_thesis/Main/checkpoints/lstm_ts_500_f1_macro_trend_season.pt
2026-03-11 00:10:46,152 | INFO | Epoch 2/20 (time: 326.2s)
2026-03-11 00:10:46,159 | INFO |   Train -> loss: 1.281764 | acc: 0.368660
2026-03-11 00:10:46,159 | INFO |   Val   -> loss: 1.228922 | acc: 0.398347 | f1_macro: 0.339070
2026-03-11 00:10:46,164 | INFO | Saved best checkpoint: /home/s466553/Master_thesis/Main/checkpoints/lstm_ts_500_f1_macro_trend_season.pt
2026-03-11 00:16:15,651 | INFO | Epoch 3/20 (time: 329.5s)
2026-03-11 00:16:15,656 | INFO |   Train -> loss: 1.192497 | acc: 0.438357
2026-03-11 00:16:15,656 | INFO |   Val   -> loss: 1.060488 | acc: 0.547053 | f1_macro: 0.546529
2026-03-11 00:16:15,662 | INFO | Saved best checkpoint: /home/s466553/Master_thesis/Main/checkpoints/lstm_ts_500_f1_macro_trend_season.pt
2026-03-11 00:21:47,729 | INFO | Epoch 4/20 (time: 332.1s)
2026-03-11 00:21:47,735 | INFO |   Train -> loss: 1.051506 | acc: 0.538366
2026-03-11 00:21:47,736 | INFO |   Val   -> loss: 1.073233 | acc: 0.533893 | f1_macro: 0.531938
2026-03-11 00:27:16,207 | INFO | Epoch 5/20 (time: 328.5s)
2026-03-11 00:27:16,214 | INFO |   Train -> loss: 1.019800 | acc: 0.559180
2026-03-11 00:27:16,215 | INFO |   Val   -> loss: 0.961966 | acc: 0.585547 | f1_macro: 0.585527
2026-03-11 00:27:16,219 | INFO | Saved best checkpoint: /home/s466553/Master_thesis/Main/checkpoints/lstm_ts_500_f1_macro_trend_season.pt
2026-03-11 00:32:48,414 | INFO | Epoch 6/20 (time: 332.2s)
2026-03-11 00:32:48,419 | INFO |   Train -> loss: 0.987759 | acc: 0.575671
2026-03-11 00:32:48,419 | INFO |   Val   -> loss: 0.951986 | acc: 0.588760 | f1_macro: 0.592327
2026-03-11 00:32:48,423 | INFO | Saved best checkpoint: /home/s466553/Master_thesis/Main/checkpoints/lstm_ts_500_f1_macro_trend_season.pt
2026-03-11 00:38:19,458 | INFO | Epoch 7/20 (time: 331.0s)
2026-03-11 00:38:19,461 | INFO |   Train -> loss: 0.964212 | acc: 0.586571
2026-03-11 00:38:19,461 | INFO |   Val   -> loss: 0.949173 | acc: 0.590867 | f1_macro: 0.593033
2026-03-11 00:38:19,467 | INFO | Saved best checkpoint: /home/s466553/Master_thesis/Main/checkpoints/lstm_ts_500_f1_macro_trend_season.pt
2026-03-11 00:43:46,613 | INFO | Epoch 8/20 (time: 327.1s)
2026-03-11 00:43:46,618 | INFO |   Train -> loss: 0.942164 | acc: 0.598777
2026-03-11 00:43:46,618 | INFO |   Val   -> loss: 0.968412 | acc: 0.583133 | f1_macro: 0.586291
2026-03-11 00:49:23,127 | INFO | Epoch 9/20 (time: 336.5s)
2026-03-11 00:49:23,130 | INFO |   Train -> loss: 0.917293 | acc: 0.612149
2026-03-11 00:49:23,130 | INFO |   Val   -> loss: 0.875664 | acc: 0.633200 | f1_macro: 0.634510
2026-03-11 00:49:23,134 | INFO | Saved best checkpoint: /home/s466553/Master_thesis/Main/checkpoints/lstm_ts_500_f1_macro_trend_season.pt
2026-03-11 00:55:01,954 | INFO | Epoch 10/20 (time: 338.8s)
2026-03-11 00:55:01,957 | INFO |   Train -> loss: 0.943703 | acc: 0.604249
2026-03-11 00:55:01,957 | INFO |   Val   -> loss: 0.901371 | acc: 0.619773 | f1_macro: 0.622767
2026-03-11 01:00:27,904 | INFO | Epoch 11/20 (time: 325.9s)
2026-03-11 01:00:27,907 | INFO |   Train -> loss: 0.928171 | acc: 0.610520
2026-03-11 01:00:27,907 | INFO |   Val   -> loss: 0.857837 | acc: 0.641107 | f1_macro: 0.643636
2026-03-11 01:00:27,910 | INFO | Saved best checkpoint: /home/s466553/Master_thesis/Main/checkpoints/lstm_ts_500_f1_macro_trend_season.pt
2026-03-11 01:05:51,262 | INFO | Epoch 12/20 (time: 323.3s)
2026-03-11 01:05:51,265 | INFO |   Train -> loss: 0.893503 | acc: 0.629997
2026-03-11 01:05:51,265 | INFO |   Val   -> loss: 0.864493 | acc: 0.643107 | f1_macro: 0.644965
2026-03-11 01:05:51,268 | INFO | Saved best checkpoint: /home/s466553/Master_thesis/Main/checkpoints/lstm_ts_500_f1_macro_trend_season.pt
2026-03-11 01:11:18,673 | INFO | Epoch 13/20 (time: 327.4s)
2026-03-11 01:11:18,675 | INFO |   Train -> loss: 0.886181 | acc: 0.636177
2026-03-11 01:11:18,675 | INFO |   Val   -> loss: 0.794493 | acc: 0.684547 | f1_macro: 0.682168
2026-03-11 01:11:18,678 | INFO | Saved best checkpoint: /home/s466553/Master_thesis/Main/checkpoints/lstm_ts_500_f1_macro_trend_season.pt
2026-03-11 01:17:02,684 | INFO | Epoch 14/20 (time: 344.0s)
2026-03-11 01:17:02,684 | INFO |   Train -> loss: 0.816243 | acc: 0.677943
2026-03-11 01:17:02,684 | INFO |   Val   -> loss: 0.761177 | acc: 0.704067 | f1_macro: 0.702074
2026-03-11 01:17:02,689 | INFO | Saved best checkpoint: /home/s466553/Master_thesis/Main/checkpoints/lstm_ts_500_f1_macro_trend_season.pt
2026-03-11 01:22:41,227 | INFO | Epoch 15/20 (time: 338.5s)
2026-03-11 01:22:41,229 | INFO |   Train -> loss: 0.747347 | acc: 0.715177
2026-03-11 01:22:41,229 | INFO |   Val   -> loss: 0.701390 | acc: 0.732640 | f1_macro: 0.729664
2026-03-11 01:22:41,233 | INFO | Saved best checkpoint: /home/s466553/Master_thesis/Main/checkpoints/lstm_ts_500_f1_macro_trend_season.pt
2026-03-11 01:28:26,085 | INFO | Epoch 16/20 (time: 344.8s)
2026-03-11 01:28:26,085 | INFO |   Train -> loss: 0.809238 | acc: 0.680106
2026-03-11 01:28:26,085 | INFO |   Val   -> loss: 0.720617 | acc: 0.721800 | f1_macro: 0.716314
2026-03-11 01:33:55,583 | INFO | Epoch 17/20 (time: 329.5s)
2026-03-11 01:33:55,586 | INFO |   Train -> loss: 0.731011 | acc: 0.722023
2026-03-11 01:33:55,586 | INFO |   Val   -> loss: 0.674594 | acc: 0.741627 | f1_macro: 0.736211
2026-03-11 01:33:55,590 | INFO | Saved best checkpoint: /home/s466553/Master_thesis/Main/checkpoints/lstm_ts_500_f1_macro_trend_season.pt
2026-03-11 01:39:28,136 | INFO | Epoch 18/20 (time: 332.5s)
2026-03-11 01:39:28,139 | INFO |   Train -> loss: 0.846082 | acc: 0.661034
2026-03-11 01:39:28,139 | INFO |   Val   -> loss: 0.766383 | acc: 0.700707 | f1_macro: 0.697557
2026-03-11 01:44:59,801 | INFO | Epoch 19/20 (time: 331.7s)
2026-03-11 01:44:59,801 | INFO |   Train -> loss: 0.793116 | acc: 0.688683
2026-03-11 01:44:59,801 | INFO |   Val   -> loss: 0.749866 | acc: 0.706013 | f1_macro: 0.704309
2026-03-11 01:50:27,979 | INFO | Epoch 20/20 (time: 328.2s)
2026-03-11 01:50:27,982 | INFO |   Train -> loss: 0.774700 | acc: 0.698583
2026-03-11 01:50:27,982 | INFO |   Val   -> loss: 0.655368 | acc: 0.751467 | f1_macro: 0.744796
2026-03-11 01:50:27,986 | INFO | Saved best checkpoint: /home/s466553/Master_thesis/Main/checkpoints/lstm_ts_500_f1_macro_trend_season.pt
2026-03-11 01:50:27,991 | INFO | Saved training log CSV: /home/s466553/Master_thesis/Main/results/lstm_ts_500_f1_macro_trend_season_training.csv
2026-03-11 01:50:27,991 | INFO | Done.

=========================================
Finished experiment: trend_seasonality
Job finished at: Wed Mar 11 01:50:29 AM CET 2026
=========================================
