=========================================
Job started at: Tue Mar 10 10:48:48 PM CET 2026
Job ID: 2384752
Array Task ID: 2
Node: jn113
=========================================
Activating virtual environment...

GPU Information:
name, memory.total [MiB], memory.free [MiB]
NVIDIA L40, 49140 MiB, 48514 MiB

Running experiment: seasonality
Command: python3 training/train.py --model lstm --dataset ts_500 --metric f1_macro --epochs 20 --early_stop --patience 5 --seq_len 500 --data_seed 42 --seasonality
Running 1 experiment(s): 1 model(s) × 1 dataset(s) × 1 metric(s)
Models: ['lstm']
Datasets: ['ts_500']
Metrics: ['f1_macro']
2026-03-10 22:48:50,220 | INFO | Run name: lstm_ts_500_f1_macro_season
2026-03-10 22:48:50,221 | INFO | Dataset: ts_500 | Model: lstm | Metric: f1_macro
2026-03-10 22:48:50,221 | INFO | Trend: False | Seasonality: True
2026-03-10 22:48:50,221 | INFO | Checkpoint: /home/s466553/Master_thesis/Main/checkpoints/lstm_ts_500_f1_macro_season.pt
2026-03-10 22:48:50,221 | INFO | Results CSV: /home/s466553/Master_thesis/Main/results/lstm_ts_500_f1_macro_season_training.csv
Split files already exist. Using existing:
  /home/s466553/Master_thesis/Main/dataset/ts_500/ts_500_train.csv
  /home/s466553/Master_thesis/Main/dataset/ts_500/ts_500_val.csv
  /home/s466553/Master_thesis/Main/dataset/ts_500/ts_500_test.csv
2026-03-10 22:48:50,299 | INFO | Device: cuda
2026-03-10 22:53:49,752 | INFO | Epoch 1/20 (time: 298.5s)
2026-03-10 22:53:49,753 | INFO |   Train -> loss: 1.310981 | acc: 0.356240
2026-03-10 22:53:49,753 | INFO |   Val   -> loss: 1.270648 | acc: 0.388773 | f1_macro: 0.335323
2026-03-10 22:53:49,759 | INFO | Saved best checkpoint: /home/s466553/Master_thesis/Main/checkpoints/lstm_ts_500_f1_macro_season.pt
2026-03-10 22:58:42,122 | INFO | Epoch 2/20 (time: 292.4s)
2026-03-10 22:58:42,122 | INFO |   Train -> loss: 1.290396 | acc: 0.365657
2026-03-10 22:58:42,122 | INFO |   Val   -> loss: 1.281285 | acc: 0.396973 | f1_macro: 0.331098
2026-03-10 23:03:35,566 | INFO | Epoch 3/20 (time: 293.4s)
2026-03-10 23:03:35,572 | INFO |   Train -> loss: 1.230805 | acc: 0.409143
2026-03-10 23:03:35,572 | INFO |   Val   -> loss: 1.106716 | acc: 0.508773 | f1_macro: 0.513652
2026-03-10 23:03:35,575 | INFO | Saved best checkpoint: /home/s466553/Master_thesis/Main/checkpoints/lstm_ts_500_f1_macro_season.pt
2026-03-10 23:08:29,899 | INFO | Epoch 4/20 (time: 294.3s)
2026-03-10 23:08:29,899 | INFO |   Train -> loss: 1.084650 | acc: 0.522489
2026-03-10 23:08:29,899 | INFO |   Val   -> loss: 1.044373 | acc: 0.531920 | f1_macro: 0.539554
2026-03-10 23:08:29,904 | INFO | Saved best checkpoint: /home/s466553/Master_thesis/Main/checkpoints/lstm_ts_500_f1_macro_season.pt
2026-03-10 23:13:23,717 | INFO | Epoch 5/20 (time: 293.8s)
2026-03-10 23:13:23,717 | INFO |   Train -> loss: 1.035920 | acc: 0.548597
2026-03-10 23:13:23,717 | INFO |   Val   -> loss: 0.975351 | acc: 0.583880 | f1_macro: 0.584656
2026-03-10 23:13:23,721 | INFO | Saved best checkpoint: /home/s466553/Master_thesis/Main/checkpoints/lstm_ts_500_f1_macro_season.pt
2026-03-10 23:18:17,105 | INFO | Epoch 6/20 (time: 293.4s)
2026-03-10 23:18:17,106 | INFO |   Train -> loss: 0.993525 | acc: 0.573031
2026-03-10 23:18:17,106 | INFO |   Val   -> loss: 0.941040 | acc: 0.588107 | f1_macro: 0.591171
2026-03-10 23:18:17,112 | INFO | Saved best checkpoint: /home/s466553/Master_thesis/Main/checkpoints/lstm_ts_500_f1_macro_season.pt
2026-03-10 23:23:09,979 | INFO | Epoch 7/20 (time: 292.9s)
2026-03-10 23:23:09,980 | INFO |   Train -> loss: 0.973191 | acc: 0.583794
2026-03-10 23:23:09,980 | INFO |   Val   -> loss: 1.023927 | acc: 0.565453 | f1_macro: 0.565879
2026-03-10 23:28:01,245 | INFO | Epoch 8/20 (time: 291.3s)
2026-03-10 23:28:01,245 | INFO |   Train -> loss: 0.961212 | acc: 0.592846
2026-03-10 23:28:01,245 | INFO |   Val   -> loss: 0.905044 | acc: 0.618773 | f1_macro: 0.619291
2026-03-10 23:28:01,249 | INFO | Saved best checkpoint: /home/s466553/Master_thesis/Main/checkpoints/lstm_ts_500_f1_macro_season.pt
2026-03-10 23:32:56,338 | INFO | Epoch 9/20 (time: 295.1s)
2026-03-10 23:32:56,339 | INFO |   Train -> loss: 0.926552 | acc: 0.604851
2026-03-10 23:32:56,339 | INFO |   Val   -> loss: 0.929755 | acc: 0.590680 | f1_macro: 0.592823
2026-03-10 23:37:49,684 | INFO | Epoch 10/20 (time: 293.3s)
2026-03-10 23:37:49,684 | INFO |   Train -> loss: 0.917253 | acc: 0.611603
2026-03-10 23:37:49,684 | INFO |   Val   -> loss: 0.884471 | acc: 0.625213 | f1_macro: 0.623689
2026-03-10 23:37:49,688 | INFO | Saved best checkpoint: /home/s466553/Master_thesis/Main/checkpoints/lstm_ts_500_f1_macro_season.pt
2026-03-10 23:42:44,765 | INFO | Epoch 11/20 (time: 295.1s)
2026-03-10 23:42:44,767 | INFO |   Train -> loss: 0.882148 | acc: 0.629563
2026-03-10 23:42:44,767 | INFO |   Val   -> loss: 0.845067 | acc: 0.647987 | f1_macro: 0.646368
2026-03-10 23:42:44,770 | INFO | Saved best checkpoint: /home/s466553/Master_thesis/Main/checkpoints/lstm_ts_500_f1_macro_season.pt
2026-03-10 23:47:38,125 | INFO | Epoch 12/20 (time: 293.4s)
2026-03-10 23:47:38,125 | INFO |   Train -> loss: 0.862010 | acc: 0.643411
2026-03-10 23:47:38,125 | INFO |   Val   -> loss: 0.923397 | acc: 0.600347 | f1_macro: 0.604520
2026-03-10 23:52:30,221 | INFO | Epoch 13/20 (time: 292.1s)
2026-03-10 23:52:30,221 | INFO |   Train -> loss: 0.815952 | acc: 0.671294
2026-03-10 23:52:30,221 | INFO |   Val   -> loss: 0.709778 | acc: 0.725147 | f1_macro: 0.722741
2026-03-10 23:52:30,225 | INFO | Saved best checkpoint: /home/s466553/Master_thesis/Main/checkpoints/lstm_ts_500_f1_macro_season.pt
2026-03-10 23:57:25,458 | INFO | Epoch 14/20 (time: 295.2s)
2026-03-10 23:57:25,458 | INFO |   Train -> loss: 0.872970 | acc: 0.637023
2026-03-10 23:57:25,458 | INFO |   Val   -> loss: 0.929489 | acc: 0.609293 | f1_macro: 0.610500
2026-03-11 00:02:20,219 | INFO | Epoch 15/20 (time: 294.8s)
2026-03-11 00:02:20,223 | INFO |   Train -> loss: 0.925319 | acc: 0.611106
2026-03-11 00:02:20,223 | INFO |   Val   -> loss: 0.815844 | acc: 0.670813 | f1_macro: 0.662707
2026-03-11 00:07:14,290 | INFO | Epoch 16/20 (time: 294.1s)
2026-03-11 00:07:14,293 | INFO |   Train -> loss: 0.912769 | acc: 0.613317
2026-03-11 00:07:14,293 | INFO |   Val   -> loss: 0.823256 | acc: 0.660947 | f1_macro: 0.655374
2026-03-11 00:12:08,476 | INFO | Epoch 17/20 (time: 294.2s)
2026-03-11 00:12:08,479 | INFO |   Train -> loss: 0.861695 | acc: 0.645380
2026-03-11 00:12:08,479 | INFO |   Val   -> loss: 0.815979 | acc: 0.665667 | f1_macro: 0.666792
2026-03-11 00:17:02,893 | INFO | Epoch 18/20 (time: 294.4s)
2026-03-11 00:17:02,896 | INFO |   Train -> loss: 0.854063 | acc: 0.649186
2026-03-11 00:17:02,896 | INFO |   Val   -> loss: 0.761213 | acc: 0.701413 | f1_macro: 0.693892
2026-03-11 00:17:02,900 | INFO | Early stopping (patience=5)
2026-03-11 00:17:02,900 | INFO | Saved training log CSV: /home/s466553/Master_thesis/Main/results/lstm_ts_500_f1_macro_season_training.csv
2026-03-11 00:17:02,900 | INFO | Done.

=========================================
Finished experiment: seasonality
Job finished at: Wed Mar 11 12:17:03 AM CET 2026
=========================================
