=========================================
Job started at: Sun Feb 22 08:15:47 PM CET 2026
Job ID: 2320267
Node: jn101
=========================================
Activating virtual environment...

GPU Information:
name, memory.total [MiB], memory.free [MiB]
NVIDIA L40, 49140 MiB, 48514 MiB

Starting training...
Running 12 experiment(s): 4 model(s) × 1 dataset(s) × 3 metric(s)
Models: ['cnn', 'cnn_lstm', 'gru', 'lstm']
Datasets: ['ts_500']
Metrics: ['acc', 'f1_macro', 'balanced_accuracy']
2026-02-22 20:15:50,277 | INFO | Run name: cnn_ts_500_acc
2026-02-22 20:15:50,277 | INFO | Dataset: ts_500 | Model: cnn | Metric: acc
2026-02-22 20:15:50,277 | INFO | Checkpoint: /home/s466553/Master_thesis/Main/checkpoints/cnn_ts_500_acc.pt
2026-02-22 20:15:50,277 | INFO | Results CSV: /home/s466553/Master_thesis/Main/results/cnn_ts_500_acc_training.csv
Split files already exist. Using existing:
  /home/s466553/Master_thesis/Main/dataset/ts_500/ts_500_train.csv
  /home/s466553/Master_thesis/Main/dataset/ts_500/ts_500_val.csv
  /home/s466553/Master_thesis/Main/dataset/ts_500/ts_500_test.csv
2026-02-22 20:15:50,368 | INFO | Device: cuda
