Traceback (most recent call last):
  File "/home/s466553/Master_thesis/Main/training/train.py", line 286, in <module>
    main()
    ~~~~^^
  File "/home/s466553/Master_thesis/Main/training/train.py", line 282, in main
    run_experiment(dataset_name, model_name, metric_name, args)
    ~~~~~~~~~~~~~~^^^^^^^^^^^^^^^^^^^^^^^^^^^^^^^^^^^^^^^^^^^^^
  File "/home/s466553/Master_thesis/Main/training/train.py", line 184, in run_experiment
    train_loss, train_acc, _, _ = run_epoch(
                                  ~~~~~~~~~^
        model=model,
        ^^^^^^^^^^^^
    ...<4 lines>...
        args=args,
        ^^^^^^^^^^
    )
    ^
  File "/home/s466553/Master_thesis/Main/training/train.py", line 77, in run_epoch
    x = apply_forcing(
        x,
    ...<4 lines>...
        season_period=args.season_period,
    )
  File "/home/s466553/Master_thesis/Main/src/signal_injector.py", line 45, in apply_forcing
    x = add_realistic_seasonality(x, season_amp, season_period)
  File "/home/s466553/Master_thesis/Main/src/signal_injector.py", line 33, in add_realistic_seasonality
    return x + season + noise
           ~~^~~~~~~~
  File "/home/s466553/Master_thesis/myenv/lib/python3.13/site-packages/torch/_tensor.py", line 1253, in __array__
    return self.numpy()
           ~~~~~~~~~~^^
TypeError: can't convert cuda:0 device type tensor to numpy. Use Tensor.cpu() to copy the tensor to host memory first.
