=========================================
Job started at: Wed Mar 11 01:26:54 PM CET 2026
Job ID: 2387752
Array Task ID: 1
Node: jn011
=========================================
Activating virtual environment...

GPU Information:
name, memory.total [MiB], memory.free [MiB]
NVIDIA L40, 49140 MiB, 48514 MiB

Running experiment: trend
Command: python3 training/train.py --model lstm --dataset ts_500 --metric f1_macro --epochs 20 --early_stop --patience 5 --seq_len 500 --data_seed 42 --trend
Running 1 experiment(s): 1 model(s) × 1 dataset(s) × 1 metric(s)
Models: ['lstm']
Datasets: ['ts_500']
Metrics: ['f1_macro']
2026-03-11 13:26:57,548 | INFO | Run name: lstm_ts_500_f1_macro_trend
2026-03-11 13:26:57,549 | INFO | Dataset: ts_500 | Model: lstm | Metric: f1_macro
2026-03-11 13:26:57,549 | INFO | Trend: True | Seasonality: False
2026-03-11 13:26:57,549 | INFO | Checkpoint: /home/s466553/Master_thesis/Main/checkpoints/lstm_ts_500_f1_macro_trend.pt
2026-03-11 13:26:57,549 | INFO | Results CSV: /home/s466553/Master_thesis/Main/results/lstm_ts_500_f1_macro_trend_training.csv
Split files already exist. Using existing:
  /home/s466553/Master_thesis/Main/dataset/ts_500/ts_500_train.csv
  /home/s466553/Master_thesis/Main/dataset/ts_500/ts_500_val.csv
  /home/s466553/Master_thesis/Main/dataset/ts_500/ts_500_test.csv
2026-03-11 13:26:57,639 | INFO | Device: cuda
2026-03-11 13:31:07,344 | INFO | Epoch 1/20 (time: 247.9s)
2026-03-11 13:31:07,346 | INFO |   Train -> loss: 1.313741 | acc: 0.351194
2026-03-11 13:31:07,347 | INFO |   Val   -> loss: 1.279605 | acc: 0.385920 | f1_macro: 0.336244
2026-03-11 13:31:07,354 | INFO | Saved best checkpoint: /home/s466553/Master_thesis/Main/checkpoints/lstm_ts_500_f1_macro_trend.pt
2026-03-11 13:35:13,039 | INFO | Epoch 2/20 (time: 245.7s)
2026-03-11 13:35:13,044 | INFO |   Train -> loss: 1.314290 | acc: 0.351757
2026-03-11 13:35:13,044 | INFO |   Val   -> loss: 1.363593 | acc: 0.312693 | f1_macro: 0.236511
2026-03-11 13:39:17,879 | INFO | Epoch 3/20 (time: 244.8s)
2026-03-11 13:39:17,886 | INFO |   Train -> loss: 1.335290 | acc: 0.347774
2026-03-11 13:39:17,886 | INFO |   Val   -> loss: 1.270964 | acc: 0.389240 | f1_macro: 0.372824
2026-03-11 13:39:17,891 | INFO | Saved best checkpoint: /home/s466553/Master_thesis/Main/checkpoints/lstm_ts_500_f1_macro_trend.pt
2026-03-11 13:43:22,251 | INFO | Epoch 4/20 (time: 244.4s)
2026-03-11 13:43:22,258 | INFO |   Train -> loss: 1.260327 | acc: 0.389346
2026-03-11 13:43:22,259 | INFO |   Val   -> loss: 1.175601 | acc: 0.456320 | f1_macro: 0.433796
2026-03-11 13:43:22,263 | INFO | Saved best checkpoint: /home/s466553/Master_thesis/Main/checkpoints/lstm_ts_500_f1_macro_trend.pt
2026-03-11 13:47:26,454 | INFO | Epoch 5/20 (time: 244.2s)
2026-03-11 13:47:26,460 | INFO |   Train -> loss: 1.046187 | acc: 0.523877
2026-03-11 13:47:26,462 | INFO |   Val   -> loss: 0.862339 | acc: 0.642000 | f1_macro: 0.638695
2026-03-11 13:47:26,467 | INFO | Saved best checkpoint: /home/s466553/Master_thesis/Main/checkpoints/lstm_ts_500_f1_macro_trend.pt
2026-03-11 13:51:31,042 | INFO | Epoch 6/20 (time: 244.6s)
2026-03-11 13:51:31,046 | INFO |   Train -> loss: 0.865579 | acc: 0.645197
2026-03-11 13:51:31,047 | INFO |   Val   -> loss: 0.760545 | acc: 0.697213 | f1_macro: 0.696182
2026-03-11 13:51:31,071 | INFO | Saved best checkpoint: /home/s466553/Master_thesis/Main/checkpoints/lstm_ts_500_f1_macro_trend.pt
2026-03-11 13:55:33,883 | INFO | Epoch 7/20 (time: 242.8s)
2026-03-11 13:55:33,888 | INFO |   Train -> loss: 0.797927 | acc: 0.676074
2026-03-11 13:55:33,888 | INFO |   Val   -> loss: 0.740271 | acc: 0.695813 | f1_macro: 0.696887
2026-03-11 13:55:33,891 | INFO | Saved best checkpoint: /home/s466553/Master_thesis/Main/checkpoints/lstm_ts_500_f1_macro_trend.pt
2026-03-11 13:59:36,362 | INFO | Epoch 8/20 (time: 242.5s)
2026-03-11 13:59:36,368 | INFO |   Train -> loss: 0.733170 | acc: 0.708157
2026-03-11 13:59:36,368 | INFO |   Val   -> loss: 0.679596 | acc: 0.728240 | f1_macro: 0.728407
2026-03-11 13:59:36,375 | INFO | Saved best checkpoint: /home/s466553/Master_thesis/Main/checkpoints/lstm_ts_500_f1_macro_trend.pt
2026-03-11 14:03:40,274 | INFO | Epoch 9/20 (time: 243.9s)
2026-03-11 14:03:40,278 | INFO |   Train -> loss: 0.702756 | acc: 0.725037
2026-03-11 14:03:40,279 | INFO |   Val   -> loss: 0.628603 | acc: 0.754547 | f1_macro: 0.753965
2026-03-11 14:03:40,283 | INFO | Saved best checkpoint: /home/s466553/Master_thesis/Main/checkpoints/lstm_ts_500_f1_macro_trend.pt
2026-03-11 14:07:43,797 | INFO | Epoch 10/20 (time: 243.5s)
2026-03-11 14:07:43,803 | INFO |   Train -> loss: 0.656960 | acc: 0.744451
2026-03-11 14:07:43,803 | INFO |   Val   -> loss: 0.605987 | acc: 0.763507 | f1_macro: 0.762771
2026-03-11 14:07:43,814 | INFO | Saved best checkpoint: /home/s466553/Master_thesis/Main/checkpoints/lstm_ts_500_f1_macro_trend.pt
2026-03-11 14:11:49,076 | INFO | Epoch 11/20 (time: 245.3s)
2026-03-11 14:11:49,079 | INFO |   Train -> loss: 0.616902 | acc: 0.761326
2026-03-11 14:11:49,080 | INFO |   Val   -> loss: 0.615088 | acc: 0.752840 | f1_macro: 0.752471
2026-03-11 14:15:53,661 | INFO | Epoch 12/20 (time: 244.6s)
2026-03-11 14:15:53,665 | INFO |   Train -> loss: 0.582066 | acc: 0.774997
2026-03-11 14:15:53,666 | INFO |   Val   -> loss: 0.512520 | acc: 0.804027 | f1_macro: 0.802211
2026-03-11 14:15:53,671 | INFO | Saved best checkpoint: /home/s466553/Master_thesis/Main/checkpoints/lstm_ts_500_f1_macro_trend.pt
2026-03-11 14:19:58,348 | INFO | Epoch 13/20 (time: 244.7s)
2026-03-11 14:19:58,350 | INFO |   Train -> loss: 0.538786 | acc: 0.795843
2026-03-11 14:19:58,350 | INFO |   Val   -> loss: 0.479098 | acc: 0.817947 | f1_macro: 0.816623
2026-03-11 14:19:58,355 | INFO | Saved best checkpoint: /home/s466553/Master_thesis/Main/checkpoints/lstm_ts_500_f1_macro_trend.pt
2026-03-11 14:24:03,337 | INFO | Epoch 14/20 (time: 245.0s)
2026-03-11 14:24:03,341 | INFO |   Train -> loss: 0.506201 | acc: 0.810483
2026-03-11 14:24:03,341 | INFO |   Val   -> loss: 0.471087 | acc: 0.820680 | f1_macro: 0.818883
2026-03-11 14:24:03,344 | INFO | Saved best checkpoint: /home/s466553/Master_thesis/Main/checkpoints/lstm_ts_500_f1_macro_trend.pt
2026-03-11 14:28:08,451 | INFO | Epoch 15/20 (time: 245.1s)
2026-03-11 14:28:08,455 | INFO |   Train -> loss: 0.485964 | acc: 0.818094
2026-03-11 14:28:08,456 | INFO |   Val   -> loss: 0.442433 | acc: 0.833000 | f1_macro: 0.830663
2026-03-11 14:28:08,459 | INFO | Saved best checkpoint: /home/s466553/Master_thesis/Main/checkpoints/lstm_ts_500_f1_macro_trend.pt
2026-03-11 14:32:13,150 | INFO | Epoch 16/20 (time: 244.7s)
2026-03-11 14:32:13,155 | INFO |   Train -> loss: 0.476256 | acc: 0.821860
2026-03-11 14:32:13,155 | INFO |   Val   -> loss: 0.440657 | acc: 0.834267 | f1_macro: 0.832601
2026-03-11 14:32:13,158 | INFO | Saved best checkpoint: /home/s466553/Master_thesis/Main/checkpoints/lstm_ts_500_f1_macro_trend.pt
2026-03-11 14:36:17,178 | INFO | Epoch 17/20 (time: 244.0s)
2026-03-11 14:36:17,182 | INFO |   Train -> loss: 0.460715 | acc: 0.827709
2026-03-11 14:36:17,182 | INFO |   Val   -> loss: 0.426580 | acc: 0.838733 | f1_macro: 0.836877
2026-03-11 14:36:17,186 | INFO | Saved best checkpoint: /home/s466553/Master_thesis/Main/checkpoints/lstm_ts_500_f1_macro_trend.pt
2026-03-11 14:40:21,334 | INFO | Epoch 18/20 (time: 244.1s)
2026-03-11 14:40:21,339 | INFO |   Train -> loss: 0.451103 | acc: 0.831894
2026-03-11 14:40:21,339 | INFO |   Val   -> loss: 0.423039 | acc: 0.840067 | f1_macro: 0.837962
2026-03-11 14:40:21,344 | INFO | Saved best checkpoint: /home/s466553/Master_thesis/Main/checkpoints/lstm_ts_500_f1_macro_trend.pt
2026-03-11 14:44:26,049 | INFO | Epoch 19/20 (time: 244.7s)
2026-03-11 14:44:26,054 | INFO |   Train -> loss: 0.439331 | acc: 0.836377
2026-03-11 14:44:26,054 | INFO |   Val   -> loss: 0.420614 | acc: 0.841813 | f1_macro: 0.840361
2026-03-11 14:44:26,057 | INFO | Saved best checkpoint: /home/s466553/Master_thesis/Main/checkpoints/lstm_ts_500_f1_macro_trend.pt
2026-03-11 14:48:30,736 | INFO | Epoch 20/20 (time: 244.7s)
2026-03-11 14:48:30,744 | INFO |   Train -> loss: 0.431578 | acc: 0.839277
2026-03-11 14:48:30,744 | INFO |   Val   -> loss: 0.405746 | acc: 0.847987 | f1_macro: 0.846355
2026-03-11 14:48:30,748 | INFO | Saved best checkpoint: /home/s466553/Master_thesis/Main/checkpoints/lstm_ts_500_f1_macro_trend.pt
2026-03-11 14:48:30,750 | INFO | Saved training log CSV: /home/s466553/Master_thesis/Main/results/lstm_ts_500_f1_macro_trend_training.csv
2026-03-11 14:48:30,750 | INFO | Done.

=========================================
Finished experiment: trend
Job finished at: Wed Mar 11 02:48:31 PM CET 2026
=========================================
