=========================================
Job started at: Thu Feb 19 11:53:39 PM CET 2026
Job ID: 2313720
Node: jnfat03
=========================================
Activating virtual environment...

GPU Information:
name, memory.total [MiB], memory.free [MiB]
NVIDIA L40S, 46068 MiB, 45460 MiB

Starting training...
Running 12 experiment(s): 4 model(s) × 1 dataset(s) × 3 metric(s)
Models: ['cnn', 'cnn_lstm', 'gru', 'lstm']
Datasets: ['ts_500']
Metrics: ['acc', 'f1_macro', 'balanced_accuracy']
2026-02-19 23:53:42,537 | INFO | Run name: cnn_ts_500_acc
2026-02-19 23:53:42,539 | INFO | Dataset: ts_500 | Model: cnn | Metric: acc
2026-02-19 23:53:42,540 | INFO | Checkpoint: /home/s466553/Master_thesis/Main/checkpoints/cnn_ts_500_acc.pt
2026-02-19 23:53:42,541 | INFO | Results CSV: /home/s466553/Master_thesis/Main/results/cnn_ts_500_acc_training.csv
Split files already exist. Using existing:
  /home/s466553/Master_thesis/Main/dataset/ts_500/ts_500_train.csv
  /home/s466553/Master_thesis/Main/dataset/ts_500/ts_500_val.csv
  /home/s466553/Master_thesis/Main/dataset/ts_500/ts_500_test.csv
2026-02-19 23:53:42,628 | INFO | Device: cuda
2026-02-19 23:58:21,907 | INFO | Epoch 1/20 (time: 278.0s)
2026-02-19 23:58:21,916 | INFO |   Train -> loss: 1.144131 | acc: 0.469866
2026-02-19 23:58:21,917 | INFO |   Val   -> loss: 1.578101 | acc: 0.321093 | acc: 0.321093
2026-02-19 23:58:21,925 | INFO |  Saved best checkpoint: /home/s466553/Master_thesis/Main/checkpoints/cnn_ts_500_acc.pt
2026-02-20 00:02:47,829 | INFO | Epoch 2/20 (time: 265.9s)
2026-02-20 00:02:47,835 | INFO |   Train -> loss: 1.035803 | acc: 0.538149
2026-02-20 00:02:47,835 | INFO |   Val   -> loss: 1.522742 | acc: 0.361907 | acc: 0.361907
2026-02-20 00:02:47,839 | INFO |  Saved best checkpoint: /home/s466553/Master_thesis/Main/checkpoints/cnn_ts_500_acc.pt
2026-02-20 00:07:14,063 | INFO | Epoch 3/20 (time: 266.2s)
2026-02-20 00:07:14,068 | INFO |   Train -> loss: 1.008979 | acc: 0.550394
2026-02-20 00:07:14,069 | INFO |   Val   -> loss: 1.488239 | acc: 0.358747 | acc: 0.358747
2026-02-20 00:11:43,797 | INFO | Epoch 4/20 (time: 269.7s)
2026-02-20 00:11:43,804 | INFO |   Train -> loss: 0.994717 | acc: 0.556174
2026-02-20 00:11:43,804 | INFO |   Val   -> loss: 1.473339 | acc: 0.363093 | acc: 0.363093
2026-02-20 00:11:43,807 | INFO |  Saved best checkpoint: /home/s466553/Master_thesis/Main/checkpoints/cnn_ts_500_acc.pt
2026-02-20 00:16:13,632 | INFO | Epoch 5/20 (time: 269.8s)
2026-02-20 00:16:13,638 | INFO |   Train -> loss: 0.981609 | acc: 0.564231
2026-02-20 00:16:13,638 | INFO |   Val   -> loss: 1.467337 | acc: 0.364693 | acc: 0.364693
2026-02-20 00:16:13,644 | INFO |  Saved best checkpoint: /home/s466553/Master_thesis/Main/checkpoints/cnn_ts_500_acc.pt
2026-02-20 00:20:46,038 | INFO | Epoch 6/20 (time: 272.4s)
2026-02-20 00:20:46,044 | INFO |   Train -> loss: 0.964151 | acc: 0.578214
2026-02-20 00:20:46,044 | INFO |   Val   -> loss: 1.432662 | acc: 0.366040 | acc: 0.366040
2026-02-20 00:20:46,049 | INFO |  Saved best checkpoint: /home/s466553/Master_thesis/Main/checkpoints/cnn_ts_500_acc.pt
2026-02-20 00:25:18,856 | INFO | Epoch 7/20 (time: 272.8s)
2026-02-20 00:25:18,862 | INFO |   Train -> loss: 0.941472 | acc: 0.593003
2026-02-20 00:25:18,862 | INFO |   Val   -> loss: 1.423436 | acc: 0.368427 | acc: 0.368427
2026-02-20 00:25:18,866 | INFO |  Saved best checkpoint: /home/s466553/Master_thesis/Main/checkpoints/cnn_ts_500_acc.pt
2026-02-20 00:29:49,501 | INFO | Epoch 8/20 (time: 270.6s)
2026-02-20 00:29:49,508 | INFO |   Train -> loss: 0.911986 | acc: 0.610743
2026-02-20 00:29:49,508 | INFO |   Val   -> loss: 1.417571 | acc: 0.372053 | acc: 0.372053
2026-02-20 00:29:49,511 | INFO |  Saved best checkpoint: /home/s466553/Master_thesis/Main/checkpoints/cnn_ts_500_acc.pt
2026-02-20 00:34:26,807 | INFO | Epoch 9/20 (time: 277.3s)
2026-02-20 00:34:26,813 | INFO |   Train -> loss: 0.878228 | acc: 0.630791
2026-02-20 00:34:26,813 | INFO |   Val   -> loss: 1.403706 | acc: 0.374107 | acc: 0.374107
2026-02-20 00:34:26,817 | INFO |  Saved best checkpoint: /home/s466553/Master_thesis/Main/checkpoints/cnn_ts_500_acc.pt
2026-02-20 00:38:57,960 | INFO | Epoch 10/20 (time: 271.1s)
2026-02-20 00:38:57,974 | INFO |   Train -> loss: 0.851061 | acc: 0.645526
2026-02-20 00:38:57,975 | INFO |   Val   -> loss: 1.426179 | acc: 0.375920 | acc: 0.375920
2026-02-20 00:38:57,990 | INFO |  Saved best checkpoint: /home/s466553/Master_thesis/Main/checkpoints/cnn_ts_500_acc.pt
2026-02-20 00:43:28,515 | INFO | Epoch 11/20 (time: 270.5s)
2026-02-20 00:43:28,521 | INFO |   Train -> loss: 0.827287 | acc: 0.658594
2026-02-20 00:43:28,522 | INFO |   Val   -> loss: 1.440821 | acc: 0.378187 | acc: 0.378187
2026-02-20 00:43:28,526 | INFO |  Saved best checkpoint: /home/s466553/Master_thesis/Main/checkpoints/cnn_ts_500_acc.pt
2026-02-20 00:48:00,489 | INFO | Epoch 12/20 (time: 272.0s)
2026-02-20 00:48:00,497 | INFO |   Train -> loss: 0.806271 | acc: 0.670089
2026-02-20 00:48:00,498 | INFO |   Val   -> loss: 1.443855 | acc: 0.380427 | acc: 0.380427
2026-02-20 00:48:00,504 | INFO |  Saved best checkpoint: /home/s466553/Master_thesis/Main/checkpoints/cnn_ts_500_acc.pt
2026-02-20 00:52:40,679 | INFO | Epoch 13/20 (time: 280.2s)
2026-02-20 00:52:40,793 | INFO |   Train -> loss: 0.791439 | acc: 0.679194
2026-02-20 00:52:40,793 | INFO |   Val   -> loss: 1.471987 | acc: 0.382827 | acc: 0.382827
2026-02-20 00:52:40,819 | INFO |  Saved best checkpoint: /home/s466553/Master_thesis/Main/checkpoints/cnn_ts_500_acc.pt
2026-02-20 00:57:20,236 | INFO | Epoch 14/20 (time: 279.4s)
2026-02-20 00:57:20,243 | INFO |   Train -> loss: 0.775617 | acc: 0.687089
2026-02-20 00:57:20,243 | INFO |   Val   -> loss: 1.440417 | acc: 0.384760 | acc: 0.384760
2026-02-20 00:57:20,247 | INFO |  Saved best checkpoint: /home/s466553/Master_thesis/Main/checkpoints/cnn_ts_500_acc.pt
2026-02-20 01:01:33,825 | INFO | Epoch 15/20 (time: 253.6s)
2026-02-20 01:01:33,829 | INFO |   Train -> loss: 0.763225 | acc: 0.693889
2026-02-20 01:01:33,829 | INFO |   Val   -> loss: 1.439976 | acc: 0.388627 | acc: 0.388627
2026-02-20 01:01:33,832 | INFO |  Saved best checkpoint: /home/s466553/Master_thesis/Main/checkpoints/cnn_ts_500_acc.pt
2026-02-20 01:05:38,872 | INFO | Epoch 16/20 (time: 245.0s)
2026-02-20 01:05:38,878 | INFO |   Train -> loss: 0.753554 | acc: 0.697814
2026-02-20 01:05:38,878 | INFO |   Val   -> loss: 1.391335 | acc: 0.401747 | acc: 0.401747
2026-02-20 01:05:38,881 | INFO |  Saved best checkpoint: /home/s466553/Master_thesis/Main/checkpoints/cnn_ts_500_acc.pt
2026-02-20 01:09:47,699 | INFO | Epoch 17/20 (time: 248.8s)
2026-02-20 01:09:47,703 | INFO |   Train -> loss: 0.744556 | acc: 0.703069
2026-02-20 01:09:47,703 | INFO |   Val   -> loss: 1.405915 | acc: 0.407853 | acc: 0.407853
2026-02-20 01:09:47,706 | INFO |  Saved best checkpoint: /home/s466553/Master_thesis/Main/checkpoints/cnn_ts_500_acc.pt
2026-02-20 01:13:53,662 | INFO | Epoch 18/20 (time: 246.0s)
2026-02-20 01:13:53,669 | INFO |   Train -> loss: 0.735202 | acc: 0.708137
2026-02-20 01:13:53,669 | INFO |   Val   -> loss: 1.417178 | acc: 0.407013 | acc: 0.407013
2026-02-20 01:18:00,540 | INFO | Epoch 19/20 (time: 246.9s)
2026-02-20 01:18:00,544 | INFO |   Train -> loss: 0.725574 | acc: 0.712437
2026-02-20 01:18:00,544 | INFO |   Val   -> loss: 1.429149 | acc: 0.403467 | acc: 0.403467
2026-02-20 01:22:06,885 | INFO | Epoch 20/20 (time: 246.3s)
2026-02-20 01:22:06,890 | INFO |   Train -> loss: 0.718766 | acc: 0.715334
2026-02-20 01:22:06,890 | INFO |   Val   -> loss: 1.426190 | acc: 0.409893 | acc: 0.409893
2026-02-20 01:22:06,896 | INFO |  Saved best checkpoint: /home/s466553/Master_thesis/Main/checkpoints/cnn_ts_500_acc.pt
2026-02-20 01:22:06,899 | INFO | Saved training log CSV: /home/s466553/Master_thesis/Main/results/cnn_ts_500_acc_training.csv
2026-02-20 01:22:06,899 | INFO | Done.
2026-02-20 01:22:06,902 | INFO | Run name: cnn_ts_500_f1_macro
2026-02-20 01:22:06,902 | INFO | Dataset: ts_500 | Model: cnn | Metric: f1_macro
2026-02-20 01:22:06,902 | INFO | Checkpoint: /home/s466553/Master_thesis/Main/checkpoints/cnn_ts_500_f1_macro.pt
2026-02-20 01:22:06,902 | INFO | Results CSV: /home/s466553/Master_thesis/Main/results/cnn_ts_500_f1_macro_training.csv
Split files already exist. Using existing:
  /home/s466553/Master_thesis/Main/dataset/ts_500/ts_500_train.csv
  /home/s466553/Master_thesis/Main/dataset/ts_500/ts_500_val.csv
  /home/s466553/Master_thesis/Main/dataset/ts_500/ts_500_test.csv
2026-02-20 01:22:06,903 | INFO | Device: cuda
2026-02-20 01:26:12,000 | INFO | Epoch 1/20 (time: 245.1s)
2026-02-20 01:26:12,006 | INFO |   Train -> loss: 1.125976 | acc: 0.483883
2026-02-20 01:26:12,006 | INFO |   Val   -> loss: 1.570734 | acc: 0.340560 | f1_macro: 0.259618
2026-02-20 01:26:12,009 | INFO |  Saved best checkpoint: /home/s466553/Master_thesis/Main/checkpoints/cnn_ts_500_f1_macro.pt
2026-02-20 01:30:47,018 | INFO | Epoch 2/20 (time: 275.0s)
2026-02-20 01:30:47,027 | INFO |   Train -> loss: 1.021402 | acc: 0.545123
2026-02-20 01:30:47,028 | INFO |   Val   -> loss: 1.514934 | acc: 0.357160 | f1_macro: 0.277366
2026-02-20 01:30:47,031 | INFO |  Saved best checkpoint: /home/s466553/Master_thesis/Main/checkpoints/cnn_ts_500_f1_macro.pt
2026-02-20 01:35:30,999 | INFO | Epoch 3/20 (time: 284.0s)
2026-02-20 01:35:31,003 | INFO |   Train -> loss: 0.998563 | acc: 0.554931
2026-02-20 01:35:31,003 | INFO |   Val   -> loss: 1.476950 | acc: 0.359600 | f1_macro: 0.278809
2026-02-20 01:35:31,009 | INFO |  Saved best checkpoint: /home/s466553/Master_thesis/Main/checkpoints/cnn_ts_500_f1_macro.pt
2026-02-20 01:40:14,929 | INFO | Epoch 4/20 (time: 283.9s)
2026-02-20 01:40:14,935 | INFO |   Train -> loss: 0.982791 | acc: 0.562720
2026-02-20 01:40:14,935 | INFO |   Val   -> loss: 1.461414 | acc: 0.363693 | f1_macro: 0.281327
2026-02-20 01:40:14,938 | INFO |  Saved best checkpoint: /home/s466553/Master_thesis/Main/checkpoints/cnn_ts_500_f1_macro.pt
2026-02-20 01:44:35,759 | INFO | Epoch 5/20 (time: 260.8s)
2026-02-20 01:44:35,766 | INFO |   Train -> loss: 0.961169 | acc: 0.578666
2026-02-20 01:44:35,767 | INFO |   Val   -> loss: 1.486678 | acc: 0.364453 | f1_macro: 0.283015
2026-02-20 01:44:35,770 | INFO |  Saved best checkpoint: /home/s466553/Master_thesis/Main/checkpoints/cnn_ts_500_f1_macro.pt
2026-02-20 01:48:47,083 | INFO | Epoch 6/20 (time: 251.3s)
2026-02-20 01:48:47,088 | INFO |   Train -> loss: 0.937460 | acc: 0.594777
2026-02-20 01:48:47,088 | INFO |   Val   -> loss: 1.452909 | acc: 0.369147 | f1_macro: 0.286379
2026-02-20 01:48:47,091 | INFO |  Saved best checkpoint: /home/s466553/Master_thesis/Main/checkpoints/cnn_ts_500_f1_macro.pt
2026-02-20 01:52:57,852 | INFO | Epoch 7/20 (time: 250.8s)
2026-02-20 01:52:57,857 | INFO |   Train -> loss: 0.907444 | acc: 0.614217
2026-02-20 01:52:57,858 | INFO |   Val   -> loss: 1.416781 | acc: 0.371867 | f1_macro: 0.288575
2026-02-20 01:52:57,860 | INFO |  Saved best checkpoint: /home/s466553/Master_thesis/Main/checkpoints/cnn_ts_500_f1_macro.pt
